[01m[K/workspace/src/acre_ctrl/src/common/sportmode_driver.cpp:[m[K In member function ‘[01m[Kvoid Go2SportClientNode::start_sequence(std::shared_ptr<acre_ctrl::srv::Go2StartSequence_Request_<std::allocator<void> > >, std::shared_ptr<acre_ctrl::srv::Go2StartSequence_Response_<std::allocator<void> > >)[m[K’:
[01m[K/workspace/src/acre_ctrl/src/common/sportmode_driver.cpp:85:33:[m[K [01;31m[Kerror: [m[Kunable to find numeric literal operator ‘[01m[Koperator""f[m[K’
   85 |         sport_client_.Move(req, [01;31m[K0f[m[K, 0f, 0.5f);
      |                                 [01;31m[K^~[m[K
[01m[K/workspace/src/acre_ctrl/src/common/sportmode_driver.cpp:85:37:[m[K [01;31m[Kerror: [m[Kunable to find numeric literal operator ‘[01m[Koperator""f[m[K’
   85 |         sport_client_.Move(req, 0f, [01;31m[K0f[m[K, 0.5f);
      |                                     [01;31m[K^~[m[K
[01m[K/workspace/src/acre_ctrl/src/common/sportmode_driver.cpp:86:33:[m[K [01;31m[Kerror: [m[Kunable to find numeric literal operator ‘[01m[Koperator""f[m[K’
   86 |         sport_client_.Move(req, [01;31m[K0f[m[K, 0f, 0.5f);
      |                                 [01;31m[K^~[m[K
[01m[K/workspace/src/acre_ctrl/src/common/sportmode_driver.cpp:86:37:[m[K [01;31m[Kerror: [m[Kunable to find numeric literal operator ‘[01m[Koperator""f[m[K’
   86 |         sport_client_.Move(req, 0f, [01;31m[K0f[m[K, 0.5f);
      |                                     [01;31m[K^~[m[K
[01m[K/workspace/src/acre_ctrl/src/common/sportmode_driver.cpp:87:33:[m[K [01;31m[Kerror: [m[Kunable to find numeric literal operator ‘[01m[Koperator""f[m[K’
   87 |         sport_client_.Move(req, [01;31m[K0f[m[K, 0f, 0.5f);
      |                                 [01;31m[K^~[m[K
[01m[K/workspace/src/acre_ctrl/src/common/sportmode_driver.cpp:87:37:[m[K [01;31m[Kerror: [m[Kunable to find numeric literal operator ‘[01m[Koperator""f[m[K’
   87 |         sport_client_.Move(req, 0f, [01;31m[K0f[m[K, 0.5f);
      |                                     [01;31m[K^~[m[K
[01m[K/workspace/src/acre_ctrl/src/common/sportmode_driver.cpp:88:33:[m[K [01;31m[Kerror: [m[Kunable to find numeric literal operator ‘[01m[Koperator""f[m[K’
   88 |         sport_client_.Move(req, [01;31m[K0f[m[K, 0f, 0.5f);
      |                                 [01;31m[K^~[m[K
[01m[K/workspace/src/acre_ctrl/src/common/sportmode_driver.cpp:88:37:[m[K [01;31m[Kerror: [m[Kunable to find numeric literal operator ‘[01m[Koperator""f[m[K’
   88 |         sport_client_.Move(req, 0f, [01;31m[K0f[m[K, 0.5f);
      |                                     [01;31m[K^~[m[K
[01m[K/workspace/src/acre_ctrl/src/common/sportmode_driver.cpp:89:33:[m[K [01;31m[Kerror: [m[Kunable to find numeric literal operator ‘[01m[Koperator""f[m[K’
   89 |         sport_client_.Move(req, [01;31m[K0f[m[K, 0f, 0.5f);
      |                                 [01;31m[K^~[m[K
[01m[K/workspace/src/acre_ctrl/src/common/sportmode_driver.cpp:89:37:[m[K [01;31m[Kerror: [m[Kunable to find numeric literal operator ‘[01m[Koperator""f[m[K’
   89 |         sport_client_.Move(req, 0f, [01;31m[K0f[m[K, 0.5f);
      |                                     [01;31m[K^~[m[K
[01m[K/workspace/src/acre_ctrl/src/common/sportmode_driver.cpp:90:33:[m[K [01;31m[Kerror: [m[Kunable to find numeric literal operator ‘[01m[Koperator""f[m[K’
   90 |         sport_client_.Move(req, [01;31m[K0f[m[K, 0f, 0.5f);
      |                                 [01;31m[K^~[m[K
[01m[K/workspace/src/acre_ctrl/src/common/sportmode_driver.cpp:90:37:[m[K [01;31m[Kerror: [m[Kunable to find numeric literal operator ‘[01m[Koperator""f[m[K’
   90 |         sport_client_.Move(req, 0f, [01;31m[K0f[m[K, 0.5f);
      |                                     [01;31m[K^~[m[K
[01m[K/workspace/src/acre_ctrl/src/common/sportmode_driver.cpp:91:33:[m[K [01;31m[Kerror: [m[Kunable to find numeric literal operator ‘[01m[Koperator""f[m[K’
   91 |         sport_client_.Move(req, [01;31m[K0f[m[K, 0f, 0.5f);
      |                                 [01;31m[K^~[m[K
[01m[K/workspace/src/acre_ctrl/src/common/sportmode_driver.cpp:91:37:[m[K [01;31m[Kerror: [m[Kunable to find numeric literal operator ‘[01m[Koperator""f[m[K’
   91 |         sport_client_.Move(req, 0f, [01;31m[K0f[m[K, 0.5f);
      |                                     [01;31m[K^~[m[K
gmake[2]: *** [CMakeFiles/sportmode_driver.dir/build.make:76: CMakeFiles/sportmode_driver.dir/src/common/sportmode_driver.cpp.o] Error 1
gmake[1]: *** [CMakeFiles/Makefile2:617: CMakeFiles/sportmode_driver.dir/all] Error 2
gmake: *** [Makefile:146: all] Error 2
