[0.016s] Invoking command in '/workspace/build/acre_ctrl': CMAKE_PREFIX_PATH=${CMAKE_PREFIX_PATH}:/opt/ros/humble /usr/bin/cmake --build /workspace/build/acre_ctrl -- -j16 -l16
[0.083s] -- Found ament_cmake: 1.3.14 (/opt/ros/humble/share/ament_cmake/cmake)
[0.238s] -- Found rclcpp: 16.0.19 (/opt/ros/humble/share/rclcpp/cmake)
[0.305s] -- Found rosidl_generator_c: 3.1.8 (/opt/ros/humble/share/rosidl_generator_c/cmake)
[0.312s] -- Found rosidl_adapter: 3.1.8 (/opt/ros/humble/share/rosidl_adapter/cmake)
[0.326s] -- Found rosidl_generator_cpp: 3.1.8 (/opt/ros/humble/share/rosidl_generator_cpp/cmake)
[0.343s] -- Using all available rosidl_typesupport_c: rosidl_typesupport_fastrtps_c;rosidl_typesupport_introspection_c
[0.366s] -- Using all available rosidl_typesupport_cpp: rosidl_typesupport_fastrtps_cpp;rosidl_typesupport_introspection_cpp
[0.436s] -- Found rmw_implementation_cmake: 6.1.2 (/opt/ros/humble/share/rmw_implementation_cmake/cmake)
[0.442s] -- Found rmw_cyclonedds_cpp: 1.3.4 (/opt/ros/humble/share/rmw_cyclonedds_cpp/cmake)
[0.480s] -- Using RMW implementation 'rmw_cyclonedds_cpp' as default
[0.496s] -- Looking for pthread.h
[0.643s] -- Looking for pthread.h - found
[0.643s] -- Performing Test CMAKE_HAVE_LIBC_PTHREAD
[0.722s] -- Performing Test CMAKE_HAVE_LIBC_PTHREAD - Success
[0.723s] -- Found Threads: TRUE  
[0.770s] -- Found rosidl_default_generators: 1.2.1 (/opt/ros/humble/share/rosidl_default_generators/cmake)
[0.783s] -- Found geometry_msgs: 4.9.1 (/opt/ros/humble/share/geometry_msgs/cmake)
[0.795s] -- Found nav_msgs: 4.9.1 (/opt/ros/humble/share/nav_msgs/cmake)
[0.809s] -- Found unitree_go: 0.0.0 (/opt/unitree_ros2/cyclonedds_ws/install/unitree_go/share/unitree_go/cmake)
[0.821s] -- Found unitree_api: 0.0.0 (/opt/unitree_ros2/cyclonedds_ws/install/unitree_api/share/unitree_api/cmake)
[0.833s] [31mCMake Error at /opt/ros/humble/share/rosidl_cmake/cmake/rosidl_generate_interfaces.cmake:93 (message):
[0.833s]   rosidl_generate_interfaces() the passed file 'msg/Go2Mode.msg' doesn't
[0.833s]   exist relative to the CMAKE_CURRENT_SOURCE_DIR '/workspace/src/acre_ctrl'
[0.833s] Call Stack (most recent call first):
[0.833s]   CMakeLists.txt:21 (rosidl_generate_interfaces)
[0.833s] 
[0.833s] [0m
[0.833s] -- Configuring incomplete, errors occurred!
[0.834s] See also "/workspace/build/acre_ctrl/CMakeFiles/CMakeOutput.log".
[0.838s] gmake: *** [Makefile:226: cmake_check_build_system] Error 1
[0.840s] Invoked command in '/workspace/build/acre_ctrl' returned '2': CMAKE_PREFIX_PATH=${CMAKE_PREFIX_PATH}:/opt/ros/humble /usr/bin/cmake --build /workspace/build/acre_ctrl -- -j16 -l16
