In file included from [01m[K/workspace/src/acre_ctrl/src/algo/spin_sample.cpp:1[m[K:
[01m[K/workspace/src/acre_ctrl/include/acre_ctrl/algo/algorithm_base.hpp:79:83:[m[K [01;35m[Kwarning: [m[Kbackslash-newline at end of file
   79 | #define REGISTER_ALGORITHM(ClassName, InputType)                                  \
      |                                                                                    
[01m[K/workspace/src/acre_ctrl/src/algo/spin_sample.cpp:[m[K In member function ‘[01m[Kvirtual ControlOutput SpinSample::compute(const void*)[m[K’:
[01m[K/workspace/src/acre_ctrl/src/algo/spin_sample.cpp:8:39:[m[K [01;35m[Kwarning: [m[Kunused parameter ‘[01m[Kraw[m[K’ [[01;35m[K-Wunused-parameter[m[K]
    8 |     ControlOutput compute([01;35m[Kconst void* raw[m[K) override {
      |                           [01;35m[K~~~~~~~~~~~~^~~[m[K
In file included from [01m[K/workspace/src/acre_ctrl/include/acre_ctrl/algo/algorithm_runner.hpp:2[m[K,
                 from [01m[K/workspace/src/acre_ctrl/src/ctrl/point_control_node.cpp:8[m[K:
[01m[K/workspace/src/acre_ctrl/include/acre_ctrl/algo/algorithm_base.hpp:79:83:[m[K [01;35m[Kwarning: [m[Kbackslash-newline at end of file
   79 | #define REGISTER_ALGORITHM(ClassName, InputType)                                  \
      |                                                                                    
In file included from [01m[K/workspace/src/acre_ctrl/src/ctrl/point_control_node.cpp:8[m[K:
[01m[K/workspace/src/acre_ctrl/include/acre_ctrl/algo/algorithm_runner.hpp:[m[K In member function ‘[01m[Kvoid AlgorithmRunner::load_python(const string&)[m[K’:
[01m[K/workspace/src/acre_ctrl/include/acre_ctrl/algo/algorithm_runner.hpp:62:41:[m[K [01;35m[Kwarning: [m[Kunused parameter ‘[01m[Kpath[m[K’ [[01;35m[K-Wunused-parameter[m[K]
   62 |     void load_python([01;35m[Kconst std::string& path[m[K) {
      |                      [01;35m[K~~~~~~~~~~~~~~~~~~~^~~~[m[K
[01m[K/workspace/src/acre_ctrl/src/ctrl/point_control_node.cpp:[m[K In member function ‘[01m[Kvoid PointControlNode::ctrl_callback()[m[K’:
[01m[K/workspace/src/acre_ctrl/src/ctrl/point_control_node.cpp:85:16:[m[K [01;35m[Kwarning: [m[Kunused variable ‘[01m[Kdt[m[K’ [[01;35m[K-Wunused-variable[m[K]
   85 |         double [01;35m[Kdt[m[K = (now - last_tick_).seconds();
      |                [01;35m[K^~[m[K
