[0mCMake Deprecation Warning at /opt/ros/humble/share/rosidl_cmake/cmake/rosidl_target_interfaces.cmake:32 (message):
  Use rosidl_get_typesupport_target() and target_link_libraries() instead of
  rosidl_target_interfaces()
Call Stack (most recent call first):
  CMakeLists.txt:39 (rosidl_target_interfaces)

[0m
[0mCMake Deprecation Warning at /opt/ros/humble/share/rosidl_cmake/cmake/rosidl_target_interfaces.cmake:32 (message):
  Use rosidl_get_typesupport_target() and target_link_libraries() instead of
  rosidl_target_interfaces()
Call Stack (most recent call first):
  CMakeLists.txt:47 (rosidl_target_interfaces)

[0m
[0mCMake Deprecation Warning at /opt/ros/humble/share/rosidl_cmake/cmake/rosidl_target_interfaces.cmake:32 (message):
  Use rosidl_get_typesupport_target() and target_link_libraries() instead of
  rosidl_target_interfaces()
Call Stack (most recent call first):
  CMakeLists.txt:54 (rosidl_target_interfaces)

[0m
[01m[K/workspace/src/acre_ctrl/src/algo/spin_sample.cpp:1:10:[m[K [01;31m[Kfatal error: [m[Kalgorithm_base.hpp: No such file or directory
    1 | #include [01;31m[K"algorithm_base.hpp"[m[K
      |          [01;31m[K^~~~~~~~~~~~~~~~~~~~[m[K
[01m[K/workspace/src/acre_ctrl/src/common/ros2_sport_client.cpp:4:10:[m[K [01;31m[Kfatal error: [m[Kros2_sport_client.h: No such file or directory
    4 | #include [01;31m[K"ros2_sport_client.h"[m[K
      |          [01;31m[K^~~~~~~~~~~~~~~~~~~~~[m[K
compilation terminated.
compilation terminated.
[01m[K/workspace/src/acre_ctrl/src/common/ros2_sport_client.cpp:4:10:[m[K [01;31m[Kfatal error: [m[Kros2_sport_client.h: No such file or directory
    4 | #include [01;31m[K"ros2_sport_client.h"[m[K
      |          [01;31m[K^~~~~~~~~~~~~~~~~~~~~[m[K
compilation terminated.
gmake[2]: *** [CMakeFiles/spin_sample.dir/build.make:76: CMakeFiles/spin_sample.dir/src/algo/spin_sample.cpp.o] Error 1
gmake[2]: *** [CMakeFiles/point_control_node.dir/build.make:90: CMakeFiles/point_control_node.dir/src/common/ros2_sport_client.cpp.o] Error 1
gmake[2]: *** Waiting for unfinished jobs....
gmake[1]: *** [CMakeFiles/Makefile2:673: CMakeFiles/spin_sample.dir/all] Error 2
gmake[1]: *** Waiting for unfinished jobs....
gmake[2]: *** [CMakeFiles/sportmode_driver.dir/build.make:90: CMakeFiles/sportmode_driver.dir/src/common/ros2_sport_client.cpp.o] Error 1
gmake[2]: *** Waiting for unfinished jobs....
[01m[K/workspace/src/acre_ctrl/src/common/sportmode_driver.cpp:10:10:[m[K [01;31m[Kfatal error: [m[Kcommon/ros2_sport_client.h: No such file or directory
   10 | #include [01;31m[K"common/ros2_sport_client.h"[m[K
      |          [01;31m[K^~~~~~~~~~~~~~~~~~~~~~~~~~~~[m[K
compilation terminated.
[01m[K/workspace/src/acre_ctrl/src/ctrl/point_control_node.cpp:8:10:[m[K [01;31m[Kfatal error: [m[Kalgorithm_runner.hpp: No such file or directory
    8 | #include [01;31m[K"algorithm_runner.hpp"[m[K
      |          [01;31m[K^~~~~~~~~~~~~~~~~~~~~~[m[K
compilation terminated.
gmake[2]: *** [CMakeFiles/sportmode_driver.dir/build.make:76: CMakeFiles/sportmode_driver.dir/src/common/sportmode_driver.cpp.o] Error 1
gmake[2]: *** [CMakeFiles/point_control_node.dir/build.make:76: CMakeFiles/point_control_node.dir/src/ctrl/point_control_node.cpp.o] Error 1
gmake[1]: *** [CMakeFiles/Makefile2:617: CMakeFiles/sportmode_driver.dir/all] Error 2
gmake[1]: *** [CMakeFiles/Makefile2:645: CMakeFiles/point_control_node.dir/all] Error 2
gmake: *** [Makefile:146: all] Error 2
