[0.015s] Invoking command in '/workspace/build/acre_ctrl': CMAKE_PREFIX_PATH=${CMAKE_PREFIX_PATH}:/opt/ros/humble /usr/bin/cmake --build /workspace/build/acre_ctrl -- -j16 -l16
[0.047s] -- Found ament_cmake: 1.3.14 (/opt/ros/humble/share/ament_cmake/cmake)
[0.187s] -- Found rclcpp: 16.0.19 (/opt/ros/humble/share/rclcpp/cmake)
[0.218s] -- Found rosidl_generator_c: 3.1.8 (/opt/ros/humble/share/rosidl_generator_c/cmake)
[0.221s] -- Found rosidl_adapter: 3.1.8 (/opt/ros/humble/share/rosidl_adapter/cmake)
[0.228s] -- Found rosidl_generator_cpp: 3.1.8 (/opt/ros/humble/share/rosidl_generator_cpp/cmake)
[0.239s] -- Using all available rosidl_typesupport_c: rosidl_typesupport_fastrtps_c;rosidl_typesupport_introspection_c
[0.253s] -- Using all available rosidl_typesupport_cpp: rosidl_typesupport_fastrtps_cpp;rosidl_typesupport_introspection_cpp
[0.288s] -- Found rmw_implementation_cmake: 6.1.2 (/opt/ros/humble/share/rmw_implementation_cmake/cmake)
[0.289s] -- Found rmw_cyclonedds_cpp: 1.3.4 (/opt/ros/humble/share/rmw_cyclonedds_cpp/cmake)
[0.309s] -- Using RMW implementation 'rmw_cyclonedds_cpp' as default
[0.360s] -- Found rosidl_default_generators: 1.2.1 (/opt/ros/humble/share/rosidl_default_generators/cmake)
[0.370s] -- Found geometry_msgs: 4.9.1 (/opt/ros/humble/share/geometry_msgs/cmake)
[0.381s] -- Found nav_msgs: 4.9.1 (/opt/ros/humble/share/nav_msgs/cmake)
[0.394s] -- Found unitree_go: 0.0.0 (/opt/unitree_ros2/cyclonedds_ws/install/unitree_go/share/unitree_go/cmake)
[0.404s] -- Found unitree_api: 0.0.0 (/opt/unitree_ros2/cyclonedds_ws/install/unitree_api/share/unitree_api/cmake)
[0.612s] -- Found ament_cmake_ros: 0.10.0 (/opt/ros/humble/share/ament_cmake_ros/cmake)
[0.852s] -- Using all available rosidl_typesupport_c: rosidl_typesupport_fastrtps_c;rosidl_typesupport_introspection_c
[0.944s] -- Using all available rosidl_typesupport_cpp: rosidl_typesupport_fastrtps_cpp;rosidl_typesupport_introspection_cpp
[0.964s] -- Found PythonInterp: /usr/bin/python3 (found suitable version "3.10.12", minimum required is "3.6") 
[0.966s] -- Found python_cmake_module: 0.10.0 (/opt/ros/humble/share/python_cmake_module/cmake)
[0.989s] -- Found PythonLibs: /usr/lib/x86_64-linux-gnu/libpython3.10.so (found suitable version "3.10.12", minimum required is "3.5") 
[0.989s] -- Using PYTHON_EXECUTABLE: /usr/bin/python3
[0.990s] -- Using PYTHON_INCLUDE_DIRS: /usr/include/python3.10
[0.990s] -- Using PYTHON_LIBRARIES: /usr/lib/x86_64-linux-gnu/libpython3.10.so
[1.007s] -- Found PythonExtra: .so  
[1.084s] [0mCMake Deprecation Warning at /opt/ros/humble/share/rosidl_cmake/cmake/rosidl_target_interfaces.cmake:32 (message):
[1.084s]   Use rosidl_get_typesupport_target() and target_link_libraries() instead of
[1.084s]   rosidl_target_interfaces()
[1.084s] Call Stack (most recent call first):
[1.084s]   CMakeLists.txt:39 (rosidl_target_interfaces)
[1.084s] 
[1.085s] [0m
[1.085s] [0mCMake Deprecation Warning at /opt/ros/humble/share/rosidl_cmake/cmake/rosidl_target_interfaces.cmake:32 (message):
[1.085s]   Use rosidl_get_typesupport_target() and target_link_libraries() instead of
[1.085s]   rosidl_target_interfaces()
[1.085s] Call Stack (most recent call first):
[1.085s]   CMakeLists.txt:47 (rosidl_target_interfaces)
[1.085s] 
[1.085s] [0m
[1.086s] [0mCMake Deprecation Warning at /opt/ros/humble/share/rosidl_cmake/cmake/rosidl_target_interfaces.cmake:32 (message):
[1.086s]   Use rosidl_get_typesupport_target() and target_link_libraries() instead of
[1.086s]   rosidl_target_interfaces()
[1.086s] Call Stack (most recent call first):
[1.086s]   CMakeLists.txt:54 (rosidl_target_interfaces)
[1.086s] 
[1.086s] [0m
[1.087s] -- Found ament_lint_auto: 0.12.15 (/opt/ros/humble/share/ament_lint_auto/cmake)
[1.098s] -- Added test 'cppcheck' to perform static code analysis on C / C++ code
[1.098s] -- Configured cppcheck include dirs: /workspace/src/acre_ctrl/include/acre_ctrl
[1.098s] -- Configured cppcheck exclude dirs and/or files: 
[1.099s] -- Added test 'lint_cmake' to check CMake code style
[1.101s] -- Added test 'uncrustify' to check C / C++ code style
[1.101s] -- Configured uncrustify additional arguments: 
[1.101s] -- Added test 'xmllint' to check XML markup files
[1.103s] -- Configuring done
[1.148s] -- Generating done
[1.161s] -- Build files have been written to: /workspace/build/acre_ctrl
[1.190s] [  2%] [34m[1mGenerating C code for ROS interfaces[0m
[1.201s] [  7%] [34m[1mGenerating Rust code for ROS interfaces[0m
[1.201s] [  7%] [34m[1mGenerating C++ code for ROS interfaces[0m
[1.210s] [  7%] Built target ament_cmake_python_copy_acre_ctrl
[1.382s] [  7%] Built target acre_ctrl__rs
[1.397s] running egg_info
[1.398s] creating acre_ctrl.egg-info
[1.398s] writing acre_ctrl.egg-info/PKG-INFO
[1.398s] writing dependency_links to acre_ctrl.egg-info/dependency_links.txt
[1.398s] writing top-level names to acre_ctrl.egg-info/top_level.txt
[1.399s] writing manifest file 'acre_ctrl.egg-info/SOURCES.txt'
[1.400s] reading manifest file 'acre_ctrl.egg-info/SOURCES.txt'
[1.401s] writing manifest file 'acre_ctrl.egg-info/SOURCES.txt'
[1.414s] [  7%] Built target acre_ctrl__cpp
[1.414s] [ 10%] [32mBuilding C object CMakeFiles/acre_ctrl__rosidl_generator_c.dir/rosidl_generator_c/acre_ctrl/srv/detail/go2_start_sequence__functions.c.o[0m
[1.425s] [ 17%] [34m[1mGenerating C++ type support for eProsima Fast-RTPS[0m
[1.425s] [ 17%] [34m[1mGenerating C++ type support dispatch for ROS interfaces[0m
[1.425s] [ 17%] [34m[1mGenerating C++ introspection for ROS interfaces[0m
[1.436s] [ 17%] Built target ament_cmake_python_build_acre_ctrl_egg
[1.475s] [ 20%] [32m[1mLinking C shared library libacre_ctrl__rosidl_generator_c.so[0m
[1.513s] [ 20%] Built target acre_ctrl__rosidl_generator_c
[1.525s] [ 27%] [34m[1mGenerating C introspection for ROS interfaces[0m
[1.525s] [ 27%] [34m[1mGenerating C type support dispatch for ROS interfaces[0m
[1.525s] [ 27%] [34m[1mGenerating C type support for eProsima Fast-RTPS[0m
[1.610s] [ 30%] [32mBuilding CXX object CMakeFiles/acre_ctrl__rosidl_typesupport_cpp.dir/rosidl_typesupport_cpp/acre_ctrl/srv/go2_start_sequence__type_support.cpp.o[0m
[1.631s] [ 32%] [32mBuilding CXX object CMakeFiles/acre_ctrl__rosidl_typesupport_introspection_cpp.dir/rosidl_typesupport_introspection_cpp/acre_ctrl/srv/detail/go2_start_sequence__type_support.cpp.o[0m
[1.641s] [ 35%] [32mBuilding CXX object CMakeFiles/acre_ctrl__rosidl_typesupport_fastrtps_cpp.dir/rosidl_typesupport_fastrtps_cpp/acre_ctrl/srv/detail/dds_fastrtps/go2_start_sequence__type_support.cpp.o[0m
[1.718s] [ 37%] [32mBuilding CXX object CMakeFiles/acre_ctrl__rosidl_typesupport_c.dir/rosidl_typesupport_c/acre_ctrl/srv/go2_start_sequence__type_support.cpp.o[0m
[1.742s] [ 40%] [32mBuilding C object CMakeFiles/acre_ctrl__rosidl_typesupport_introspection_c.dir/rosidl_typesupport_introspection_c/acre_ctrl/srv/detail/go2_start_sequence__type_support.c.o[0m
[1.752s] [ 45%] [32mBuilding CXX object CMakeFiles/acre_ctrl__rosidl_typesupport_fastrtps_c.dir/rosidl_typesupport_fastrtps_c/acre_ctrl/srv/detail/go2_start_sequence__type_support_c.cpp.o[0m
[1.752s] [ 45%] [32m[1mLinking CXX shared library libacre_ctrl__rosidl_typesupport_c.so[0m
[1.779s] [ 47%] [32m[1mLinking C shared library libacre_ctrl__rosidl_typesupport_introspection_c.so[0m
[1.798s] [ 47%] Built target acre_ctrl__rosidl_typesupport_c
[1.814s] [ 47%] Built target acre_ctrl__rosidl_typesupport_introspection_c
[1.872s] [ 50%] [32m[1mLinking CXX shared library libacre_ctrl__rosidl_typesupport_cpp.so[0m
[1.916s] [ 50%] Built target acre_ctrl__rosidl_typesupport_cpp
[1.956s] [ 52%] [32m[1mLinking CXX shared library libacre_ctrl__rosidl_typesupport_introspection_cpp.so[0m
[1.988s] [ 55%] [32m[1mLinking CXX shared library libacre_ctrl__rosidl_typesupport_fastrtps_cpp.so[0m
[2.016s] [ 55%] Built target acre_ctrl__rosidl_typesupport_introspection_cpp
[2.042s] [ 57%] [32m[1mLinking CXX shared library libacre_ctrl__rosidl_typesupport_fastrtps_c.so[0m
[2.057s] [ 57%] Built target acre_ctrl__rosidl_typesupport_fastrtps_cpp
[2.106s] [ 57%] Built target acre_ctrl__rosidl_typesupport_fastrtps_c
[2.129s] [ 57%] Built target acre_ctrl
[2.152s] [ 72%] [32mBuilding CXX object CMakeFiles/spin_sample.dir/src/algo/spin_sample.cpp.o[0m
[2.152s] [ 72%] [32mBuilding CXX object CMakeFiles/point_control_node.dir/src/common/ros2_sport_client.cpp.o[0m
[2.152s] [ 72%] [32mBuilding CXX object CMakeFiles/point_control_node.dir/src/ctrl/point_control_node.cpp.o[0m
[2.152s] [ 72%] [32mBuilding CXX object CMakeFiles/sportmode_driver.dir/src/common/ros2_sport_client.cpp.o[0m
[2.152s] [ 72%] [34m[1mGenerating Python code for ROS interfaces[0m
[2.153s] [ 72%] [32mBuilding CXX object CMakeFiles/sportmode_driver.dir/src/common/sportmode_driver.cpp.o[0m
[2.162s] [01m[K/workspace/src/acre_ctrl/src/algo/spin_sample.cpp:1:10:[m[K [01;31m[Kfatal error: [m[Kalgorithm_base.hpp: No such file or directory
[2.162s]     1 | #include [01;31m[K"algorithm_base.hpp"[m[K
[2.162s]       |          [01;31m[K^~~~~~~~~~~~~~~~~~~~[m[K
[2.162s] [01m[K/workspace/src/acre_ctrl/src/common/ros2_sport_client.cpp:4:10:[m[K [01;31m[Kfatal error: [m[Kros2_sport_client.h: No such file or directory
[2.162s]     4 | #include [01;31m[K"ros2_sport_client.h"[m[K
[2.162s]       |          [01;31m[K^~~~~~~~~~~~~~~~~~~~~[m[K
[2.162s] compilation terminated.
[2.162s] compilation terminated.
[2.163s] [01m[K/workspace/src/acre_ctrl/src/common/ros2_sport_client.cpp:4:10:[m[K [01;31m[Kfatal error: [m[Kros2_sport_client.h: No such file or directory
[2.163s]     4 | #include [01;31m[K"ros2_sport_client.h"[m[K
[2.163s]       |          [01;31m[K^~~~~~~~~~~~~~~~~~~~~[m[K
[2.163s] compilation terminated.
[2.163s] gmake[2]: *** [CMakeFiles/spin_sample.dir/build.make:76: CMakeFiles/spin_sample.dir/src/algo/spin_sample.cpp.o] Error 1
[2.163s] gmake[2]: *** [CMakeFiles/point_control_node.dir/build.make:90: CMakeFiles/point_control_node.dir/src/common/ros2_sport_client.cpp.o] Error 1
[2.163s] gmake[2]: *** Waiting for unfinished jobs....
[2.163s] gmake[1]: *** [CMakeFiles/Makefile2:673: CMakeFiles/spin_sample.dir/all] Error 2
[2.163s] gmake[1]: *** Waiting for unfinished jobs....
[2.163s] gmake[2]: *** [CMakeFiles/sportmode_driver.dir/build.make:90: CMakeFiles/sportmode_driver.dir/src/common/ros2_sport_client.cpp.o] Error 1
[2.163s] gmake[2]: *** Waiting for unfinished jobs....
[2.399s] [ 72%] Built target acre_ctrl__py
[2.514s] [01m[K/workspace/src/acre_ctrl/src/common/sportmode_driver.cpp:10:10:[m[K [01;31m[Kfatal error: [m[Kcommon/ros2_sport_client.h: No such file or directory
[2.515s]    10 | #include [01;31m[K"common/ros2_sport_client.h"[m[K
[2.515s]       |          [01;31m[K^~~~~~~~~~~~~~~~~~~~~~~~~~~~[m[K
[2.515s] compilation terminated.
[2.515s] [01m[K/workspace/src/acre_ctrl/src/ctrl/point_control_node.cpp:8:10:[m[K [01;31m[Kfatal error: [m[Kalgorithm_runner.hpp: No such file or directory
[2.515s]     8 | #include [01;31m[K"algorithm_runner.hpp"[m[K
[2.515s]       |          [01;31m[K^~~~~~~~~~~~~~~~~~~~~~[m[K
[2.515s] compilation terminated.
[2.518s] gmake[2]: *** [CMakeFiles/sportmode_driver.dir/build.make:76: CMakeFiles/sportmode_driver.dir/src/common/sportmode_driver.cpp.o] Error 1
[2.519s] gmake[2]: *** [CMakeFiles/point_control_node.dir/build.make:76: CMakeFiles/point_control_node.dir/src/ctrl/point_control_node.cpp.o] Error 1
[2.519s] gmake[1]: *** [CMakeFiles/Makefile2:617: CMakeFiles/sportmode_driver.dir/all] Error 2
[2.519s] gmake[1]: *** [CMakeFiles/Makefile2:645: CMakeFiles/point_control_node.dir/all] Error 2
[2.519s] gmake: *** [Makefile:146: all] Error 2
[2.522s] Invoked command in '/workspace/build/acre_ctrl' returned '2': CMAKE_PREFIX_PATH=${CMAKE_PREFIX_PATH}:/opt/ros/humble /usr/bin/cmake --build /workspace/build/acre_ctrl -- -j16 -l16
