[  2%] Built target acre_ctrl__rs
[ 10%] Built target acre_ctrl__rosidl_generator_c
[ 12%] Built target acre_ctrl__cpp
[ 12%] Built target ament_cmake_python_copy_acre_ctrl
[ 42%] Built target acre_ctrl__rosidl_typesupport_fastrtps_c
[ 42%] Built target acre_ctrl__rosidl_typesupport_introspection_c
[ 42%] Built target acre_ctrl__rosidl_typesupport_c
[ 42%] Built target acre_ctrl__rosidl_typesupport_cpp
[ 50%] Built target acre_ctrl__rosidl_typesupport_introspection_cpp
[ 57%] Built target acre_ctrl__rosidl_typesupport_fastrtps_cpp
[ 57%] Built target acre_ctrl
[ 60%] Built target acre_ctrl__py
[ 65%] Built target spin_sample
[ 72%] [32mBuilding CXX object CMakeFiles/point_control_node.dir/src/common/ros2_sport_client.cpp.o[0m
[ 72%] [32mBuilding CXX object CMakeFiles/sportmode_driver.dir/src/common/ros2_sport_client.cpp.o[0m
[ 72%] [32mBuilding CXX object CMakeFiles/sportmode_driver.dir/src/common/sportmode_driver.cpp.o[0m
[ 77%] Built target acre_ctrl__rosidl_generator_py
[ 87%] Built target acre_ctrl__rosidl_typesupport_fastrtps_c__pyext
[ 87%] Built target acre_ctrl__rosidl_typesupport_introspection_c__pyext
[ 92%] Built target acre_ctrl__rosidl_typesupport_c__pyext
running egg_info
writing acre_ctrl.egg-info/PKG-INFO
writing dependency_links to acre_ctrl.egg-info/dependency_links.txt
writing top-level names to acre_ctrl.egg-info/top_level.txt
reading manifest file 'acre_ctrl.egg-info/SOURCES.txt'
writing manifest file 'acre_ctrl.egg-info/SOURCES.txt'
[ 92%] Built target ament_cmake_python_build_acre_ctrl_egg
In file included from [01m[K/workspace/src/acre_ctrl/src/common/ros2_sport_client.cpp:4[m[K:
[01m[K/workspace/src/acre_ctrl/include/acre_ctrl/common/ros2_sport_client.hpp:98:8:[m[K [01;31m[Kerror: [m[Kextra qualification ‘[01m[KSportClient::[m[K’ on member ‘[01m[KAgile[m[K’ [[01;31m[K-fpermissive[m[K]
   98 |   void [01;31m[KSportClient[m[K::Agile(unitree_api::msg::Request &req)
      |        [01;31m[K^~~~~~~~~~~[m[K
[01m[K/workspace/src/acre_ctrl/include/acre_ctrl/common/ros2_sport_client.hpp:98:57:[m[K [01;31m[Kerror: [m[Kexpected ‘[01m[K;[m[K’ at end of member declaration
   98 |   void SportClient::Agile(unitree_api::msg::Request &req[01;31m[K)[m[K
      |                                                         [01;31m[K^[m[K
      |                                                          [32m[K;[m[K
In file included from [01m[K/workspace/src/acre_ctrl/src/common/ros2_sport_client.cpp:4[m[K:
[01m[K/workspace/src/acre_ctrl/include/acre_ctrl/common/ros2_sport_client.hpp:98:8:[m[K [01;31m[Kerror: [m[Kextra qualification ‘[01m[KSportClient::[m[K’ on member ‘[01m[KAgile[m[K’ [[01;31m[K-fpermissive[m[K]
   98 |   void [01;31m[KSportClient[m[K::Agile(unitree_api::msg::Request &req)
      |        [01;31m[K^~~~~~~~~~~[m[K
[01m[K/workspace/src/acre_ctrl/include/acre_ctrl/common/ros2_sport_client.hpp:98:57:[m[K [01;31m[Kerror: [m[Kexpected ‘[01m[K;[m[K’ at end of member declaration
   98 |   void SportClient::Agile(unitree_api::msg::Request &req[01;31m[K)[m[K
      |                                                         [01;31m[K^[m[K
      |                                                          [32m[K;[m[K
In file included from [01m[K/workspace/src/acre_ctrl/src/common/sportmode_driver.cpp:10[m[K:
[01m[K/workspace/src/acre_ctrl/include/acre_ctrl/common/ros2_sport_client.hpp:98:8:[m[K [01;31m[Kerror: [m[Kextra qualification ‘[01m[KSportClient::[m[K’ on member ‘[01m[KAgile[m[K’ [[01;31m[K-fpermissive[m[K]
   98 |   void [01;31m[KSportClient[m[K::Agile(unitree_api::msg::Request &req)
      |        [01;31m[K^~~~~~~~~~~[m[K
[01m[K/workspace/src/acre_ctrl/include/acre_ctrl/common/ros2_sport_client.hpp:98:57:[m[K [01;31m[Kerror: [m[Kexpected ‘[01m[K;[m[K’ at end of member declaration
   98 |   void SportClient::Agile(unitree_api::msg::Request &req[01;31m[K)[m[K
      |                                                         [01;31m[K^[m[K
      |                                                          [32m[K;[m[K
gmake[2]: *** [CMakeFiles/point_control_node.dir/build.make:90: CMakeFiles/point_control_node.dir/src/common/ros2_sport_client.cpp.o] Error 1
gmake[1]: *** [CMakeFiles/Makefile2:645: CMakeFiles/point_control_node.dir/all] Error 2
gmake[1]: *** Waiting for unfinished jobs....
gmake[2]: *** [CMakeFiles/sportmode_driver.dir/build.make:90: CMakeFiles/sportmode_driver.dir/src/common/ros2_sport_client.cpp.o] Error 1
gmake[2]: *** Waiting for unfinished jobs....
gmake[2]: *** [CMakeFiles/sportmode_driver.dir/build.make:76: CMakeFiles/sportmode_driver.dir/src/common/sportmode_driver.cpp.o] Error 1
gmake[1]: *** [CMakeFiles/Makefile2:617: CMakeFiles/sportmode_driver.dir/all] Error 2
gmake: *** [Makefile:146: all] Error 2
