[0.013s] Invoking command in '/workspace/build/acre_ctrl': CMAKE_PREFIX_PATH=${CMAKE_PREFIX_PATH}:/opt/ros/humble /usr/bin/cmake --build /workspace/build/acre_ctrl -- -j16 -l16
[0.071s] [  2%] Built target acre_ctrl__rs
[0.072s] [ 10%] Built target acre_ctrl__rosidl_generator_c
[0.072s] [ 12%] Built target acre_ctrl__cpp
[0.082s] [ 12%] Built target ament_cmake_python_copy_acre_ctrl
[0.095s] [ 27%] Built target acre_ctrl__rosidl_typesupport_introspection_c
[0.095s] [ 27%] Built target acre_ctrl__rosidl_typesupport_c
[0.096s] [ 40%] Built target acre_ctrl__rosidl_typesupport_cpp
[0.096s] [ 42%] Built target acre_ctrl__rosidl_typesupport_introspection_cpp
[0.096s] [ 50%] Built target acre_ctrl__rosidl_typesupport_fastrtps_cpp
[0.108s] [ 57%] Built target acre_ctrl__rosidl_typesupport_fastrtps_c
[0.133s] [ 57%] Built target acre_ctrl
[0.159s] [ 60%] Built target acre_ctrl__py
[0.161s] [ 65%] Built target spin_sample
[0.167s] [ 72%] [32mBuilding CXX object CMakeFiles/sportmode_driver.dir/src/common/sportmode_driver.cpp.o[0m
[0.168s] [ 75%] Built target point_control_node
[0.186s] [ 80%] Built target acre_ctrl__rosidl_generator_py
[0.212s] [ 95%] Built target acre_ctrl__rosidl_typesupport_fastrtps_c__pyext
[0.212s] [ 95%] Built target acre_ctrl__rosidl_typesupport_introspection_c__pyext
[0.212s] [ 95%] Built target acre_ctrl__rosidl_typesupport_c__pyext
[0.271s] running egg_info
[0.271s] writing acre_ctrl.egg-info/PKG-INFO
[0.271s] writing dependency_links to acre_ctrl.egg-info/dependency_links.txt
[0.271s] writing top-level names to acre_ctrl.egg-info/top_level.txt
[0.273s] reading manifest file 'acre_ctrl.egg-info/SOURCES.txt'
[0.274s] writing manifest file 'acre_ctrl.egg-info/SOURCES.txt'
[0.300s] [ 95%] Built target ament_cmake_python_build_acre_ctrl_egg
[1.500s] gmake[2]: *** [CMakeFiles/sportmode_driver.dir/build.make:76: CMakeFiles/sportmode_driver.dir/src/common/sportmode_driver.cpp.o] Interrupt
[1.501s] gmake[1]: *** [CMakeFiles/Makefile2:617: CMakeFiles/sportmode_driver.dir/all] Interrupt
[1.501s] gmake: *** [Makefile:146: all] Interrupt
[1.521s] Invoked command in '/workspace/build/acre_ctrl' returned '-2': CMAKE_PREFIX_PATH=${CMAKE_PREFIX_PATH}:/opt/ros/humble /usr/bin/cmake --build /workspace/build/acre_ctrl -- -j16 -l16
