[0.022s] Invoking command in '/workspace/build/acre_ctrl': CMAKE_PREFIX_PATH=${CMAKE_PREFIX_PATH}:/opt/ros/humble /usr/bin/cmake --build /workspace/build/acre_ctrl -- -j16 -l16
[0.128s] [  5%] Built target acre_ctrl__rs
[0.128s] [  5%] Built target acre_ctrl__cpp
[0.130s] [ 12%] Built target acre_ctrl__rosidl_generator_c
[0.146s] [ 12%] Built target ament_cmake_python_copy_acre_ctrl
[0.170s] [ 45%] Built target acre_ctrl__rosidl_typesupport_introspection_cpp
[0.170s] [ 50%] Built target acre_ctrl__rosidl_typesupport_introspection_c
[0.170s] [ 47%] Built target acre_ctrl__rosidl_typesupport_cpp
[0.171s] [ 42%] Built target acre_ctrl__rosidl_typesupport_fastrtps_cpp
[0.171s] [ 50%] Built target acre_ctrl__rosidl_typesupport_c
[0.171s] [ 57%] Built target acre_ctrl__rosidl_typesupport_fastrtps_c
[0.214s] [ 57%] Built target acre_ctrl
[0.256s] [ 60%] Built target acre_ctrl__py
[0.258s] [ 65%] Built target spin_sample
[0.270s] [ 72%] [32mBuilding CXX object CMakeFiles/sportmode_driver.dir/src/common/sportmode_driver.cpp.o[0m
[0.270s] [ 75%] Built target point_control_node
[0.301s] [ 80%] Built target acre_ctrl__rosidl_generator_py
[0.347s] [ 95%] Built target acre_ctrl__rosidl_typesupport_c__pyext
[0.347s] [ 95%] Built target acre_ctrl__rosidl_typesupport_fastrtps_c__pyext
[0.347s] [ 95%] Built target acre_ctrl__rosidl_typesupport_introspection_c__pyext
[0.509s] running egg_info
[0.510s] writing acre_ctrl.egg-info/PKG-INFO
[0.510s] writing dependency_links to acre_ctrl.egg-info/dependency_links.txt
[0.511s] writing top-level names to acre_ctrl.egg-info/top_level.txt
[0.514s] reading manifest file 'acre_ctrl.egg-info/SOURCES.txt'
[0.515s] writing manifest file 'acre_ctrl.egg-info/SOURCES.txt'
[0.558s] [ 95%] Built target ament_cmake_python_build_acre_ctrl_egg
[3.675s] [01m[K/workspace/src/acre_ctrl/src/common/sportmode_driver.cpp:[m[K In member function ‘[01m[Kvoid Go2SportClientNode::start_sequence(std::shared_ptr<acre_ctrl::srv::Go2StartSequence_Request_<std::allocator<void> > >, std::shared_ptr<acre_ctrl::srv::Go2StartSequence_Response_<std::allocator<void> > >)[m[K’:
[3.676s] [01m[K/workspace/src/acre_ctrl/src/common/sportmode_driver.cpp:83:28:[m[K [01;31m[Kerror: [m[K‘[01m[Kreq[m[K’ was not declared in this scope; did you mean ‘[01m[Kreq_[m[K’?
[3.676s]    83 |         sport_client_.Move([01;31m[Kreq[m[K, 0.0, 0.0, 0.5);
[3.676s]       |                            [01;31m[K^~~[m[K
[3.676s]       |                            [32m[Kreq_[m[K
[6.911s] gmake[2]: *** [CMakeFiles/sportmode_driver.dir/build.make:76: CMakeFiles/sportmode_driver.dir/src/common/sportmode_driver.cpp.o] Error 1
[6.911s] gmake[1]: *** [CMakeFiles/Makefile2:617: CMakeFiles/sportmode_driver.dir/all] Error 2
[6.911s] gmake: *** [Makefile:146: all] Error 2
[6.914s] Invoked command in '/workspace/build/acre_ctrl' returned '2': CMAKE_PREFIX_PATH=${CMAKE_PREFIX_PATH}:/opt/ros/humble /usr/bin/cmake --build /workspace/build/acre_ctrl -- -j16 -l16
