[0.171s] DEBUG:colcon:Command line arguments: ['/usr/bin/colcon', 'build']
[0.171s] DEBUG:colcon:Parsed command line arguments: Namespace(log_base=None, log_level=None, verb_name='build', build_base='build', install_base='install', merge_install=False, symlink_install=False, test_result_base=None, continue_on_error=False, executor='parallel', parallel_workers=16, event_handlers=None, ignore_user_meta=False, metas=['./colcon.meta'], base_paths=['.'], packages_ignore=None, packages_ignore_regex=None, paths=None, packages_up_to=None, packages_up_to_regex=None, packages_above=None, packages_above_and_dependencies=None, packages_above_depth=None, packages_select_by_dep=None, packages_skip_by_dep=None, packages_skip_up_to=None, packages_select_build_failed=False, packages_skip_build_finished=False, packages_select_test_failures=False, packages_skip_test_passed=False, packages_select=None, packages_skip=None, packages_select_regex=None, packages_skip_regex=None, packages_start=None, packages_end=None, cmake_args=None, cmake_target=None, cmake_target_skip_unavailable=False, cmake_clean_cache=False, cmake_clean_first=False, cmake_force_configure=False, ament_cmake_args=None, catkin_cmake_args=None, catkin_skip_building_tests=False, mixin_files=None, mixin=None, verb_parser=<colcon_mixin.mixin.mixin_argument.MixinArgumentDecorator object at 0x7f06a49b4160>, verb_extension=<colcon_core.verb.build.BuildVerb object at 0x7f06a4ac5060>, main=<bound method BuildVerb.main of <colcon_core.verb.build.BuildVerb object at 0x7f06a4ac5060>>, mixin_verb=('build',))
[0.390s] Level 1:colcon.colcon_core.package_discovery:discover_packages(colcon_meta) check parameters
[0.392s] INFO:colcon.colcon_metadata.package_discovery.colcon_meta:Using configuration from '/root/.colcon/metadata/default/Gazebo.meta'
[0.393s] INFO:colcon.colcon_metadata.package_discovery.colcon_meta:Using configuration from '/root/.colcon/metadata/default/fastdds.meta'
[0.393s] INFO:colcon.colcon_metadata.package_discovery.colcon_meta:Using configuration from '/root/.colcon/metadata/default/fastrtps.meta'
[0.393s] Level 1:colcon.colcon_core.package_discovery:discover_packages(recursive) check parameters
[0.393s] Level 1:colcon.colcon_core.package_discovery:discover_packages(ignore) check parameters
[0.393s] Level 1:colcon.colcon_core.package_discovery:discover_packages(path) check parameters
[0.394s] Level 1:colcon.colcon_core.package_discovery:discover_packages(colcon_meta) discover
[0.394s] Level 1:colcon.colcon_core.package_discovery:discover_packages(recursive) discover
[0.394s] INFO:colcon.colcon_core.package_discovery:Crawling recursively for packages in '/workspace'
[0.394s] Level 1:colcon.colcon_core.package_identification:_identify(.) by extensions ['ignore', 'ignore_ament_install']
[0.394s] Level 1:colcon.colcon_core.package_identification:_identify(.) by extension 'ignore'
[0.394s] Level 1:colcon.colcon_core.package_identification:_identify(.) by extension 'ignore_ament_install'
[0.394s] Level 1:colcon.colcon_core.package_identification:_identify(.) by extensions ['colcon_pkg']
[0.394s] Level 1:colcon.colcon_core.package_identification:_identify(.) by extension 'colcon_pkg'
[0.394s] Level 1:colcon.colcon_core.package_identification:_identify(.) by extensions ['colcon_meta']
[0.394s] Level 1:colcon.colcon_core.package_identification:_identify(.) by extension 'colcon_meta'
[0.394s] Level 1:colcon.colcon_core.package_identification:_identify(.) by extensions ['ros']
[0.395s] Level 1:colcon.colcon_core.package_identification:_identify(.) by extension 'ros'
[0.413s] Level 1:colcon.colcon_core.package_identification:_identify(.) by extensions ['cmake', 'python']
[0.413s] Level 1:colcon.colcon_core.package_identification:_identify(.) by extension 'cmake'
[0.413s] Level 1:colcon.colcon_core.package_identification:_identify(.) by extension 'python'
[0.413s] Level 1:colcon.colcon_core.package_identification:_identify(.) by extensions ['python_setup_py']
[0.413s] Level 1:colcon.colcon_core.package_identification:_identify(.) by extension 'python_setup_py'
[0.414s] Level 1:colcon.colcon_core.package_identification:_identify(build) by extensions ['ignore', 'ignore_ament_install']
[0.414s] Level 1:colcon.colcon_core.package_identification:_identify(build) by extension 'ignore'
[0.414s] Level 1:colcon.colcon_core.package_identification:_identify(build) ignored
[0.414s] Level 1:colcon.colcon_core.package_identification:_identify(install) by extensions ['ignore', 'ignore_ament_install']
[0.414s] Level 1:colcon.colcon_core.package_identification:_identify(install) by extension 'ignore'
[0.414s] Level 1:colcon.colcon_core.package_identification:_identify(install) ignored
[0.415s] Level 1:colcon.colcon_core.package_identification:_identify(log) by extensions ['ignore', 'ignore_ament_install']
[0.415s] Level 1:colcon.colcon_core.package_identification:_identify(log) by extension 'ignore'
[0.415s] Level 1:colcon.colcon_core.package_identification:_identify(log) ignored
[0.415s] Level 1:colcon.colcon_core.package_identification:_identify(src) by extensions ['ignore', 'ignore_ament_install']
[0.415s] Level 1:colcon.colcon_core.package_identification:_identify(src) by extension 'ignore'
[0.415s] Level 1:colcon.colcon_core.package_identification:_identify(src) by extension 'ignore_ament_install'
[0.416s] Level 1:colcon.colcon_core.package_identification:_identify(src) by extensions ['colcon_pkg']
[0.416s] Level 1:colcon.colcon_core.package_identification:_identify(src) by extension 'colcon_pkg'
[0.416s] Level 1:colcon.colcon_core.package_identification:_identify(src) by extensions ['colcon_meta']
[0.416s] Level 1:colcon.colcon_core.package_identification:_identify(src) by extension 'colcon_meta'
[0.416s] Level 1:colcon.colcon_core.package_identification:_identify(src) by extensions ['ros']
[0.416s] Level 1:colcon.colcon_core.package_identification:_identify(src) by extension 'ros'
[0.416s] Level 1:colcon.colcon_core.package_identification:_identify(src) by extensions ['cmake', 'python']
[0.416s] Level 1:colcon.colcon_core.package_identification:_identify(src) by extension 'cmake'
[0.416s] Level 1:colcon.colcon_core.package_identification:_identify(src) by extension 'python'
[0.416s] Level 1:colcon.colcon_core.package_identification:_identify(src) by extensions ['python_setup_py']
[0.416s] Level 1:colcon.colcon_core.package_identification:_identify(src) by extension 'python_setup_py'
[0.417s] Level 1:colcon.colcon_core.package_identification:_identify(src/acre_ctrl) by extensions ['ignore', 'ignore_ament_install']
[0.417s] Level 1:colcon.colcon_core.package_identification:_identify(src/acre_ctrl) by extension 'ignore'
[0.417s] Level 1:colcon.colcon_core.package_identification:_identify(src/acre_ctrl) by extension 'ignore_ament_install'
[0.417s] Level 1:colcon.colcon_core.package_identification:_identify(src/acre_ctrl) by extensions ['colcon_pkg']
[0.417s] Level 1:colcon.colcon_core.package_identification:_identify(src/acre_ctrl) by extension 'colcon_pkg'
[0.417s] Level 1:colcon.colcon_core.package_identification:_identify(src/acre_ctrl) by extensions ['colcon_meta']
[0.417s] Level 1:colcon.colcon_core.package_identification:_identify(src/acre_ctrl) by extension 'colcon_meta'
[0.417s] Level 1:colcon.colcon_core.package_identification:_identify(src/acre_ctrl) by extensions ['ros']
[0.417s] Level 1:colcon.colcon_core.package_identification:_identify(src/acre_ctrl) by extension 'ros'
[0.423s] DEBUG:colcon.colcon_core.package_identification:Package 'src/acre_ctrl' with type 'ros.ament_cmake' and name 'acre_ctrl'
[0.423s] Level 1:colcon.colcon_core.package_discovery:discover_packages(recursive) using defaults
[0.423s] Level 1:colcon.colcon_core.package_discovery:discover_packages(ignore) discover
[0.424s] Level 1:colcon.colcon_core.package_discovery:discover_packages(ignore) using defaults
[0.424s] Level 1:colcon.colcon_core.package_discovery:discover_packages(path) discover
[0.424s] Level 1:colcon.colcon_core.package_discovery:discover_packages(path) using defaults
[0.457s] Level 5:colcon.colcon_core.verb:set package 'acre_ctrl' build argument 'cmake_args' from command line to 'None'
[0.457s] Level 5:colcon.colcon_core.verb:set package 'acre_ctrl' build argument 'cmake_target' from command line to 'None'
[0.457s] Level 5:colcon.colcon_core.verb:set package 'acre_ctrl' build argument 'cmake_target_skip_unavailable' from command line to 'False'
[0.457s] Level 5:colcon.colcon_core.verb:set package 'acre_ctrl' build argument 'cmake_clean_cache' from command line to 'False'
[0.457s] Level 5:colcon.colcon_core.verb:set package 'acre_ctrl' build argument 'cmake_clean_first' from command line to 'False'
[0.457s] Level 5:colcon.colcon_core.verb:set package 'acre_ctrl' build argument 'cmake_force_configure' from command line to 'False'
[0.457s] Level 5:colcon.colcon_core.verb:set package 'acre_ctrl' build argument 'ament_cmake_args' from command line to 'None'
[0.458s] Level 5:colcon.colcon_core.verb:set package 'acre_ctrl' build argument 'catkin_cmake_args' from command line to 'None'
[0.458s] Level 5:colcon.colcon_core.verb:set package 'acre_ctrl' build argument 'catkin_skip_building_tests' from command line to 'False'
[0.458s] DEBUG:colcon.colcon_core.verb:Building package 'acre_ctrl' with the following arguments: {'ament_cmake_args': None, 'build_base': '/workspace/build/acre_ctrl', 'catkin_cmake_args': None, 'catkin_skip_building_tests': False, 'cmake_args': None, 'cmake_clean_cache': False, 'cmake_clean_first': False, 'cmake_force_configure': False, 'cmake_target': None, 'cmake_target_skip_unavailable': False, 'install_base': '/workspace/install/acre_ctrl', 'merge_install': False, 'path': '/workspace/src/acre_ctrl', 'symlink_install': False, 'test_result_base': None}
[0.458s] INFO:colcon.colcon_core.executor:Executing jobs using 'parallel' executor
[0.460s] DEBUG:colcon.colcon_parallel_executor.executor.parallel:run_until_complete
[0.461s] INFO:colcon.colcon_ros.task.ament_cmake.build:Building ROS package in '/workspace/src/acre_ctrl' with build type 'ament_cmake'
[0.461s] INFO:colcon.colcon_cmake.task.cmake.build:Building CMake package in '/workspace/src/acre_ctrl'
[0.466s] INFO:colcon.colcon_core.plugin_system:Skipping extension 'colcon_core.shell.bat': Not used on non-Windows systems
[0.466s] INFO:colcon.colcon_core.shell:Skip shell extension 'powershell' for command environment: Not usable outside of PowerShell
[0.466s] DEBUG:colcon.colcon_core.shell:Skip shell extension 'dsv' for command environment
[0.487s] DEBUG:colcon.colcon_core.event_handler.log_command:Invoking command in '/workspace/build/acre_ctrl': CMAKE_PREFIX_PATH=${CMAKE_PREFIX_PATH}:/opt/ros/humble /usr/bin/cmake --build /workspace/build/acre_ctrl -- -j16 -l16
[13.378s] DEBUG:colcon.colcon_core.event_handler.log_command:Invoked command in '/workspace/build/acre_ctrl' returned '0': CMAKE_PREFIX_PATH=${CMAKE_PREFIX_PATH}:/opt/ros/humble /usr/bin/cmake --build /workspace/build/acre_ctrl -- -j16 -l16
[13.389s] DEBUG:colcon.colcon_core.event_handler.log_command:Invoking command in '/workspace/build/acre_ctrl': CMAKE_PREFIX_PATH=${CMAKE_PREFIX_PATH}:/opt/ros/humble /usr/bin/cmake --install /workspace/build/acre_ctrl
[13.452s] Level 1:colcon.colcon_core.environment:create_environment_scripts_only(acre_ctrl)
[13.453s] DEBUG:colcon.colcon_core.event_handler.log_command:Invoked command in '/workspace/build/acre_ctrl' returned '0': CMAKE_PREFIX_PATH=${CMAKE_PREFIX_PATH}:/opt/ros/humble /usr/bin/cmake --install /workspace/build/acre_ctrl
[13.455s] Level 1:colcon.colcon_core.environment:checking '/workspace/install/acre_ctrl' for CMake module files
[13.455s] Level 1:colcon.colcon_core.environment:checking '/workspace/install/acre_ctrl' for CMake config files
[13.456s] Level 1:colcon.colcon_core.shell:create_environment_hook('acre_ctrl', 'cmake_prefix_path')
[13.456s] INFO:colcon.colcon_core.shell:Creating environment hook '/workspace/install/acre_ctrl/share/acre_ctrl/hook/cmake_prefix_path.ps1'
[13.456s] INFO:colcon.colcon_core.shell:Creating environment descriptor '/workspace/install/acre_ctrl/share/acre_ctrl/hook/cmake_prefix_path.dsv'
[13.457s] INFO:colcon.colcon_core.shell:Creating environment hook '/workspace/install/acre_ctrl/share/acre_ctrl/hook/cmake_prefix_path.sh'
[13.457s] Level 1:colcon.colcon_core.environment:checking '/workspace/install/acre_ctrl/lib'
[13.457s] Level 1:colcon.colcon_core.shell:create_environment_hook('acre_ctrl', 'ld_library_path_lib')
[13.458s] INFO:colcon.colcon_core.shell:Creating environment hook '/workspace/install/acre_ctrl/share/acre_ctrl/hook/ld_library_path_lib.ps1'
[13.458s] INFO:colcon.colcon_core.shell:Creating environment descriptor '/workspace/install/acre_ctrl/share/acre_ctrl/hook/ld_library_path_lib.dsv'
[13.458s] INFO:colcon.colcon_core.shell:Creating environment hook '/workspace/install/acre_ctrl/share/acre_ctrl/hook/ld_library_path_lib.sh'
[13.458s] Level 1:colcon.colcon_core.environment:checking '/workspace/install/acre_ctrl/bin'
[13.459s] Level 1:colcon.colcon_core.environment:checking '/workspace/install/acre_ctrl/lib/pkgconfig/acre_ctrl.pc'
[13.460s] Level 1:colcon.colcon_core.environment:checking '/workspace/install/acre_ctrl/lib/python3.10/site-packages'
[13.460s] Level 1:colcon.colcon_core.environment:checking '/workspace/install/acre_ctrl/bin'
[13.460s] INFO:colcon.colcon_core.shell:Creating package script '/workspace/install/acre_ctrl/share/acre_ctrl/package.ps1'
[13.461s] INFO:colcon.colcon_core.shell:Creating package descriptor '/workspace/install/acre_ctrl/share/acre_ctrl/package.dsv'
[13.462s] INFO:colcon.colcon_core.shell:Creating package script '/workspace/install/acre_ctrl/share/acre_ctrl/package.sh'
[13.462s] INFO:colcon.colcon_core.shell:Creating package script '/workspace/install/acre_ctrl/share/acre_ctrl/package.bash'
[13.462s] INFO:colcon.colcon_core.shell:Creating package script '/workspace/install/acre_ctrl/share/acre_ctrl/package.zsh'
[13.463s] Level 1:colcon.colcon_core.environment:create_file_with_runtime_dependencies(/workspace/install/acre_ctrl/share/colcon-core/packages/acre_ctrl)
[13.463s] Level 1:colcon.colcon_core.environment:create_environment_scripts_only(acre_ctrl)
[13.463s] Level 1:colcon.colcon_core.environment:checking '/workspace/install/acre_ctrl' for CMake module files
[13.464s] Level 1:colcon.colcon_core.environment:checking '/workspace/install/acre_ctrl' for CMake config files
[13.464s] Level 1:colcon.colcon_core.shell:create_environment_hook('acre_ctrl', 'cmake_prefix_path')
[13.464s] INFO:colcon.colcon_core.shell:Creating environment hook '/workspace/install/acre_ctrl/share/acre_ctrl/hook/cmake_prefix_path.ps1'
[13.465s] INFO:colcon.colcon_core.shell:Creating environment descriptor '/workspace/install/acre_ctrl/share/acre_ctrl/hook/cmake_prefix_path.dsv'
[13.465s] INFO:colcon.colcon_core.shell:Creating environment hook '/workspace/install/acre_ctrl/share/acre_ctrl/hook/cmake_prefix_path.sh'
[13.465s] Level 1:colcon.colcon_core.environment:checking '/workspace/install/acre_ctrl/lib'
[13.465s] Level 1:colcon.colcon_core.shell:create_environment_hook('acre_ctrl', 'ld_library_path_lib')
[13.465s] INFO:colcon.colcon_core.shell:Creating environment hook '/workspace/install/acre_ctrl/share/acre_ctrl/hook/ld_library_path_lib.ps1'
[13.466s] INFO:colcon.colcon_core.shell:Creating environment descriptor '/workspace/install/acre_ctrl/share/acre_ctrl/hook/ld_library_path_lib.dsv'
[13.466s] INFO:colcon.colcon_core.shell:Creating environment hook '/workspace/install/acre_ctrl/share/acre_ctrl/hook/ld_library_path_lib.sh'
[13.467s] Level 1:colcon.colcon_core.environment:checking '/workspace/install/acre_ctrl/bin'
[13.467s] Level 1:colcon.colcon_core.environment:checking '/workspace/install/acre_ctrl/lib/pkgconfig/acre_ctrl.pc'
[13.468s] Level 1:colcon.colcon_core.environment:checking '/workspace/install/acre_ctrl/lib/python3.10/site-packages'
[13.468s] Level 1:colcon.colcon_core.environment:checking '/workspace/install/acre_ctrl/bin'
[13.468s] INFO:colcon.colcon_core.shell:Creating package script '/workspace/install/acre_ctrl/share/acre_ctrl/package.ps1'
[13.468s] INFO:colcon.colcon_core.shell:Creating package descriptor '/workspace/install/acre_ctrl/share/acre_ctrl/package.dsv'
[13.469s] INFO:colcon.colcon_core.shell:Creating package script '/workspace/install/acre_ctrl/share/acre_ctrl/package.sh'
[13.469s] INFO:colcon.colcon_core.shell:Creating package script '/workspace/install/acre_ctrl/share/acre_ctrl/package.bash'
[13.469s] INFO:colcon.colcon_core.shell:Creating package script '/workspace/install/acre_ctrl/share/acre_ctrl/package.zsh'
[13.470s] Level 1:colcon.colcon_core.environment:create_file_with_runtime_dependencies(/workspace/install/acre_ctrl/share/colcon-core/packages/acre_ctrl)
[13.470s] DEBUG:colcon.colcon_parallel_executor.executor.parallel:closing loop
[13.470s] DEBUG:colcon.colcon_parallel_executor.executor.parallel:loop closed
[13.470s] DEBUG:colcon.colcon_parallel_executor.executor.parallel:run_until_complete finished with '0'
[13.470s] DEBUG:colcon.colcon_core.event_reactor:joining thread
[13.487s] INFO:colcon.colcon_core.plugin_system:Skipping extension 'colcon_notification.desktop_notification.notify_send': Could not find 'notify-send'
[13.487s] INFO:colcon.colcon_core.plugin_system:Skipping extension 'colcon_notification.desktop_notification.terminal_notifier': Not used on non-Darwin systems
[13.487s] INFO:colcon.colcon_core.plugin_system:Skipping extension 'colcon_notification.desktop_notification.win32': Not used on non-Windows systems
[13.487s] INFO:colcon.colcon_notification.desktop_notification:Sending desktop notification using 'notify2'
[13.490s] DEBUG:colcon.colcon_notification.desktop_notification.notify2:Failed to initialize notify2: org.freedesktop.DBus.Error.Spawn.ExecFailed: /usr/bin/dbus-launch terminated abnormally without any error message
[13.490s] DEBUG:colcon.colcon_core.event_reactor:joined thread
[13.491s] INFO:colcon.colcon_core.shell:Creating prefix script '/workspace/install/local_setup.ps1'
[13.492s] INFO:colcon.colcon_core.shell:Creating prefix util module '/workspace/install/_local_setup_util_ps1.py'
[13.493s] INFO:colcon.colcon_core.shell:Creating prefix chain script '/workspace/install/setup.ps1'
[13.494s] INFO:colcon.colcon_core.shell:Creating prefix script '/workspace/install/local_setup.sh'
[13.495s] INFO:colcon.colcon_core.shell:Creating prefix util module '/workspace/install/_local_setup_util_sh.py'
[13.496s] INFO:colcon.colcon_core.shell:Creating prefix chain script '/workspace/install/setup.sh'
[13.496s] INFO:colcon.colcon_core.shell:Creating prefix script '/workspace/install/local_setup.bash'
[13.497s] INFO:colcon.colcon_core.shell:Creating prefix chain script '/workspace/install/setup.bash'
[13.498s] INFO:colcon.colcon_core.shell:Creating prefix script '/workspace/install/local_setup.zsh'
[13.498s] INFO:colcon.colcon_core.shell:Creating prefix chain script '/workspace/install/setup.zsh'
