[0.177s] DEBUG:colcon:Command line arguments: ['/usr/bin/colcon', 'build']
[0.177s] DEBUG:colcon:Parsed command line arguments: Namespace(log_base=None, log_level=None, verb_name='build', build_base='build', install_base='install', merge_install=False, symlink_install=False, test_result_base=None, continue_on_error=False, executor='parallel', parallel_workers=16, event_handlers=None, ignore_user_meta=False, metas=['./colcon.meta'], base_paths=['.'], packages_ignore=None, packages_ignore_regex=None, paths=None, packages_up_to=None, packages_up_to_regex=None, packages_above=None, packages_above_and_dependencies=None, packages_above_depth=None, packages_select_by_dep=None, packages_skip_by_dep=None, packages_skip_up_to=None, packages_select_build_failed=False, packages_skip_build_finished=False, packages_select_test_failures=False, packages_skip_test_passed=False, packages_select=None, packages_skip=None, packages_select_regex=None, packages_skip_regex=None, packages_start=None, packages_end=None, cmake_args=None, cmake_target=None, cmake_target_skip_unavailable=False, cmake_clean_cache=False, cmake_clean_first=False, cmake_force_configure=False, ament_cmake_args=None, catkin_cmake_args=None, catkin_skip_building_tests=False, mixin_files=None, mixin=None, verb_parser=<colcon_mixin.mixin.mixin_argument.MixinArgumentDecorator object at 0x7f0bac600160>, verb_extension=<colcon_core.verb.build.BuildVerb object at 0x7f0bac711060>, main=<bound method BuildVerb.main of <colcon_core.verb.build.BuildVerb object at 0x7f0bac711060>>, mixin_verb=('build',))
[0.401s] Level 1:colcon.colcon_core.package_discovery:discover_packages(colcon_meta) check parameters
[0.402s] INFO:colcon.colcon_metadata.package_discovery.colcon_meta:Using configuration from '/root/.colcon/metadata/default/Gazebo.meta'
[0.403s] INFO:colcon.colcon_metadata.package_discovery.colcon_meta:Using configuration from '/root/.colcon/metadata/default/fastdds.meta'
[0.404s] INFO:colcon.colcon_metadata.package_discovery.colcon_meta:Using configuration from '/root/.colcon/metadata/default/fastrtps.meta'
[0.404s] Level 1:colcon.colcon_core.package_discovery:discover_packages(recursive) check parameters
[0.404s] Level 1:colcon.colcon_core.package_discovery:discover_packages(ignore) check parameters
[0.404s] Level 1:colcon.colcon_core.package_discovery:discover_packages(path) check parameters
[0.404s] Level 1:colcon.colcon_core.package_discovery:discover_packages(colcon_meta) discover
[0.404s] Level 1:colcon.colcon_core.package_discovery:discover_packages(recursive) discover
[0.404s] INFO:colcon.colcon_core.package_discovery:Crawling recursively for packages in '/workspace'
[0.405s] Level 1:colcon.colcon_core.package_identification:_identify(.) by extensions ['ignore', 'ignore_ament_install']
[0.405s] Level 1:colcon.colcon_core.package_identification:_identify(.) by extension 'ignore'
[0.405s] Level 1:colcon.colcon_core.package_identification:_identify(.) by extension 'ignore_ament_install'
[0.405s] Level 1:colcon.colcon_core.package_identification:_identify(.) by extensions ['colcon_pkg']
[0.405s] Level 1:colcon.colcon_core.package_identification:_identify(.) by extension 'colcon_pkg'
[0.405s] Level 1:colcon.colcon_core.package_identification:_identify(.) by extensions ['colcon_meta']
[0.405s] Level 1:colcon.colcon_core.package_identification:_identify(.) by extension 'colcon_meta'
[0.405s] Level 1:colcon.colcon_core.package_identification:_identify(.) by extensions ['ros']
[0.405s] Level 1:colcon.colcon_core.package_identification:_identify(.) by extension 'ros'
[0.424s] Level 1:colcon.colcon_core.package_identification:_identify(.) by extensions ['cmake', 'python']
[0.424s] Level 1:colcon.colcon_core.package_identification:_identify(.) by extension 'cmake'
[0.424s] Level 1:colcon.colcon_core.package_identification:_identify(.) by extension 'python'
[0.424s] Level 1:colcon.colcon_core.package_identification:_identify(.) by extensions ['python_setup_py']
[0.424s] Level 1:colcon.colcon_core.package_identification:_identify(.) by extension 'python_setup_py'
[0.425s] Level 1:colcon.colcon_core.package_identification:_identify(build) by extensions ['ignore', 'ignore_ament_install']
[0.425s] Level 1:colcon.colcon_core.package_identification:_identify(build) by extension 'ignore'
[0.425s] Level 1:colcon.colcon_core.package_identification:_identify(build) ignored
[0.425s] Level 1:colcon.colcon_core.package_identification:_identify(install) by extensions ['ignore', 'ignore_ament_install']
[0.425s] Level 1:colcon.colcon_core.package_identification:_identify(install) by extension 'ignore'
[0.425s] Level 1:colcon.colcon_core.package_identification:_identify(install) ignored
[0.426s] Level 1:colcon.colcon_core.package_identification:_identify(log) by extensions ['ignore', 'ignore_ament_install']
[0.426s] Level 1:colcon.colcon_core.package_identification:_identify(log) by extension 'ignore'
[0.426s] Level 1:colcon.colcon_core.package_identification:_identify(log) ignored
[0.426s] Level 1:colcon.colcon_core.package_identification:_identify(src) by extensions ['ignore', 'ignore_ament_install']
[0.426s] Level 1:colcon.colcon_core.package_identification:_identify(src) by extension 'ignore'
[0.426s] Level 1:colcon.colcon_core.package_identification:_identify(src) by extension 'ignore_ament_install'
[0.426s] Level 1:colcon.colcon_core.package_identification:_identify(src) by extensions ['colcon_pkg']
[0.426s] Level 1:colcon.colcon_core.package_identification:_identify(src) by extension 'colcon_pkg'
[0.426s] Level 1:colcon.colcon_core.package_identification:_identify(src) by extensions ['colcon_meta']
[0.426s] Level 1:colcon.colcon_core.package_identification:_identify(src) by extension 'colcon_meta'
[0.427s] Level 1:colcon.colcon_core.package_identification:_identify(src) by extensions ['ros']
[0.427s] Level 1:colcon.colcon_core.package_identification:_identify(src) by extension 'ros'
[0.427s] Level 1:colcon.colcon_core.package_identification:_identify(src) by extensions ['cmake', 'python']
[0.427s] Level 1:colcon.colcon_core.package_identification:_identify(src) by extension 'cmake'
[0.427s] Level 1:colcon.colcon_core.package_identification:_identify(src) by extension 'python'
[0.427s] Level 1:colcon.colcon_core.package_identification:_identify(src) by extensions ['python_setup_py']
[0.427s] Level 1:colcon.colcon_core.package_identification:_identify(src) by extension 'python_setup_py'
[0.427s] Level 1:colcon.colcon_core.package_identification:_identify(src/acre_ctrl) by extensions ['ignore', 'ignore_ament_install']
[0.427s] Level 1:colcon.colcon_core.package_identification:_identify(src/acre_ctrl) by extension 'ignore'
[0.427s] Level 1:colcon.colcon_core.package_identification:_identify(src/acre_ctrl) by extension 'ignore_ament_install'
[0.427s] Level 1:colcon.colcon_core.package_identification:_identify(src/acre_ctrl) by extensions ['colcon_pkg']
[0.428s] Level 1:colcon.colcon_core.package_identification:_identify(src/acre_ctrl) by extension 'colcon_pkg'
[0.428s] Level 1:colcon.colcon_core.package_identification:_identify(src/acre_ctrl) by extensions ['colcon_meta']
[0.428s] Level 1:colcon.colcon_core.package_identification:_identify(src/acre_ctrl) by extension 'colcon_meta'
[0.428s] Level 1:colcon.colcon_core.package_identification:_identify(src/acre_ctrl) by extensions ['ros']
[0.428s] Level 1:colcon.colcon_core.package_identification:_identify(src/acre_ctrl) by extension 'ros'
[0.433s] DEBUG:colcon.colcon_core.package_identification:Package 'src/acre_ctrl' with type 'ros.ament_cmake' and name 'acre_ctrl'
[0.433s] Level 1:colcon.colcon_core.package_discovery:discover_packages(recursive) using defaults
[0.433s] Level 1:colcon.colcon_core.package_discovery:discover_packages(ignore) discover
[0.433s] Level 1:colcon.colcon_core.package_discovery:discover_packages(ignore) using defaults
[0.433s] Level 1:colcon.colcon_core.package_discovery:discover_packages(path) discover
[0.433s] Level 1:colcon.colcon_core.package_discovery:discover_packages(path) using defaults
[0.465s] Level 5:colcon.colcon_core.verb:set package 'acre_ctrl' build argument 'cmake_args' from command line to 'None'
[0.465s] Level 5:colcon.colcon_core.verb:set package 'acre_ctrl' build argument 'cmake_target' from command line to 'None'
[0.465s] Level 5:colcon.colcon_core.verb:set package 'acre_ctrl' build argument 'cmake_target_skip_unavailable' from command line to 'False'
[0.466s] Level 5:colcon.colcon_core.verb:set package 'acre_ctrl' build argument 'cmake_clean_cache' from command line to 'False'
[0.466s] Level 5:colcon.colcon_core.verb:set package 'acre_ctrl' build argument 'cmake_clean_first' from command line to 'False'
[0.466s] Level 5:colcon.colcon_core.verb:set package 'acre_ctrl' build argument 'cmake_force_configure' from command line to 'False'
[0.466s] Level 5:colcon.colcon_core.verb:set package 'acre_ctrl' build argument 'ament_cmake_args' from command line to 'None'
[0.466s] Level 5:colcon.colcon_core.verb:set package 'acre_ctrl' build argument 'catkin_cmake_args' from command line to 'None'
[0.466s] Level 5:colcon.colcon_core.verb:set package 'acre_ctrl' build argument 'catkin_skip_building_tests' from command line to 'False'
[0.466s] DEBUG:colcon.colcon_core.verb:Building package 'acre_ctrl' with the following arguments: {'ament_cmake_args': None, 'build_base': '/workspace/build/acre_ctrl', 'catkin_cmake_args': None, 'catkin_skip_building_tests': False, 'cmake_args': None, 'cmake_clean_cache': False, 'cmake_clean_first': False, 'cmake_force_configure': False, 'cmake_target': None, 'cmake_target_skip_unavailable': False, 'install_base': '/workspace/install/acre_ctrl', 'merge_install': False, 'path': '/workspace/src/acre_ctrl', 'symlink_install': False, 'test_result_base': None}
[0.466s] INFO:colcon.colcon_core.executor:Executing jobs using 'parallel' executor
[0.468s] DEBUG:colcon.colcon_parallel_executor.executor.parallel:run_until_complete
[0.468s] INFO:colcon.colcon_ros.task.ament_cmake.build:Building ROS package in '/workspace/src/acre_ctrl' with build type 'ament_cmake'
[0.469s] INFO:colcon.colcon_cmake.task.cmake.build:Building CMake package in '/workspace/src/acre_ctrl'
[0.472s] INFO:colcon.colcon_core.plugin_system:Skipping extension 'colcon_core.shell.bat': Not used on non-Windows systems
[0.473s] INFO:colcon.colcon_core.shell:Skip shell extension 'powershell' for command environment: Not usable outside of PowerShell
[0.473s] DEBUG:colcon.colcon_core.shell:Skip shell extension 'dsv' for command environment
[0.493s] DEBUG:colcon.colcon_core.event_handler.log_command:Invoking command in '/workspace/build/acre_ctrl': CMAKE_PREFIX_PATH=${CMAKE_PREFIX_PATH}:/opt/ros/humble /usr/bin/cmake --build /workspace/build/acre_ctrl -- -j16 -l16
[15.373s] DEBUG:colcon.colcon_core.event_handler.log_command:Invoked command in '/workspace/build/acre_ctrl' returned '0': CMAKE_PREFIX_PATH=${CMAKE_PREFIX_PATH}:/opt/ros/humble /usr/bin/cmake --build /workspace/build/acre_ctrl -- -j16 -l16
[15.387s] DEBUG:colcon.colcon_core.event_handler.log_command:Invoking command in '/workspace/build/acre_ctrl': CMAKE_PREFIX_PATH=${CMAKE_PREFIX_PATH}:/opt/ros/humble /usr/bin/cmake --install /workspace/build/acre_ctrl
[15.467s] Level 1:colcon.colcon_core.environment:create_environment_scripts_only(acre_ctrl)
[15.467s] DEBUG:colcon.colcon_core.event_handler.log_command:Invoked command in '/workspace/build/acre_ctrl' returned '0': CMAKE_PREFIX_PATH=${CMAKE_PREFIX_PATH}:/opt/ros/humble /usr/bin/cmake --install /workspace/build/acre_ctrl
[15.470s] Level 1:colcon.colcon_core.environment:checking '/workspace/install/acre_ctrl' for CMake module files
[15.470s] Level 1:colcon.colcon_core.environment:checking '/workspace/install/acre_ctrl' for CMake config files
[15.471s] Level 1:colcon.colcon_core.shell:create_environment_hook('acre_ctrl', 'cmake_prefix_path')
[15.471s] INFO:colcon.colcon_core.shell:Creating environment hook '/workspace/install/acre_ctrl/share/acre_ctrl/hook/cmake_prefix_path.ps1'
[15.472s] INFO:colcon.colcon_core.shell:Creating environment descriptor '/workspace/install/acre_ctrl/share/acre_ctrl/hook/cmake_prefix_path.dsv'
[15.472s] INFO:colcon.colcon_core.shell:Creating environment hook '/workspace/install/acre_ctrl/share/acre_ctrl/hook/cmake_prefix_path.sh'
[15.473s] Level 1:colcon.colcon_core.environment:checking '/workspace/install/acre_ctrl/lib'
[15.473s] Level 1:colcon.colcon_core.shell:create_environment_hook('acre_ctrl', 'ld_library_path_lib')
[15.473s] INFO:colcon.colcon_core.shell:Creating environment hook '/workspace/install/acre_ctrl/share/acre_ctrl/hook/ld_library_path_lib.ps1'
[15.474s] INFO:colcon.colcon_core.shell:Creating environment descriptor '/workspace/install/acre_ctrl/share/acre_ctrl/hook/ld_library_path_lib.dsv'
[15.474s] INFO:colcon.colcon_core.shell:Creating environment hook '/workspace/install/acre_ctrl/share/acre_ctrl/hook/ld_library_path_lib.sh'
[15.474s] Level 1:colcon.colcon_core.environment:checking '/workspace/install/acre_ctrl/bin'
[15.474s] Level 1:colcon.colcon_core.environment:checking '/workspace/install/acre_ctrl/lib/pkgconfig/acre_ctrl.pc'
[15.478s] Level 1:colcon.colcon_core.environment:checking '/workspace/install/acre_ctrl/lib/python3.10/site-packages'
[15.478s] Level 1:colcon.colcon_core.environment:checking '/workspace/install/acre_ctrl/bin'
[15.478s] INFO:colcon.colcon_core.shell:Creating package script '/workspace/install/acre_ctrl/share/acre_ctrl/package.ps1'
[15.479s] INFO:colcon.colcon_core.shell:Creating package descriptor '/workspace/install/acre_ctrl/share/acre_ctrl/package.dsv'
[15.480s] INFO:colcon.colcon_core.shell:Creating package script '/workspace/install/acre_ctrl/share/acre_ctrl/package.sh'
[15.480s] INFO:colcon.colcon_core.shell:Creating package script '/workspace/install/acre_ctrl/share/acre_ctrl/package.bash'
[15.481s] INFO:colcon.colcon_core.shell:Creating package script '/workspace/install/acre_ctrl/share/acre_ctrl/package.zsh'
[15.482s] Level 1:colcon.colcon_core.environment:create_file_with_runtime_dependencies(/workspace/install/acre_ctrl/share/colcon-core/packages/acre_ctrl)
[15.483s] Level 1:colcon.colcon_core.environment:create_environment_scripts_only(acre_ctrl)
[15.483s] Level 1:colcon.colcon_core.environment:checking '/workspace/install/acre_ctrl' for CMake module files
[15.484s] Level 1:colcon.colcon_core.environment:checking '/workspace/install/acre_ctrl' for CMake config files
[15.484s] Level 1:colcon.colcon_core.shell:create_environment_hook('acre_ctrl', 'cmake_prefix_path')
[15.485s] INFO:colcon.colcon_core.shell:Creating environment hook '/workspace/install/acre_ctrl/share/acre_ctrl/hook/cmake_prefix_path.ps1'
[15.485s] INFO:colcon.colcon_core.shell:Creating environment descriptor '/workspace/install/acre_ctrl/share/acre_ctrl/hook/cmake_prefix_path.dsv'
[15.485s] INFO:colcon.colcon_core.shell:Creating environment hook '/workspace/install/acre_ctrl/share/acre_ctrl/hook/cmake_prefix_path.sh'
[15.486s] Level 1:colcon.colcon_core.environment:checking '/workspace/install/acre_ctrl/lib'
[15.486s] Level 1:colcon.colcon_core.shell:create_environment_hook('acre_ctrl', 'ld_library_path_lib')
[15.486s] INFO:colcon.colcon_core.shell:Creating environment hook '/workspace/install/acre_ctrl/share/acre_ctrl/hook/ld_library_path_lib.ps1'
[15.486s] INFO:colcon.colcon_core.shell:Creating environment descriptor '/workspace/install/acre_ctrl/share/acre_ctrl/hook/ld_library_path_lib.dsv'
[15.487s] INFO:colcon.colcon_core.shell:Creating environment hook '/workspace/install/acre_ctrl/share/acre_ctrl/hook/ld_library_path_lib.sh'
[15.489s] Level 1:colcon.colcon_core.environment:checking '/workspace/install/acre_ctrl/bin'
[15.489s] Level 1:colcon.colcon_core.environment:checking '/workspace/install/acre_ctrl/lib/pkgconfig/acre_ctrl.pc'
[15.489s] Level 1:colcon.colcon_core.environment:checking '/workspace/install/acre_ctrl/lib/python3.10/site-packages'
[15.489s] Level 1:colcon.colcon_core.environment:checking '/workspace/install/acre_ctrl/bin'
[15.489s] INFO:colcon.colcon_core.shell:Creating package script '/workspace/install/acre_ctrl/share/acre_ctrl/package.ps1'
[15.490s] INFO:colcon.colcon_core.shell:Creating package descriptor '/workspace/install/acre_ctrl/share/acre_ctrl/package.dsv'
[15.490s] INFO:colcon.colcon_core.shell:Creating package script '/workspace/install/acre_ctrl/share/acre_ctrl/package.sh'
[15.491s] INFO:colcon.colcon_core.shell:Creating package script '/workspace/install/acre_ctrl/share/acre_ctrl/package.bash'
[15.491s] INFO:colcon.colcon_core.shell:Creating package script '/workspace/install/acre_ctrl/share/acre_ctrl/package.zsh'
[15.492s] Level 1:colcon.colcon_core.environment:create_file_with_runtime_dependencies(/workspace/install/acre_ctrl/share/colcon-core/packages/acre_ctrl)
[15.492s] DEBUG:colcon.colcon_parallel_executor.executor.parallel:closing loop
[15.492s] DEBUG:colcon.colcon_parallel_executor.executor.parallel:loop closed
[15.492s] DEBUG:colcon.colcon_parallel_executor.executor.parallel:run_until_complete finished with '0'
[15.493s] DEBUG:colcon.colcon_core.event_reactor:joining thread
[15.526s] INFO:colcon.colcon_core.plugin_system:Skipping extension 'colcon_notification.desktop_notification.notify_send': Could not find 'notify-send'
[15.526s] INFO:colcon.colcon_core.plugin_system:Skipping extension 'colcon_notification.desktop_notification.terminal_notifier': Not used on non-Darwin systems
[15.526s] INFO:colcon.colcon_core.plugin_system:Skipping extension 'colcon_notification.desktop_notification.win32': Not used on non-Windows systems
[15.526s] INFO:colcon.colcon_notification.desktop_notification:Sending desktop notification using 'notify2'
[15.531s] DEBUG:colcon.colcon_notification.desktop_notification.notify2:Failed to initialize notify2: org.freedesktop.DBus.Error.Spawn.ExecFailed: /usr/bin/dbus-launch terminated abnormally without any error message
[15.531s] DEBUG:colcon.colcon_core.event_reactor:joined thread
[15.532s] INFO:colcon.colcon_core.shell:Creating prefix script '/workspace/install/local_setup.ps1'
[15.533s] INFO:colcon.colcon_core.shell:Creating prefix util module '/workspace/install/_local_setup_util_ps1.py'
[15.534s] INFO:colcon.colcon_core.shell:Creating prefix chain script '/workspace/install/setup.ps1'
[15.536s] INFO:colcon.colcon_core.shell:Creating prefix script '/workspace/install/local_setup.sh'
[15.536s] INFO:colcon.colcon_core.shell:Creating prefix util module '/workspace/install/_local_setup_util_sh.py'
[15.537s] INFO:colcon.colcon_core.shell:Creating prefix chain script '/workspace/install/setup.sh'
[15.538s] INFO:colcon.colcon_core.shell:Creating prefix script '/workspace/install/local_setup.bash'
[15.539s] INFO:colcon.colcon_core.shell:Creating prefix chain script '/workspace/install/setup.bash'
[15.540s] INFO:colcon.colcon_core.shell:Creating prefix script '/workspace/install/local_setup.zsh'
[15.540s] INFO:colcon.colcon_core.shell:Creating prefix chain script '/workspace/install/setup.zsh'
