[  2%] Built target acre_ctrl__cpp
[ 12%] Built target acre_ctrl__rs
[ 12%] Built target acre_ctrl__rosidl_generator_c
[ 12%] Built target ament_cmake_python_copy_acre_ctrl
[ 27%] Built target acre_ctrl__rosidl_typesupport_fastrtps_cpp
[ 27%] Built target acre_ctrl__rosidl_typesupport_cpp
[ 35%] Built target acre_ctrl__rosidl_typesupport_introspection_cpp
[ 57%] Built target acre_ctrl__rosidl_typesupport_c
[ 55%] Built target acre_ctrl__rosidl_typesupport_introspection_c
[ 57%] Built target acre_ctrl__rosidl_typesupport_fastrtps_c
[ 57%] Built target acre_ctrl
[ 60%] Built target acre_ctrl__py
[ 65%] Built target spin_sample
[ 70%] [32mBuilding CXX object CMakeFiles/sportmode_driver.dir/src/common/sportmode_driver.cpp.o[0m
[ 70%] [32mBuilding CXX object CMakeFiles/point_control_node.dir/src/ctrl/point_control_node.cpp.o[0m
[ 75%] Built target acre_ctrl__rosidl_generator_py
[ 90%] Built target acre_ctrl__rosidl_typesupport_introspection_c__pyext
[ 90%] Built target acre_ctrl__rosidl_typesupport_fastrtps_c__pyext
[ 90%] Built target acre_ctrl__rosidl_typesupport_c__pyext
running egg_info
writing acre_ctrl.egg-info/PKG-INFO
writing dependency_links to acre_ctrl.egg-info/dependency_links.txt
writing top-level names to acre_ctrl.egg-info/top_level.txt
reading manifest file 'acre_ctrl.egg-info/SOURCES.txt'
writing manifest file 'acre_ctrl.egg-info/SOURCES.txt'
[ 90%] Built target ament_cmake_python_build_acre_ctrl_egg
In file included from [01m[K/workspace/src/acre_ctrl/include/acre_ctrl/algo/algorithm_runner.hpp:2[m[K,
                 from [01m[K/workspace/src/acre_ctrl/src/ctrl/point_control_node.cpp:8[m[K:
[01m[K/workspace/src/acre_ctrl/include/acre_ctrl/algo/algorithm_base.hpp:79:83:[m[K [01;35m[Kwarning: [m[Kbackslash-newline at end of file
   79 | #define REGISTER_ALGORITHM(ClassName, InputType)                                  \
      |                                                                                    
[01m[K/workspace/src/acre_ctrl/src/common/sportmode_driver.cpp:[m[K In member function ‘[01m[Kvoid Go2SportClientNode::stop_sequence()[m[K’:
[01m[K/workspace/src/acre_ctrl/src/common/sportmode_driver.cpp:99:38:[m[K [01;31m[Kerror: [m[K‘[01m[Kreq_[m[K’ was not declared in this scope; did you mean ‘[01m[Kreq[m[K’?
   99 |         sport_client_.SwitchJoystick([01;31m[Kreq_[m[K, true);
      |                                      [01;31m[K^~~~[m[K
      |                                      [32m[Kreq[m[K
In file included from [01m[K/workspace/src/acre_ctrl/src/ctrl/point_control_node.cpp:8[m[K:
[01m[K/workspace/src/acre_ctrl/include/acre_ctrl/algo/algorithm_runner.hpp:[m[K In member function ‘[01m[Kvoid AlgorithmRunner::load_python(const string&)[m[K’:
[01m[K/workspace/src/acre_ctrl/include/acre_ctrl/algo/algorithm_runner.hpp:62:41:[m[K [01;35m[Kwarning: [m[Kunused parameter ‘[01m[Kpath[m[K’ [[01;35m[K-Wunused-parameter[m[K]
   62 |     void load_python([01;35m[Kconst std::string& path[m[K) {
      |                      [01;35m[K~~~~~~~~~~~~~~~~~~~^~~~[m[K
gmake[2]: *** [CMakeFiles/sportmode_driver.dir/build.make:76: CMakeFiles/sportmode_driver.dir/src/common/sportmode_driver.cpp.o] Error 1
gmake[1]: *** [CMakeFiles/Makefile2:617: CMakeFiles/sportmode_driver.dir/all] Error 2
gmake[1]: *** Waiting for unfinished jobs....
[ 92%] [32m[1mLinking CXX executable point_control_node[0m
[ 95%] Built target point_control_node
gmake: *** [Makefile:146: all] Error 2
