[0mCMake Deprecation Warning at /opt/ros/humble/share/rosidl_cmake/cmake/rosidl_target_interfaces.cmake:32 (message):
  Use rosidl_get_typesupport_target() and target_link_libraries() instead of
  rosidl_target_interfaces()
Call Stack (most recent call first):
  CMakeLists.txt:41 (rosidl_target_interfaces)

[0m
[0mCMake Deprecation Warning at /opt/ros/humble/share/rosidl_cmake/cmake/rosidl_target_interfaces.cmake:32 (message):
  Use rosidl_get_typesupport_target() and target_link_libraries() instead of
  rosidl_target_interfaces()
Call Stack (most recent call first):
  CMakeLists.txt:49 (rosidl_target_interfaces)

[0m
[0mCMake Deprecation Warning at /opt/ros/humble/share/rosidl_cmake/cmake/rosidl_target_interfaces.cmake:32 (message):
  Use rosidl_get_typesupport_target() and target_link_libraries() instead of
  rosidl_target_interfaces()
Call Stack (most recent call first):
  CMakeLists.txt:60 (rosidl_target_interfaces)

[0m
In file included from [01m[K/workspace/src/acre_ctrl/src/algo/spin_sample.cpp:1[m[K:
[01m[K/workspace/src/acre_ctrl/include/acre_ctrl/algo/algorithm_base.hpp:79:83:[m[K [01;35m[Kwarning: [m[Kbackslash-newline at end of file
   79 | #define REGISTER_ALGORITHM(ClassName, InputType)                                  \
      |                                                                                    
[01m[K/workspace/src/acre_ctrl/src/algo/spin_sample.cpp:[m[K In member function ‘[01m[Kvirtual ControlOutput SpinSample::compute(const void*)[m[K’:
[01m[K/workspace/src/acre_ctrl/src/algo/spin_sample.cpp:8:39:[m[K [01;35m[Kwarning: [m[Kunused parameter ‘[01m[Kraw[m[K’ [[01;35m[K-Wunused-parameter[m[K]
    8 |     ControlOutput compute([01;35m[Kconst void* raw[m[K) override {
      |                           [01;35m[K~~~~~~~~~~~~^~~[m[K
In file included from [01m[K/workspace/src/acre_ctrl/include/acre_ctrl/algo/algorithm_runner.hpp:2[m[K,
                 from [01m[K/workspace/src/acre_ctrl/src/ctrl/point_control_node.cpp:8[m[K:
[01m[K/workspace/src/acre_ctrl/include/acre_ctrl/algo/algorithm_base.hpp:79:83:[m[K [01;35m[Kwarning: [m[Kbackslash-newline at end of file
   79 | #define REGISTER_ALGORITHM(ClassName, InputType)                                  \
      |                                                                                    
In file included from [01m[K/usr/include/pybind11/pytypes.h:12[m[K,
                 from [01m[K/usr/include/pybind11/cast.h:13[m[K,
                 from [01m[K/usr/include/pybind11/attr.h:13[m[K,
                 from [01m[K/usr/include/pybind11/pybind11.h:13[m[K,
                 from [01m[K/usr/include/pybind11/embed.h:12[m[K,
                 from [01m[K/workspace/src/acre_ctrl/include/acre_ctrl/algo/algorithm_runner.hpp:3[m[K,
                 from [01m[K/workspace/src/acre_ctrl/src/ctrl/point_control_node.cpp:8[m[K:
[01m[K/usr/include/pybind11/detail/common.h:215:10:[m[K [01;31m[Kfatal error: [m[KPython.h: No such file or directory
  215 | #include [01;31m[K<Python.h>[m[K
      |          [01;31m[K^~~~~~~~~~[m[K
compilation terminated.
gmake[2]: *** [CMakeFiles/point_control_node.dir/build.make:76: CMakeFiles/point_control_node.dir/src/ctrl/point_control_node.cpp.o] Error 1
gmake[2]: *** Waiting for unfinished jobs....
[01m[K/workspace/src/acre_ctrl/src/common/sportmode_driver.cpp:[m[K In member function ‘[01m[Kvoid Go2SportClientNode::publish_odom()[m[K’:
[01m[K/workspace/src/acre_ctrl/src/common/sportmode_driver.cpp:99:36:[m[K [01;31m[Kerror: [m[Kno match for call to ‘[01m[K(unitree_go::msg::SportModeState_<std::allocator<void> >::_position_type {aka std::array<float, 3>}) ()[m[K’
   99 |         auto pos  = [01;31m[Kstate_.position()[m[K;    // std::array<float, 3>
      |                     [01;31m[K~~~~~~~~~~~~~~~^~[m[K
[01m[K/workspace/src/acre_ctrl/src/common/sportmode_driver.cpp:100:37:[m[K [01;31m[Kerror: [m[Kno match for call to ‘[01m[K(unitree_go::msg::SportModeState_<std::allocator<void> >::_imu_state_type {aka unitree_go::msg::IMUState_<std::allocator<void> >}) ()[m[K’
  100 |         auto quat = [01;31m[Kstate_.imu_state()[m[K.quaternion();  // std::array<float, 4> (w,x,y,z)
      |                     [01;31m[K~~~~~~~~~~~~~~~~^~[m[K
[01m[K/workspace/src/acre_ctrl/src/common/sportmode_driver.cpp:101:36:[m[K [01;31m[Kerror: [m[Kno match for call to ‘[01m[K(unitree_go::msg::SportModeState_<std::allocator<void> >::_velocity_type {aka std::array<float, 3>}) ()[m[K’
  101 |         auto vel  = [01;31m[Kstate_.velocity()[m[K;    // std::array<float, 3>
      |                     [01;31m[K~~~~~~~~~~~~~~~^~[m[K
[01m[K/workspace/src/acre_ctrl/src/common/sportmode_driver.cpp:102:37:[m[K [01;31m[Kerror: [m[Kno match for call to ‘[01m[K(unitree_go::msg::SportModeState_<std::allocator<void> >::_imu_state_type {aka unitree_go::msg::IMUState_<std::allocator<void> >}) ()[m[K’
  102 |         auto gyro = [01;31m[Kstate_.imu_state()[m[K.gyroscope();   // std::array<float, 3>
      |                     [01;31m[K~~~~~~~~~~~~~~~~^~[m[K
[01m[K/workspace/src/acre_ctrl/src/common/sportmode_driver.cpp:122:53:[m[K [01;31m[Kerror: [m[Kexpression cannot be used as a function
  122 |         msg.twist.twist.angular.z = [01;31m[Kstate_.yaw_speed()[m[K;
      |                                     [01;31m[K~~~~~~~~~~~~~~~~^~[m[K
[01m[K/workspace/src/acre_ctrl/src/common/sportmode_driver.cpp:[m[K In member function ‘[01m[Kvoid Go2SportClientNode::get_init_state()[m[K’:
[01m[K/workspace/src/acre_ctrl/src/common/sportmode_driver.cpp:131:35:[m[K [01;31m[Kerror: [m[Kno match for call to ‘[01m[K(unitree_go::msg::SportModeState_<std::allocator<void> >::_position_type {aka std::array<float, 3>}) ()[m[K’
  131 |         auto pos = [01;31m[Kstate_.position()[m[K;
      |                    [01;31m[K~~~~~~~~~~~~~~~^~[m[K
[01m[K/workspace/src/acre_ctrl/src/common/sportmode_driver.cpp:132:36:[m[K [01;31m[Kerror: [m[Kno match for call to ‘[01m[K(unitree_go::msg::SportModeState_<std::allocator<void> >::_imu_state_type {aka unitree_go::msg::IMUState_<std::allocator<void> >}) ()[m[K’
  132 |         auto rpy = [01;31m[Kstate_.imu_state()[m[K.rpy();
      |                    [01;31m[K~~~~~~~~~~~~~~~~^~[m[K
gmake[2]: *** [CMakeFiles/sportmode_driver.dir/build.make:76: CMakeFiles/sportmode_driver.dir/src/common/sportmode_driver.cpp.o] Error 1
gmake[2]: *** Waiting for unfinished jobs....
gmake[1]: *** [CMakeFiles/Makefile2:617: CMakeFiles/sportmode_driver.dir/all] Error 2
gmake[1]: *** Waiting for unfinished jobs....
gmake[1]: *** [CMakeFiles/Makefile2:645: CMakeFiles/point_control_node.dir/all] Error 2
gmake: *** [Makefile:146: all] Error 2
