[0mCMake Deprecation Warning at /opt/ros/humble/share/rosidl_cmake/cmake/rosidl_target_interfaces.cmake:32 (message):
  Use rosidl_get_typesupport_target() and target_link_libraries() instead of
  rosidl_target_interfaces()
Call Stack (most recent call first):
  CMakeLists.txt:42 (rosidl_target_interfaces)

[0m
[0mCMake Deprecation Warning at /opt/ros/humble/share/rosidl_cmake/cmake/rosidl_target_interfaces.cmake:32 (message):
  Use rosidl_get_typesupport_target() and target_link_libraries() instead of
  rosidl_target_interfaces()
Call Stack (most recent call first):
  CMakeLists.txt:50 (rosidl_target_interfaces)

[0m
[0mCMake Deprecation Warning at /opt/ros/humble/share/rosidl_cmake/cmake/rosidl_target_interfaces.cmake:32 (message):
  Use rosidl_get_typesupport_target() and target_link_libraries() instead of
  rosidl_target_interfaces()
Call Stack (most recent call first):
  CMakeLists.txt:61 (rosidl_target_interfaces)

[0m
In file included from [01m[K/workspace/src/acre_ctrl/include/acre_ctrl/algo/algorithm_runner.hpp:2[m[K,
                 from [01m[K/workspace/src/acre_ctrl/src/ctrl/point_control_node.cpp:8[m[K:
[01m[K/workspace/src/acre_ctrl/include/acre_ctrl/algo/algorithm_base.hpp:79:83:[m[K [01;35m[Kwarning: [m[Kbackslash-newline at end of file
   79 | #define REGISTER_ALGORITHM(ClassName, InputType)                                  \
      |                                                                                    
In file included from [01m[K/workspace/src/acre_ctrl/src/ctrl/point_control_node.cpp:8[m[K:
[01m[K/workspace/src/acre_ctrl/include/acre_ctrl/algo/algorithm_runner.hpp:[m[K In member function ‘[01m[Kvoid AlgorithmRunner::load_python(const string&)[m[K’:
[01m[K/workspace/src/acre_ctrl/include/acre_ctrl/algo/algorithm_runner.hpp:65:13:[m[K [01;31m[Kerror: [m[K‘[01m[Kmodeule_[m[K’ is not a member of ‘[01m[Kpy[m[K’; did you mean ‘[01m[Kmodule_[m[K’?
   65 |         py::[01;31m[Kmodeule_[m[K algo = py::module_::import(path); // import the algorithm file at the given path
      |             [01;31m[K^~~~~~~~[m[K
      |             [32m[Kmodule_[m[K
[01m[K/workspace/src/acre_ctrl/include/acre_ctrl/algo/algorithm_runner.hpp:66:21:[m[K [01;31m[Kerror: [m[K‘[01m[Kalgo[m[K’ was not declared in this scope
   66 |         instance_ = [01;31m[Kalgo[m[K.attr("init"); // Initlize the instance
      |                     [01;31m[K^~~~[m[K
[01m[K/workspace/src/acre_ctrl/include/acre_ctrl/algo/algorithm_runner.hpp:68:24:[m[K [01;31m[Kerror: [m[Kcapture of non-variable ‘[01m[KAlgorithmRunner::compute[m[K’
   68 |         compute_fn_ = [[01;31m[Kcompute[m[K](void* p, const void* in) {
      |                        [01;31m[K^~~~~~~[m[K
[01m[K/workspace/src/acre_ctrl/include/acre_ctrl/algo/algorithm_runner.hpp:27:19:[m[K [01;36m[Knote: [m[K‘[01m[KControlOutput AlgorithmRunner::compute(const void*)[m[K’ declared here
   27 |     ControlOutput [01;36m[Kcompute[m[K(const void* input) {
      |                   [01;36m[K^~~~~~~[m[K
[01m[K/workspace/src/acre_ctrl/include/acre_ctrl/algo/algorithm_runner.hpp:[m[K In lambda function:
[01m[K/workspace/src/acre_ctrl/include/acre_ctrl/algo/algorithm_runner.hpp:69:20:[m[K [01;31m[Kerror: [m[K‘[01m[Kalgo[m[K’ is not captured
   69 |             return [01;31m[Kalgo[m[K.attr("compute")(p, in);
      |                    [01;31m[K^~~~[m[K
[01m[K/workspace/src/acre_ctrl/include/acre_ctrl/algo/algorithm_runner.hpp:68:31:[m[K [01;36m[Knote: [m[Kthe lambda has no capture-default
   68 |         compute_fn_ = [compute[01;36m[K][m[K(void* p, const void* in) {
      |                               [01;36m[K^[m[K
[01m[K/workspace/src/acre_ctrl/include/acre_ctrl/algo/algorithm_runner.hpp:66:21:[m[K [01;36m[Knote: [m[K‘[01m[K<typeprefixerror>algo[m[K’ declared here
   66 |         instance_ = [01;36m[Kalgo[m[K.attr("init"); // Initlize the instance
      |                     [01;36m[K^~~~[m[K
[01m[K/workspace/src/acre_ctrl/include/acre_ctrl/algo/algorithm_runner.hpp:[m[K In member function ‘[01m[Kvoid AlgorithmRunner::load_python(const string&)[m[K’:
[01m[K/workspace/src/acre_ctrl/include/acre_ctrl/algo/algorithm_runner.hpp:70:9:[m[K [01;31m[Kerror: [m[Kno match for ‘[01m[Koperator=[m[K’ (operand types are ‘[01m[Kstd::function<ControlOutput(void*, const void*)>[m[K’ and ‘[01m[KAlgorithmRunner::load_python(const string&)::<lambda(void*, const void*)>[m[K’)
   70 |         [01;31m[K}[m[K;
      |         [01;31m[K^[m[K
In file included from [01m[K/usr/include/c++/11/future:47[m[K,
                 from [01m[K/opt/ros/humble/include/rclcpp/rclcpp/executors.hpp:18[m[K,
                 from [01m[K/opt/ros/humble/include/rclcpp/rclcpp/rclcpp.hpp:155[m[K,
                 from [01m[K/workspace/src/acre_ctrl/src/ctrl/point_control_node.cpp:3[m[K:
[01m[K/usr/include/c++/11/bits/std_function.h:530:9:[m[K [01;36m[Knote: [m[Kcandidate: ‘[01m[Ktemplate<class _Functor> std::function<_Res(_ArgTypes ...)>::_Requires<std::function<_Res(_ArgTypes ...)>::_Callable<_Functor>, std::function<_Res(_ArgTypes ...)>&> std::function<_Res(_ArgTypes ...)>::operator=(_Functor&&) [with _Functor = _Functor; _Res = ControlOutput; _ArgTypes = {void*, const void*}][m[K’
  530 |         [01;36m[Koperator[m[K=(_Functor&& __f)
      |         [01;36m[K^~~~~~~~[m[K
[01m[K/usr/include/c++/11/bits/std_function.h:530:9:[m[K [01;36m[Knote: [m[K  template argument deduction/substitution failed:
In file included from [01m[K/usr/include/c++/11/ratio:39[m[K,
                 from [01m[K/usr/include/c++/11/chrono:39[m[K,
                 from [01m[K/workspace/src/acre_ctrl/src/ctrl/point_control_node.cpp:1[m[K:
/usr/include/c++/11/type_traits: In substitution of ‘[01m[Ktemplate<bool _Cond, class _Tp> using __enable_if_t = typename std::enable_if::type [with bool _Cond = false; _Tp = std::function<ControlOutput(void*, const void*)>&][m[K’:
[01m[K/usr/include/c++/11/bits/std_function.h:353:8:[m[K   required by substitution of ‘[01m[Ktemplate<class _Res, class ... _ArgTypes> template<class _Cond, class _Tp> using _Requires = std::__enable_if_t<_Cond::value, _Tp> [with _Cond = std::function<ControlOutput(void*, const void*)>::_Callable<AlgorithmRunner::load_python(const string&)::<lambda(void*, const void*)>, AlgorithmRunner::load_python(const string&)::<lambda(void*, const void*)>, std::__invoke_result<AlgorithmRunner::load_python(const string&)::<lambda(void*, const void*)>&, void*, const void*> >; _Tp = std::function<ControlOutput(void*, const void*)>&; _Res = ControlOutput; _ArgTypes = {void*, const void*}][m[K’
[01m[K/usr/include/c++/11/bits/std_function.h:530:2:[m[K   required by substitution of ‘[01m[Ktemplate<class _Functor> std::function<ControlOutput(void*, const void*)>::_Requires<std::function<ControlOutput(void*, const void*)>::_Callable<_Functor, typename std::enable_if<(! std::is_same<typename std::remove_cv<typename std::remove_reference<_Tp>::type>::type, std::function<ControlOutput(void*, const void*)> >::value), std::decay<_Tp> >::type::type, std::__invoke_result<typename std::enable_if<(! std::is_same<typename std::remove_cv<typename std::remove_reference<_Tp>::type>::type, std::function<ControlOutput(void*, const void*)> >::value), std::decay<_Tp> >::type::type&, void*, const void*> >, std::function<ControlOutput(void*, const void*)>&> std::function<ControlOutput(void*, const void*)>::operator=<_Functor>(_Functor&&) [with _Functor = AlgorithmRunner::load_python(const string&)::<lambda(void*, const void*)>][m[K’
[01m[K/workspace/src/acre_ctrl/include/acre_ctrl/algo/algorithm_runner.hpp:70:9:[m[K   required from here
[01m[K/usr/include/c++/11/type_traits:2205:11:[m[K [01;31m[Kerror: [m[Kno type named ‘[01m[Ktype[m[K’ in ‘[01m[Kstruct std::enable_if<false, std::function<ControlOutput(void*, const void*)>&>[m[K’
 2205 |     using [01;31m[K__enable_if_t[m[K = typename enable_if<_Cond, _Tp>::type;
      |           [01;31m[K^~~~~~~~~~~~~[m[K
In file included from [01m[K/usr/include/c++/11/future:47[m[K,
                 from [01m[K/opt/ros/humble/include/rclcpp/rclcpp/executors.hpp:18[m[K,
                 from [01m[K/opt/ros/humble/include/rclcpp/rclcpp/rclcpp.hpp:155[m[K,
                 from [01m[K/workspace/src/acre_ctrl/src/ctrl/point_control_node.cpp:3[m[K:
[01m[K/usr/include/c++/11/bits/std_function.h:540:9:[m[K [01;36m[Knote: [m[Kcandidate: ‘[01m[Ktemplate<class _Functor> std::function<_Res(_ArgTypes ...)>& std::function<_Res(_ArgTypes ...)>::operator=(std::reference_wrapper<_Functor>) [with _Functor = _Functor; _Res = ControlOutput; _ArgTypes = {void*, const void*}][m[K’
  540 |         [01;36m[Koperator[m[K=(reference_wrapper<_Functor> __f) noexcept
      |         [01;36m[K^~~~~~~~[m[K
[01m[K/usr/include/c++/11/bits/std_function.h:540:9:[m[K [01;36m[Knote: [m[K  template argument deduction/substitution failed:
In file included from [01m[K/workspace/src/acre_ctrl/src/ctrl/point_control_node.cpp:8[m[K:
[01m[K/workspace/src/acre_ctrl/include/acre_ctrl/algo/algorithm_runner.hpp:70:9:[m[K [01;36m[Knote: [m[K  ‘[01m[KAlgorithmRunner::load_python(const string&)::<lambda(void*, const void*)>[m[K’ is not derived from ‘[01m[Kstd::reference_wrapper<_Tp>[m[K’
   70 |         [01;36m[K}[m[K;
      |         [01;36m[K^[m[K
In file included from [01m[K/usr/include/c++/11/future:47[m[K,
                 from [01m[K/opt/ros/humble/include/rclcpp/rclcpp/executors.hpp:18[m[K,
                 from [01m[K/opt/ros/humble/include/rclcpp/rclcpp/rclcpp.hpp:155[m[K,
                 from [01m[K/workspace/src/acre_ctrl/src/ctrl/point_control_node.cpp:3[m[K:
[01m[K/usr/include/c++/11/bits/std_function.h:469:7:[m[K [01;36m[Knote: [m[Kcandidate: ‘[01m[Kstd::function<_Res(_ArgTypes ...)>& std::function<_Res(_ArgTypes ...)>::operator=(const std::function<_Res(_ArgTypes ...)>&) [with _Res = ControlOutput; _ArgTypes = {void*, const void*}][m[K’
  469 |       [01;36m[Koperator[m[K=(const function& __x)
      |       [01;36m[K^~~~~~~~[m[K
[01m[K/usr/include/c++/11/bits/std_function.h:469:33:[m[K [01;36m[Knote: [m[K  no known conversion for argument 1 from ‘[01m[KAlgorithmRunner::load_python(const string&)::<lambda(void*, const void*)>[m[K’ to ‘[01m[Kconst std::function<ControlOutput(void*, const void*)>&[m[K’
  469 |       operator=([01;36m[Kconst function& __x[m[K)
      |                 [01;36m[K~~~~~~~~~~~~~~~~^~~[m[K
[01m[K/usr/include/c++/11/bits/std_function.h:487:7:[m[K [01;36m[Knote: [m[Kcandidate: ‘[01m[Kstd::function<_Res(_ArgTypes ...)>& std::function<_Res(_ArgTypes ...)>::operator=(std::function<_Res(_ArgTypes ...)>&&) [with _Res = ControlOutput; _ArgTypes = {void*, const void*}][m[K’
  487 |       [01;36m[Koperator[m[K=(function&& __x) noexcept
      |       [01;36m[K^~~~~~~~[m[K
[01m[K/usr/include/c++/11/bits/std_function.h:487:28:[m[K [01;36m[Knote: [m[K  no known conversion for argument 1 from ‘[01m[KAlgorithmRunner::load_python(const string&)::<lambda(void*, const void*)>[m[K’ to ‘[01m[Kstd::function<ControlOutput(void*, const void*)>&&[m[K’
  487 |       operator=([01;36m[Kfunction&& __x[m[K) noexcept
      |                 [01;36m[K~~~~~~~~~~~^~~[m[K
[01m[K/usr/include/c++/11/bits/std_function.h:501:7:[m[K [01;36m[Knote: [m[Kcandidate: ‘[01m[Kstd::function<_Res(_ArgTypes ...)>& std::function<_Res(_ArgTypes ...)>::operator=(std::nullptr_t) [with _Res = ControlOutput; _ArgTypes = {void*, const void*}; std::nullptr_t = std::nullptr_t][m[K’
  501 |       [01;36m[Koperator[m[K=(nullptr_t) noexcept
      |       [01;36m[K^~~~~~~~[m[K
[01m[K/usr/include/c++/11/bits/std_function.h:501:17:[m[K [01;36m[Knote: [m[K  no known conversion for argument 1 from ‘[01m[KAlgorithmRunner::load_python(const string&)::<lambda(void*, const void*)>[m[K’ to ‘[01m[Kstd::nullptr_t[m[K’
  501 |       operator=([01;36m[Knullptr_t[m[K) noexcept
      |                 [01;36m[K^~~~~~~~~[m[K
In file included from [01m[K/workspace/src/acre_ctrl/src/ctrl/point_control_node.cpp:8[m[K:
[01m[K/workspace/src/acre_ctrl/include/acre_ctrl/algo/algorithm_runner.hpp:62:41:[m[K [01;35m[Kwarning: [m[Kunused parameter ‘[01m[Kpath[m[K’ [[01;35m[K-Wunused-parameter[m[K]
   62 |     void load_python([01;35m[Kconst std::string& path[m[K) {
      |                      [01;35m[K~~~~~~~~~~~~~~~~~~~^~~~[m[K
[01m[K/workspace/src/acre_ctrl/src/ctrl/point_control_node.cpp:[m[K In member function ‘[01m[Kvoid PointControlNode::ctrl_callback()[m[K’:
[01m[K/workspace/src/acre_ctrl/src/ctrl/point_control_node.cpp:85:16:[m[K [01;35m[Kwarning: [m[Kunused variable ‘[01m[Kdt[m[K’ [[01;35m[K-Wunused-variable[m[K]
   85 |         double [01;35m[Kdt[m[K = (now - last_tick_).seconds();
      |                [01;35m[K^~[m[K
gmake[2]: *** [CMakeFiles/point_control_node.dir/build.make:76: CMakeFiles/point_control_node.dir/src/ctrl/point_control_node.cpp.o] Error 1
gmake[2]: *** Waiting for unfinished jobs....
gmake[1]: *** [CMakeFiles/Makefile2:645: CMakeFiles/point_control_node.dir/all] Error 2
gmake: *** [Makefile:146: all] Error 2
