[0.015s] Invoking command in '/workspace/build/acre_ctrl': CMAKE_PREFIX_PATH=${CMAKE_PREFIX_PATH}:/opt/ros/humble /usr/bin/cmake --build /workspace/build/acre_ctrl -- -j16 -l16
[0.063s] -- Found ament_cmake: 1.3.14 (/opt/ros/humble/share/ament_cmake/cmake)
[0.218s] -- Found rclcpp: 16.0.19 (/opt/ros/humble/share/rclcpp/cmake)
[0.250s] -- Found rosidl_generator_c: 3.1.8 (/opt/ros/humble/share/rosidl_generator_c/cmake)
[0.253s] -- Found rosidl_adapter: 3.1.8 (/opt/ros/humble/share/rosidl_adapter/cmake)
[0.260s] -- Found rosidl_generator_cpp: 3.1.8 (/opt/ros/humble/share/rosidl_generator_cpp/cmake)
[0.272s] -- Using all available rosidl_typesupport_c: rosidl_typesupport_fastrtps_c;rosidl_typesupport_introspection_c
[0.286s] -- Using all available rosidl_typesupport_cpp: rosidl_typesupport_fastrtps_cpp;rosidl_typesupport_introspection_cpp
[0.323s] -- Found rmw_implementation_cmake: 6.1.2 (/opt/ros/humble/share/rmw_implementation_cmake/cmake)
[0.325s] -- Found rmw_cyclonedds_cpp: 1.3.4 (/opt/ros/humble/share/rmw_cyclonedds_cpp/cmake)
[0.345s] -- Using RMW implementation 'rmw_cyclonedds_cpp' as default
[0.389s] -- Found rosidl_default_generators: 1.2.1 (/opt/ros/humble/share/rosidl_default_generators/cmake)
[0.399s] -- Found geometry_msgs: 4.9.1 (/opt/ros/humble/share/geometry_msgs/cmake)
[0.408s] -- Found nav_msgs: 4.9.1 (/opt/ros/humble/share/nav_msgs/cmake)
[0.420s] -- Found unitree_go: 0.0.0 (/opt/unitree_ros2/cyclonedds_ws/install/unitree_go/share/unitree_go/cmake)
[0.429s] -- Found unitree_api: 0.0.0 (/opt/unitree_ros2/cyclonedds_ws/install/unitree_api/share/unitree_api/cmake)
[0.567s] -- Found Python3: /usr/bin/python3 (found version "3.10.12") found components: Development Interpreter Development.Module Development.Embed 
[0.569s] -- Found pybind11: /usr/include (found version "2.9.1")
[0.615s] -- Found Python3: /usr/bin/python3 (found version "3.10.12") found components: Interpreter 
[0.754s] -- Found ament_cmake_ros: 0.10.0 (/opt/ros/humble/share/ament_cmake_ros/cmake)
[0.999s] -- Using all available rosidl_typesupport_c: rosidl_typesupport_fastrtps_c;rosidl_typesupport_introspection_c
[1.093s] -- Using all available rosidl_typesupport_cpp: rosidl_typesupport_fastrtps_cpp;rosidl_typesupport_introspection_cpp
[1.121s] -- Found python_cmake_module: 0.10.0 (/opt/ros/humble/share/python_cmake_module/cmake)
[1.139s] -- Using PYTHON_EXECUTABLE: /usr/bin/python3
[1.140s] -- Using PYTHON_INCLUDE_DIRS: /usr/include/python3.10
[1.140s] -- Using PYTHON_LIBRARIES: /usr/lib/x86_64-linux-gnu/libpython3.10.so
[1.195s] [0mCMake Deprecation Warning at /opt/ros/humble/share/rosidl_cmake/cmake/rosidl_target_interfaces.cmake:32 (message):
[1.196s]   Use rosidl_get_typesupport_target() and target_link_libraries() instead of
[1.196s]   rosidl_target_interfaces()
[1.196s] Call Stack (most recent call first):
[1.196s]   CMakeLists.txt:42 (rosidl_target_interfaces)
[1.196s] 
[1.196s] [0m
[1.196s] [0mCMake Deprecation Warning at /opt/ros/humble/share/rosidl_cmake/cmake/rosidl_target_interfaces.cmake:32 (message):
[1.197s]   Use rosidl_get_typesupport_target() and target_link_libraries() instead of
[1.197s]   rosidl_target_interfaces()
[1.197s] Call Stack (most recent call first):
[1.197s]   CMakeLists.txt:50 (rosidl_target_interfaces)
[1.197s] 
[1.197s] [0m
[1.198s] [0mCMake Deprecation Warning at /opt/ros/humble/share/rosidl_cmake/cmake/rosidl_target_interfaces.cmake:32 (message):
[1.198s]   Use rosidl_get_typesupport_target() and target_link_libraries() instead of
[1.198s]   rosidl_target_interfaces()
[1.198s] Call Stack (most recent call first):
[1.198s]   CMakeLists.txt:61 (rosidl_target_interfaces)
[1.198s] 
[1.198s] [0m
[1.198s] -- Found ament_lint_auto: 0.12.15 (/opt/ros/humble/share/ament_lint_auto/cmake)
[1.209s] -- Added test 'cppcheck' to perform static code analysis on C / C++ code
[1.209s] -- Configured cppcheck include dirs: /workspace/src/acre_ctrl/include/acre_ctrl
[1.209s] -- Configured cppcheck exclude dirs and/or files: 
[1.210s] -- Added test 'lint_cmake' to check CMake code style
[1.212s] -- Added test 'uncrustify' to check C / C++ code style
[1.212s] -- Configured uncrustify additional arguments: 
[1.212s] -- Added test 'xmllint' to check XML markup files
[1.213s] -- Configuring done
[1.259s] -- Generating done
[1.274s] -- Build files have been written to: /workspace/build/acre_ctrl
[1.307s] [35m[1mConsolidate compiler generated dependencies of target acre_ctrl__rosidl_generator_c[0m
[1.316s] [  5%] Built target acre_ctrl__rs
[1.316s] [  5%] Built target acre_ctrl__cpp
[1.318s] [ 12%] Built target acre_ctrl__rosidl_generator_c
[1.326s] [ 12%] Built target ament_cmake_python_copy_acre_ctrl
[1.326s] [35m[1mConsolidate compiler generated dependencies of target acre_ctrl__rosidl_typesupport_fastrtps_cpp[0m
[1.327s] [35m[1mConsolidate compiler generated dependencies of target acre_ctrl__rosidl_typesupport_cpp[0m
[1.327s] [35m[1mConsolidate compiler generated dependencies of target acre_ctrl__rosidl_typesupport_introspection_cpp[0m
[1.328s] [35m[1mConsolidate compiler generated dependencies of target acre_ctrl__rosidl_typesupport_fastrtps_c[0m
[1.328s] [35m[1mConsolidate compiler generated dependencies of target acre_ctrl__rosidl_typesupport_introspection_c[0m
[1.328s] [35m[1mConsolidate compiler generated dependencies of target acre_ctrl__rosidl_typesupport_c[0m
[1.341s] [ 20%] Built target acre_ctrl__rosidl_typesupport_c
[1.341s] [ 27%] Built target acre_ctrl__rosidl_typesupport_introspection_c
[1.344s] [ 50%] Built target acre_ctrl__rosidl_typesupport_cpp
[1.344s] [ 50%] Built target acre_ctrl__rosidl_typesupport_introspection_cpp
[1.344s] [ 50%] Built target acre_ctrl__rosidl_typesupport_fastrtps_cpp
[1.344s] [ 57%] Built target acre_ctrl__rosidl_typesupport_fastrtps_c
[1.368s] [ 57%] Built target acre_ctrl
[1.380s] [35m[1mConsolidate compiler generated dependencies of target spin_sample[0m
[1.380s] [35m[1mConsolidate compiler generated dependencies of target point_control_node[0m
[1.381s] [35m[1mConsolidate compiler generated dependencies of target sportmode_driver[0m
[1.391s] [ 60%] Built target acre_ctrl__py
[1.393s] [ 65%] Built target spin_sample
[1.402s] [35m[1mConsolidate compiler generated dependencies of target acre_ctrl__rosidl_generator_py[0m
[1.404s] [ 67%] [32mBuilding CXX object CMakeFiles/point_control_node.dir/src/ctrl/point_control_node.cpp.o[0m
[1.409s] [ 70%] [32mBuilding CXX object CMakeFiles/point_control_node.dir/src/common/ros2_sport_client.cpp.o[0m
[1.416s] [ 77%] Built target sportmode_driver
[1.418s] [ 82%] Built target acre_ctrl__rosidl_generator_py
[1.430s] [35m[1mConsolidate compiler generated dependencies of target acre_ctrl__rosidl_typesupport_c__pyext[0m
[1.430s] [35m[1mConsolidate compiler generated dependencies of target acre_ctrl__rosidl_typesupport_introspection_c__pyext[0m
[1.430s] [35m[1mConsolidate compiler generated dependencies of target acre_ctrl__rosidl_typesupport_fastrtps_c__pyext[0m
[1.447s] [ 97%] Built target acre_ctrl__rosidl_typesupport_fastrtps_c__pyext
[1.447s] [ 97%] Built target acre_ctrl__rosidl_typesupport_introspection_c__pyext
[1.447s] [ 97%] Built target acre_ctrl__rosidl_typesupport_c__pyext
[1.509s] running egg_info
[1.509s] writing acre_ctrl.egg-info/PKG-INFO
[1.509s] writing dependency_links to acre_ctrl.egg-info/dependency_links.txt
[1.510s] writing top-level names to acre_ctrl.egg-info/top_level.txt
[1.511s] reading manifest file 'acre_ctrl.egg-info/SOURCES.txt'
[1.512s] writing manifest file 'acre_ctrl.egg-info/SOURCES.txt'
[1.540s] [ 97%] Built target ament_cmake_python_build_acre_ctrl_egg
[1.729s] In file included from [01m[K/workspace/src/acre_ctrl/include/acre_ctrl/algo/algorithm_runner.hpp:2[m[K,
[1.729s]                  from [01m[K/workspace/src/acre_ctrl/src/ctrl/point_control_node.cpp:8[m[K:
[1.729s] [01m[K/workspace/src/acre_ctrl/include/acre_ctrl/algo/algorithm_base.hpp:79:83:[m[K [01;35m[Kwarning: [m[Kbackslash-newline at end of file
[1.729s]    79 | #define REGISTER_ALGORITHM(ClassName, InputType)                                  \
[1.729s]       |                                                                                    
[4.033s] In file included from [01m[K/workspace/src/acre_ctrl/src/ctrl/point_control_node.cpp:8[m[K:
[4.033s] [01m[K/workspace/src/acre_ctrl/include/acre_ctrl/algo/algorithm_runner.hpp:[m[K In member function ‘[01m[Kvoid AlgorithmRunner::load_python(const string&)[m[K’:
[4.033s] [01m[K/workspace/src/acre_ctrl/include/acre_ctrl/algo/algorithm_runner.hpp:65:13:[m[K [01;31m[Kerror: [m[K‘[01m[Kmodeule_[m[K’ is not a member of ‘[01m[Kpy[m[K’; did you mean ‘[01m[Kmodule_[m[K’?
[4.033s]    65 |         py::[01;31m[Kmodeule_[m[K algo = py::module_::import(path); // import the algorithm file at the given path
[4.033s]       |             [01;31m[K^~~~~~~~[m[K
[4.033s]       |             [32m[Kmodule_[m[K
[4.040s] [01m[K/workspace/src/acre_ctrl/include/acre_ctrl/algo/algorithm_runner.hpp:66:21:[m[K [01;31m[Kerror: [m[K‘[01m[Kalgo[m[K’ was not declared in this scope
[4.040s]    66 |         instance_ = [01;31m[Kalgo[m[K.attr("init"); // Initlize the instance
[4.040s]       |                     [01;31m[K^~~~[m[K
[4.040s] [01m[K/workspace/src/acre_ctrl/include/acre_ctrl/algo/algorithm_runner.hpp:68:24:[m[K [01;31m[Kerror: [m[Kcapture of non-variable ‘[01m[KAlgorithmRunner::compute[m[K’
[4.040s]    68 |         compute_fn_ = [[01;31m[Kcompute[m[K](void* p, const void* in) {
[4.041s]       |                        [01;31m[K^~~~~~~[m[K
[4.041s] [01m[K/workspace/src/acre_ctrl/include/acre_ctrl/algo/algorithm_runner.hpp:27:19:[m[K [01;36m[Knote: [m[K‘[01m[KControlOutput AlgorithmRunner::compute(const void*)[m[K’ declared here
[4.041s]    27 |     ControlOutput [01;36m[Kcompute[m[K(const void* input) {
[4.041s]       |                   [01;36m[K^~~~~~~[m[K
[4.041s] [01m[K/workspace/src/acre_ctrl/include/acre_ctrl/algo/algorithm_runner.hpp:[m[K In lambda function:
[4.041s] [01m[K/workspace/src/acre_ctrl/include/acre_ctrl/algo/algorithm_runner.hpp:69:20:[m[K [01;31m[Kerror: [m[K‘[01m[Kalgo[m[K’ is not captured
[4.041s]    69 |             return [01;31m[Kalgo[m[K.attr("compute")(p, in);
[4.041s]       |                    [01;31m[K^~~~[m[K
[4.041s] [01m[K/workspace/src/acre_ctrl/include/acre_ctrl/algo/algorithm_runner.hpp:68:31:[m[K [01;36m[Knote: [m[Kthe lambda has no capture-default
[4.041s]    68 |         compute_fn_ = [compute[01;36m[K][m[K(void* p, const void* in) {
[4.041s]       |                               [01;36m[K^[m[K
[4.041s] [01m[K/workspace/src/acre_ctrl/include/acre_ctrl/algo/algorithm_runner.hpp:66:21:[m[K [01;36m[Knote: [m[K‘[01m[K<typeprefixerror>algo[m[K’ declared here
[4.041s]    66 |         instance_ = [01;36m[Kalgo[m[K.attr("init"); // Initlize the instance
[4.041s]       |                     [01;36m[K^~~~[m[K
[4.041s] [01m[K/workspace/src/acre_ctrl/include/acre_ctrl/algo/algorithm_runner.hpp:[m[K In member function ‘[01m[Kvoid AlgorithmRunner::load_python(const string&)[m[K’:
[4.041s] [01m[K/workspace/src/acre_ctrl/include/acre_ctrl/algo/algorithm_runner.hpp:70:9:[m[K [01;31m[Kerror: [m[Kno match for ‘[01m[Koperator=[m[K’ (operand types are ‘[01m[Kstd::function<ControlOutput(void*, const void*)>[m[K’ and ‘[01m[KAlgorithmRunner::load_python(const string&)::<lambda(void*, const void*)>[m[K’)
[4.041s]    70 |         [01;31m[K}[m[K;
[4.041s]       |         [01;31m[K^[m[K
[4.041s] In file included from [01m[K/usr/include/c++/11/future:47[m[K,
[4.041s]                  from [01m[K/opt/ros/humble/include/rclcpp/rclcpp/executors.hpp:18[m[K,
[4.042s]                  from [01m[K/opt/ros/humble/include/rclcpp/rclcpp/rclcpp.hpp:155[m[K,
[4.042s]                  from [01m[K/workspace/src/acre_ctrl/src/ctrl/point_control_node.cpp:3[m[K:
[4.042s] [01m[K/usr/include/c++/11/bits/std_function.h:530:9:[m[K [01;36m[Knote: [m[Kcandidate: ‘[01m[Ktemplate<class _Functor> std::function<_Res(_ArgTypes ...)>::_Requires<std::function<_Res(_ArgTypes ...)>::_Callable<_Functor>, std::function<_Res(_ArgTypes ...)>&> std::function<_Res(_ArgTypes ...)>::operator=(_Functor&&) [with _Functor = _Functor; _Res = ControlOutput; _ArgTypes = {void*, const void*}][m[K’
[4.042s]   530 |         [01;36m[Koperator[m[K=(_Functor&& __f)
[4.042s]       |         [01;36m[K^~~~~~~~[m[K
[4.042s] [01m[K/usr/include/c++/11/bits/std_function.h:530:9:[m[K [01;36m[Knote: [m[K  template argument deduction/substitution failed:
[4.042s] In file included from [01m[K/usr/include/c++/11/ratio:39[m[K,
[4.042s]                  from [01m[K/usr/include/c++/11/chrono:39[m[K,
[4.042s]                  from [01m[K/workspace/src/acre_ctrl/src/ctrl/point_control_node.cpp:1[m[K:
[4.042s] /usr/include/c++/11/type_traits: In substitution of ‘[01m[Ktemplate<bool _Cond, class _Tp> using __enable_if_t = typename std::enable_if::type [with bool _Cond = false; _Tp = std::function<ControlOutput(void*, const void*)>&][m[K’:
[4.042s] [01m[K/usr/include/c++/11/bits/std_function.h:353:8:[m[K   required by substitution of ‘[01m[Ktemplate<class _Res, class ... _ArgTypes> template<class _Cond, class _Tp> using _Requires = std::__enable_if_t<_Cond::value, _Tp> [with _Cond = std::function<ControlOutput(void*, const void*)>::_Callable<AlgorithmRunner::load_python(const string&)::<lambda(void*, const void*)>, AlgorithmRunner::load_python(const string&)::<lambda(void*, const void*)>, std::__invoke_result<AlgorithmRunner::load_python(const string&)::<lambda(void*, const void*)>&, void*, const void*> >; _Tp = std::function<ControlOutput(void*, const void*)>&; _Res = ControlOutput; _ArgTypes = {void*, const void*}][m[K’
[4.042s] [01m[K/usr/include/c++/11/bits/std_function.h:530:2:[m[K   required by substitution of ‘[01m[Ktemplate<class _Functor> std::function<ControlOutput(void*, const void*)>::_Requires<std::function<ControlOutput(void*, const void*)>::_Callable<_Functor, typename std::enable_if<(! std::is_same<typename std::remove_cv<typename std::remove_reference<_Tp>::type>::type, std::function<ControlOutput(void*, const void*)> >::value), std::decay<_Tp> >::type::type, std::__invoke_result<typename std::enable_if<(! std::is_same<typename std::remove_cv<typename std::remove_reference<_Tp>::type>::type, std::function<ControlOutput(void*, const void*)> >::value), std::decay<_Tp> >::type::type&, void*, const void*> >, std::function<ControlOutput(void*, const void*)>&> std::function<ControlOutput(void*, const void*)>::operator=<_Functor>(_Functor&&) [with _Functor = AlgorithmRunner::load_python(const string&)::<lambda(void*, const void*)>][m[K’
[4.042s] [01m[K/workspace/src/acre_ctrl/include/acre_ctrl/algo/algorithm_runner.hpp:70:9:[m[K   required from here
[4.042s] [01m[K/usr/include/c++/11/type_traits:2205:11:[m[K [01;31m[Kerror: [m[Kno type named ‘[01m[Ktype[m[K’ in ‘[01m[Kstruct std::enable_if<false, std::function<ControlOutput(void*, const void*)>&>[m[K’
[4.042s]  2205 |     using [01;31m[K__enable_if_t[m[K = typename enable_if<_Cond, _Tp>::type;
[4.042s]       |           [01;31m[K^~~~~~~~~~~~~[m[K
[4.042s] In file included from [01m[K/usr/include/c++/11/future:47[m[K,
[4.042s]                  from [01m[K/opt/ros/humble/include/rclcpp/rclcpp/executors.hpp:18[m[K,
[4.042s]                  from [01m[K/opt/ros/humble/include/rclcpp/rclcpp/rclcpp.hpp:155[m[K,
[4.042s]                  from [01m[K/workspace/src/acre_ctrl/src/ctrl/point_control_node.cpp:3[m[K:
[4.042s] [01m[K/usr/include/c++/11/bits/std_function.h:540:9:[m[K [01;36m[Knote: [m[Kcandidate: ‘[01m[Ktemplate<class _Functor> std::function<_Res(_ArgTypes ...)>& std::function<_Res(_ArgTypes ...)>::operator=(std::reference_wrapper<_Functor>) [with _Functor = _Functor; _Res = ControlOutput; _ArgTypes = {void*, const void*}][m[K’
[4.043s]   540 |         [01;36m[Koperator[m[K=(reference_wrapper<_Functor> __f) noexcept
[4.043s]       |         [01;36m[K^~~~~~~~[m[K
[4.043s] [01m[K/usr/include/c++/11/bits/std_function.h:540:9:[m[K [01;36m[Knote: [m[K  template argument deduction/substitution failed:
[4.043s] In file included from [01m[K/workspace/src/acre_ctrl/src/ctrl/point_control_node.cpp:8[m[K:
[4.043s] [01m[K/workspace/src/acre_ctrl/include/acre_ctrl/algo/algorithm_runner.hpp:70:9:[m[K [01;36m[Knote: [m[K  ‘[01m[KAlgorithmRunner::load_python(const string&)::<lambda(void*, const void*)>[m[K’ is not derived from ‘[01m[Kstd::reference_wrapper<_Tp>[m[K’
[4.043s]    70 |         [01;36m[K}[m[K;
[4.043s]       |         [01;36m[K^[m[K
[4.043s] In file included from [01m[K/usr/include/c++/11/future:47[m[K,
[4.043s]                  from [01m[K/opt/ros/humble/include/rclcpp/rclcpp/executors.hpp:18[m[K,
[4.043s]                  from [01m[K/opt/ros/humble/include/rclcpp/rclcpp/rclcpp.hpp:155[m[K,
[4.043s]                  from [01m[K/workspace/src/acre_ctrl/src/ctrl/point_control_node.cpp:3[m[K:
[4.043s] [01m[K/usr/include/c++/11/bits/std_function.h:469:7:[m[K [01;36m[Knote: [m[Kcandidate: ‘[01m[Kstd::function<_Res(_ArgTypes ...)>& std::function<_Res(_ArgTypes ...)>::operator=(const std::function<_Res(_ArgTypes ...)>&) [with _Res = ControlOutput; _ArgTypes = {void*, const void*}][m[K’
[4.043s]   469 |       [01;36m[Koperator[m[K=(const function& __x)
[4.043s]       |       [01;36m[K^~~~~~~~[m[K
[4.043s] [01m[K/usr/include/c++/11/bits/std_function.h:469:33:[m[K [01;36m[Knote: [m[K  no known conversion for argument 1 from ‘[01m[KAlgorithmRunner::load_python(const string&)::<lambda(void*, const void*)>[m[K’ to ‘[01m[Kconst std::function<ControlOutput(void*, const void*)>&[m[K’
[4.043s]   469 |       operator=([01;36m[Kconst function& __x[m[K)
[4.043s]       |                 [01;36m[K~~~~~~~~~~~~~~~~^~~[m[K
[4.043s] [01m[K/usr/include/c++/11/bits/std_function.h:487:7:[m[K [01;36m[Knote: [m[Kcandidate: ‘[01m[Kstd::function<_Res(_ArgTypes ...)>& std::function<_Res(_ArgTypes ...)>::operator=(std::function<_Res(_ArgTypes ...)>&&) [with _Res = ControlOutput; _ArgTypes = {void*, const void*}][m[K’
[4.043s]   487 |       [01;36m[Koperator[m[K=(function&& __x) noexcept
[4.043s]       |       [01;36m[K^~~~~~~~[m[K
[4.043s] [01m[K/usr/include/c++/11/bits/std_function.h:487:28:[m[K [01;36m[Knote: [m[K  no known conversion for argument 1 from ‘[01m[KAlgorithmRunner::load_python(const string&)::<lambda(void*, const void*)>[m[K’ to ‘[01m[Kstd::function<ControlOutput(void*, const void*)>&&[m[K’
[4.043s]   487 |       operator=([01;36m[Kfunction&& __x[m[K) noexcept
[4.044s]       |                 [01;36m[K~~~~~~~~~~~^~~[m[K
[4.044s] [01m[K/usr/include/c++/11/bits/std_function.h:501:7:[m[K [01;36m[Knote: [m[Kcandidate: ‘[01m[Kstd::function<_Res(_ArgTypes ...)>& std::function<_Res(_ArgTypes ...)>::operator=(std::nullptr_t) [with _Res = ControlOutput; _ArgTypes = {void*, const void*}; std::nullptr_t = std::nullptr_t][m[K’
[4.044s]   501 |       [01;36m[Koperator[m[K=(nullptr_t) noexcept
[4.044s]       |       [01;36m[K^~~~~~~~[m[K
[4.044s] [01m[K/usr/include/c++/11/bits/std_function.h:501:17:[m[K [01;36m[Knote: [m[K  no known conversion for argument 1 from ‘[01m[KAlgorithmRunner::load_python(const string&)::<lambda(void*, const void*)>[m[K’ to ‘[01m[Kstd::nullptr_t[m[K’
[4.044s]   501 |       operator=([01;36m[Knullptr_t[m[K) noexcept
[4.044s]       |                 [01;36m[K^~~~~~~~~[m[K
[4.044s] In file included from [01m[K/workspace/src/acre_ctrl/src/ctrl/point_control_node.cpp:8[m[K:
[4.044s] [01m[K/workspace/src/acre_ctrl/include/acre_ctrl/algo/algorithm_runner.hpp:62:41:[m[K [01;35m[Kwarning: [m[Kunused parameter ‘[01m[Kpath[m[K’ [[01;35m[K-Wunused-parameter[m[K]
[4.044s]    62 |     void load_python([01;35m[Kconst std::string& path[m[K) {
[4.044s]       |                      [01;35m[K~~~~~~~~~~~~~~~~~~~^~~~[m[K
[4.178s] [01m[K/workspace/src/acre_ctrl/src/ctrl/point_control_node.cpp:[m[K In member function ‘[01m[Kvoid PointControlNode::ctrl_callback()[m[K’:
[4.178s] [01m[K/workspace/src/acre_ctrl/src/ctrl/point_control_node.cpp:85:16:[m[K [01;35m[Kwarning: [m[Kunused variable ‘[01m[Kdt[m[K’ [[01;35m[K-Wunused-variable[m[K]
[4.179s]    85 |         double [01;35m[Kdt[m[K = (now - last_tick_).seconds();
[4.179s]       |                [01;35m[K^~[m[K
[8.424s] gmake[2]: *** [CMakeFiles/point_control_node.dir/build.make:76: CMakeFiles/point_control_node.dir/src/ctrl/point_control_node.cpp.o] Error 1
[8.424s] gmake[2]: *** Waiting for unfinished jobs....
[9.651s] gmake[1]: *** [CMakeFiles/Makefile2:645: CMakeFiles/point_control_node.dir/all] Error 2
[9.651s] gmake: *** [Makefile:146: all] Error 2
[9.654s] Invoked command in '/workspace/build/acre_ctrl' returned '2': CMAKE_PREFIX_PATH=${CMAKE_PREFIX_PATH}:/opt/ros/humble /usr/bin/cmake --build /workspace/build/acre_ctrl -- -j16 -l16
