[  5%] Built target acre_ctrl__cpp
[  5%] Built target acre_ctrl__rs
[ 12%] Built target acre_ctrl__rosidl_generator_c
[ 12%] Built target ament_cmake_python_copy_acre_ctrl
[ 22%] Built target acre_ctrl__rosidl_typesupport_cpp
[ 27%] Built target acre_ctrl__rosidl_typesupport_introspection_cpp
[ 35%] Built target acre_ctrl__rosidl_typesupport_fastrtps_cpp
[ 42%] Built target acre_ctrl__rosidl_typesupport_introspection_c
[ 57%] Built target acre_ctrl__rosidl_typesupport_c
[ 57%] Built target acre_ctrl__rosidl_typesupport_fastrtps_c
[ 57%] Built target acre_ctrl
[35m[1mConsolidate compiler generated dependencies of target spin_sample[0m
[35m[1mConsolidate compiler generated dependencies of target point_control_node[0m
[35m[1mConsolidate compiler generated dependencies of target sportmode_driver[0m
[ 60%] Built target acre_ctrl__py
[ 65%] Built target spin_sample
[ 67%] [32mBuilding CXX object CMakeFiles/point_control_node.dir/src/ctrl/point_control_node.cpp.o[0m
[ 70%] [32mBuilding CXX object CMakeFiles/sportmode_driver.dir/src/common/sportmode_driver.cpp.o[0m
[ 75%] Built target acre_ctrl__rosidl_generator_py
[ 90%] Built target acre_ctrl__rosidl_typesupport_c__pyext
[ 90%] Built target acre_ctrl__rosidl_typesupport_fastrtps_c__pyext
[ 90%] Built target acre_ctrl__rosidl_typesupport_introspection_c__pyext
running egg_info
writing acre_ctrl.egg-info/PKG-INFO
writing dependency_links to acre_ctrl.egg-info/dependency_links.txt
writing top-level names to acre_ctrl.egg-info/top_level.txt
reading manifest file 'acre_ctrl.egg-info/SOURCES.txt'
writing manifest file 'acre_ctrl.egg-info/SOURCES.txt'
[ 90%] Built target ament_cmake_python_build_acre_ctrl_egg
[ 92%] [32m[1mLinking CXX executable sportmode_driver[0m
[ 95%] Built target sportmode_driver
