[0.015s] Invoking command in '/workspace/build/acre_ctrl': CMAKE_PREFIX_PATH=${CMAKE_PREFIX_PATH}:/opt/ros/humble /usr/bin/cmake --build /workspace/build/acre_ctrl -- -j16 -l16
[0.110s] [  5%] Built target acre_ctrl__cpp
[0.110s] [  5%] Built target acre_ctrl__rs
[0.110s] [ 12%] Built target acre_ctrl__rosidl_generator_c
[0.123s] [ 12%] Built target ament_cmake_python_copy_acre_ctrl
[0.138s] [ 22%] Built target acre_ctrl__rosidl_typesupport_cpp
[0.138s] [ 27%] Built target acre_ctrl__rosidl_typesupport_introspection_cpp
[0.139s] [ 35%] Built target acre_ctrl__rosidl_typesupport_fastrtps_cpp
[0.153s] [ 42%] Built target acre_ctrl__rosidl_typesupport_introspection_c
[0.153s] [ 57%] Built target acre_ctrl__rosidl_typesupport_c
[0.154s] [ 57%] Built target acre_ctrl__rosidl_typesupport_fastrtps_c
[0.183s] [ 57%] Built target acre_ctrl
[0.197s] [35m[1mConsolidate compiler generated dependencies of target spin_sample[0m
[0.197s] [35m[1mConsolidate compiler generated dependencies of target point_control_node[0m
[0.198s] [35m[1mConsolidate compiler generated dependencies of target sportmode_driver[0m
[0.212s] [ 60%] Built target acre_ctrl__py
[0.214s] [ 65%] Built target spin_sample
[0.227s] [ 67%] [32mBuilding CXX object CMakeFiles/point_control_node.dir/src/ctrl/point_control_node.cpp.o[0m
[0.240s] [ 70%] [32mBuilding CXX object CMakeFiles/sportmode_driver.dir/src/common/sportmode_driver.cpp.o[0m
[0.243s] [ 75%] Built target acre_ctrl__rosidl_generator_py
[0.273s] [ 90%] Built target acre_ctrl__rosidl_typesupport_c__pyext
[0.274s] [ 90%] Built target acre_ctrl__rosidl_typesupport_fastrtps_c__pyext
[0.274s] [ 90%] Built target acre_ctrl__rosidl_typesupport_introspection_c__pyext
[0.355s] running egg_info
[0.356s] writing acre_ctrl.egg-info/PKG-INFO
[0.356s] writing dependency_links to acre_ctrl.egg-info/dependency_links.txt
[0.356s] writing top-level names to acre_ctrl.egg-info/top_level.txt
[0.357s] reading manifest file 'acre_ctrl.egg-info/SOURCES.txt'
[0.358s] writing manifest file 'acre_ctrl.egg-info/SOURCES.txt'
[0.385s] [ 90%] Built target ament_cmake_python_build_acre_ctrl_egg
[0.616s] In file included from [01m[K/workspace/src/acre_ctrl/include/acre_ctrl/algo/algorithm_runner.hpp:2[m[K,
[0.616s]                  from [01m[K/workspace/src/acre_ctrl/src/ctrl/point_control_node.cpp:8[m[K:
[0.617s] [01m[K/workspace/src/acre_ctrl/include/acre_ctrl/algo/algorithm_base.hpp:79:83:[m[K [01;35m[Kwarning: [m[Kbackslash-newline at end of file
[0.617s]    79 | #define REGISTER_ALGORITHM(ClassName, InputType)                                  \
[0.617s]       |                                                                                    
[0.619s] In file included from [01m[K/usr/include/pybind11/pytypes.h:12[m[K,
[0.619s]                  from [01m[K/usr/include/pybind11/cast.h:13[m[K,
[0.619s]                  from [01m[K/usr/include/pybind11/attr.h:13[m[K,
[0.619s]                  from [01m[K/usr/include/pybind11/pybind11.h:13[m[K,
[0.619s]                  from [01m[K/usr/include/pybind11/embed.h:12[m[K,
[0.619s]                  from [01m[K/workspace/src/acre_ctrl/include/acre_ctrl/algo/algorithm_runner.hpp:3[m[K,
[0.619s]                  from [01m[K/workspace/src/acre_ctrl/src/ctrl/point_control_node.cpp:8[m[K:
[0.619s] [01m[K/usr/include/pybind11/detail/common.h:215:10:[m[K [01;31m[Kfatal error: [m[KPython.h: No such file or directory
[0.619s]   215 | #include [01;31m[K<Python.h>[m[K
[0.620s]       |          [01;31m[K^~~~~~~~~~[m[K
[0.620s] compilation terminated.
[0.623s] gmake[2]: *** [CMakeFiles/point_control_node.dir/build.make:76: CMakeFiles/point_control_node.dir/src/ctrl/point_control_node.cpp.o] Error 1
[0.623s] gmake[1]: *** [CMakeFiles/Makefile2:645: CMakeFiles/point_control_node.dir/all] Error 2
[0.624s] gmake[1]: *** Waiting for unfinished jobs....
[8.453s] [ 92%] [32m[1mLinking CXX executable sportmode_driver[0m
[9.058s] [ 95%] Built target sportmode_driver
[9.059s] gmake: *** [Makefile:146: all] Error 2
[9.061s] Invoked command in '/workspace/build/acre_ctrl' returned '2': CMAKE_PREFIX_PATH=${CMAKE_PREFIX_PATH}:/opt/ros/humble /usr/bin/cmake --build /workspace/build/acre_ctrl -- -j16 -l16
