[  5%] Built target acre_ctrl__cpp
[  5%] Built target acre_ctrl__rs
[ 12%] Built target acre_ctrl__rosidl_generator_c
[ 12%] Built target ament_cmake_python_copy_acre_ctrl
[ 25%] Built target acre_ctrl__rosidl_typesupport_introspection_cpp
[ 27%] Built target acre_ctrl__rosidl_typesupport_cpp
[ 35%] Built target acre_ctrl__rosidl_typesupport_fastrtps_cpp
[ 50%] Built target acre_ctrl__rosidl_typesupport_introspection_c
[ 50%] Built target acre_ctrl__rosidl_typesupport_c
[ 57%] Built target acre_ctrl__rosidl_typesupport_fastrtps_c
[ 57%] Built target acre_ctrl
[35m[1mConsolidate compiler generated dependencies of target point_control_node[0m
[ 62%] Built target spin_sample
[ 65%] Built target acre_ctrl__py
[ 72%] Built target sportmode_driver
[ 77%] Built target acre_ctrl__rosidl_generator_py
[ 80%] [32mBuilding CXX object CMakeFiles/point_control_node.dir/src/ctrl/point_control_node.cpp.o[0m
[ 95%] Built target acre_ctrl__rosidl_typesupport_fastrtps_c__pyext
[ 95%] Built target acre_ctrl__rosidl_typesupport_c__pyext
[ 95%] Built target acre_ctrl__rosidl_typesupport_introspection_c__pyext
running egg_info
writing acre_ctrl.egg-info/PKG-INFO
writing dependency_links to acre_ctrl.egg-info/dependency_links.txt
writing top-level names to acre_ctrl.egg-info/top_level.txt
reading manifest file 'acre_ctrl.egg-info/SOURCES.txt'
writing manifest file 'acre_ctrl.egg-info/SOURCES.txt'
[ 95%] Built target ament_cmake_python_build_acre_ctrl_egg
In file included from [01m[K/workspace/src/acre_ctrl/include/acre_ctrl/algo/algorithm_runner.hpp:2[m[K,
                 from [01m[K/workspace/src/acre_ctrl/src/ctrl/point_control_node.cpp:8[m[K:
[01m[K/workspace/src/acre_ctrl/include/acre_ctrl/algo/algorithm_base.hpp:79:83:[m[K [01;35m[Kwarning: [m[Kbackslash-newline at end of file
   79 | #define REGISTER_ALGORITHM(ClassName, InputType)                                  \
      |                                                                                    
In file included from [01m[K/workspace/src/acre_ctrl/src/ctrl/point_control_node.cpp:8[m[K:
[01m[K/workspace/src/acre_ctrl/include/acre_ctrl/algo/algorithm_runner.hpp:[m[K In member function ‘[01m[Kvoid AlgorithmRunner::load_python(const string&)[m[K’:
[01m[K/workspace/src/acre_ctrl/include/acre_ctrl/algo/algorithm_runner.hpp:62:41:[m[K [01;35m[Kwarning: [m[Kunused parameter ‘[01m[Kpath[m[K’ [[01;35m[K-Wunused-parameter[m[K]
   62 |     void load_python([01;35m[Kconst std::string& path[m[K) {
      |                      [01;35m[K~~~~~~~~~~~~~~~~~~~^~~~[m[K
[01m[K/workspace/src/acre_ctrl/src/ctrl/point_control_node.cpp:[m[K In member function ‘[01m[Kvoid PointControlNode::ctrl_callback()[m[K’:
[01m[K/workspace/src/acre_ctrl/src/ctrl/point_control_node.cpp:85:16:[m[K [01;35m[Kwarning: [m[Kunused variable ‘[01m[Kdt[m[K’ [[01;35m[K-Wunused-variable[m[K]
   85 |         double [01;35m[Kdt[m[K = (now - last_tick_).seconds();
      |                [01;35m[K^~[m[K
[ 97%] [32m[1mLinking CXX executable point_control_node[0m
[100%] Built target point_control_node
-- Install configuration: ""
-- Installing: /workspace/install/acre_ctrl/share/ament_index/resource_index/rosidl_interfaces/acre_ctrl
-- Installing: /workspace/install/acre_ctrl/include/acre_ctrl/acre_ctrl
-- Installing: /workspace/install/acre_ctrl/include/acre_ctrl/acre_ctrl/msg
-- Installing: /workspace/install/acre_ctrl/include/acre_ctrl/acre_ctrl/msg/rosidl_generator_c__visibility_control.h
-- Installing: /workspace/install/acre_ctrl/include/acre_ctrl/acre_ctrl/srv
-- Installing: /workspace/install/acre_ctrl/include/acre_ctrl/acre_ctrl/srv/go2_start_sequence.h
-- Installing: /workspace/install/acre_ctrl/include/acre_ctrl/acre_ctrl/srv/detail
-- Installing: /workspace/install/acre_ctrl/include/acre_ctrl/acre_ctrl/srv/detail/go2_start_sequence__functions.c
-- Installing: /workspace/install/acre_ctrl/include/acre_ctrl/acre_ctrl/srv/detail/go2_start_sequence__functions.h
-- Installing: /workspace/install/acre_ctrl/include/acre_ctrl/acre_ctrl/srv/detail/go2_start_sequence__struct.h
-- Installing: /workspace/install/acre_ctrl/include/acre_ctrl/acre_ctrl/srv/detail/go2_start_sequence__type_support.h
-- Installing: /workspace/install/acre_ctrl/share/acre_ctrl/environment/library_path.sh
-- Installing: /workspace/install/acre_ctrl/share/acre_ctrl/environment/library_path.dsv
-- Installing: /workspace/install/acre_ctrl/lib/libacre_ctrl__rosidl_generator_c.so
-- Set runtime path of "/workspace/install/acre_ctrl/lib/libacre_ctrl__rosidl_generator_c.so" to ""
-- Up-to-date: /workspace/install/acre_ctrl/include/acre_ctrl/acre_ctrl
-- Up-to-date: /workspace/install/acre_ctrl/include/acre_ctrl/acre_ctrl/msg
-- Installing: /workspace/install/acre_ctrl/include/acre_ctrl/acre_ctrl/msg/rosidl_typesupport_fastrtps_c__visibility_control.h
-- Up-to-date: /workspace/install/acre_ctrl/include/acre_ctrl/acre_ctrl/srv
-- Up-to-date: /workspace/install/acre_ctrl/include/acre_ctrl/acre_ctrl/srv/detail
-- Installing: /workspace/install/acre_ctrl/include/acre_ctrl/acre_ctrl/srv/detail/go2_start_sequence__rosidl_typesupport_fastrtps_c.h
-- Installing: /workspace/install/acre_ctrl/lib/libacre_ctrl__rosidl_typesupport_fastrtps_c.so
-- Set runtime path of "/workspace/install/acre_ctrl/lib/libacre_ctrl__rosidl_typesupport_fastrtps_c.so" to ""
-- Up-to-date: /workspace/install/acre_ctrl/include/acre_ctrl/acre_ctrl
-- Up-to-date: /workspace/install/acre_ctrl/include/acre_ctrl/acre_ctrl/msg
-- Installing: /workspace/install/acre_ctrl/include/acre_ctrl/acre_ctrl/msg/rosidl_generator_cpp__visibility_control.hpp
-- Up-to-date: /workspace/install/acre_ctrl/include/acre_ctrl/acre_ctrl/srv
-- Installing: /workspace/install/acre_ctrl/include/acre_ctrl/acre_ctrl/srv/go2_start_sequence.hpp
-- Up-to-date: /workspace/install/acre_ctrl/include/acre_ctrl/acre_ctrl/srv/detail
-- Installing: /workspace/install/acre_ctrl/include/acre_ctrl/acre_ctrl/srv/detail/go2_start_sequence__builder.hpp
-- Installing: /workspace/install/acre_ctrl/include/acre_ctrl/acre_ctrl/srv/detail/go2_start_sequence__struct.hpp
-- Installing: /workspace/install/acre_ctrl/include/acre_ctrl/acre_ctrl/srv/detail/go2_start_sequence__traits.hpp
-- Installing: /workspace/install/acre_ctrl/include/acre_ctrl/acre_ctrl/srv/detail/go2_start_sequence__type_support.hpp
-- Up-to-date: /workspace/install/acre_ctrl/include/acre_ctrl/acre_ctrl
-- Up-to-date: /workspace/install/acre_ctrl/include/acre_ctrl/acre_ctrl/msg
-- Installing: /workspace/install/acre_ctrl/include/acre_ctrl/acre_ctrl/msg/rosidl_typesupport_fastrtps_cpp__visibility_control.h
-- Up-to-date: /workspace/install/acre_ctrl/include/acre_ctrl/acre_ctrl/srv
-- Up-to-date: /workspace/install/acre_ctrl/include/acre_ctrl/acre_ctrl/srv/detail
-- Installing: /workspace/install/acre_ctrl/include/acre_ctrl/acre_ctrl/srv/detail/go2_start_sequence__rosidl_typesupport_fastrtps_cpp.hpp
-- Installing: /workspace/install/acre_ctrl/include/acre_ctrl/acre_ctrl/srv/detail/dds_fastrtps
-- Installing: /workspace/install/acre_ctrl/lib/libacre_ctrl__rosidl_typesupport_fastrtps_cpp.so
-- Set runtime path of "/workspace/install/acre_ctrl/lib/libacre_ctrl__rosidl_typesupport_fastrtps_cpp.so" to ""
-- Up-to-date: /workspace/install/acre_ctrl/include/acre_ctrl/acre_ctrl
-- Up-to-date: /workspace/install/acre_ctrl/include/acre_ctrl/acre_ctrl/msg
-- Installing: /workspace/install/acre_ctrl/include/acre_ctrl/acre_ctrl/msg/rosidl_typesupport_introspection_c__visibility_control.h
-- Up-to-date: /workspace/install/acre_ctrl/include/acre_ctrl/acre_ctrl/srv
-- Up-to-date: /workspace/install/acre_ctrl/include/acre_ctrl/acre_ctrl/srv/detail
-- Installing: /workspace/install/acre_ctrl/include/acre_ctrl/acre_ctrl/srv/detail/go2_start_sequence__rosidl_typesupport_introspection_c.h
-- Installing: /workspace/install/acre_ctrl/include/acre_ctrl/acre_ctrl/srv/detail/go2_start_sequence__type_support.c
-- Installing: /workspace/install/acre_ctrl/lib/libacre_ctrl__rosidl_typesupport_introspection_c.so
-- Set runtime path of "/workspace/install/acre_ctrl/lib/libacre_ctrl__rosidl_typesupport_introspection_c.so" to ""
-- Installing: /workspace/install/acre_ctrl/lib/libacre_ctrl__rosidl_typesupport_c.so
-- Set runtime path of "/workspace/install/acre_ctrl/lib/libacre_ctrl__rosidl_typesupport_c.so" to ""
-- Up-to-date: /workspace/install/acre_ctrl/include/acre_ctrl/acre_ctrl
-- Up-to-date: /workspace/install/acre_ctrl/include/acre_ctrl/acre_ctrl/srv
-- Up-to-date: /workspace/install/acre_ctrl/include/acre_ctrl/acre_ctrl/srv/detail
-- Installing: /workspace/install/acre_ctrl/include/acre_ctrl/acre_ctrl/srv/detail/go2_start_sequence__rosidl_typesupport_introspection_cpp.hpp
-- Installing: /workspace/install/acre_ctrl/include/acre_ctrl/acre_ctrl/srv/detail/go2_start_sequence__type_support.cpp
-- Installing: /workspace/install/acre_ctrl/lib/libacre_ctrl__rosidl_typesupport_introspection_cpp.so
-- Set runtime path of "/workspace/install/acre_ctrl/lib/libacre_ctrl__rosidl_typesupport_introspection_cpp.so" to ""
-- Installing: /workspace/install/acre_ctrl/lib/libacre_ctrl__rosidl_typesupport_cpp.so
-- Set runtime path of "/workspace/install/acre_ctrl/lib/libacre_ctrl__rosidl_typesupport_cpp.so" to ""
-- Installing: /workspace/install/acre_ctrl/share/acre_ctrl/environment/pythonpath.sh
-- Installing: /workspace/install/acre_ctrl/share/acre_ctrl/environment/pythonpath.dsv
-- Installing: /workspace/install/acre_ctrl/local/lib/python3.10/dist-packages/acre_ctrl-0.0.0-py3.10.egg-info
-- Installing: /workspace/install/acre_ctrl/local/lib/python3.10/dist-packages/acre_ctrl-0.0.0-py3.10.egg-info/PKG-INFO
-- Installing: /workspace/install/acre_ctrl/local/lib/python3.10/dist-packages/acre_ctrl-0.0.0-py3.10.egg-info/dependency_links.txt
-- Installing: /workspace/install/acre_ctrl/local/lib/python3.10/dist-packages/acre_ctrl-0.0.0-py3.10.egg-info/top_level.txt
-- Installing: /workspace/install/acre_ctrl/local/lib/python3.10/dist-packages/acre_ctrl-0.0.0-py3.10.egg-info/SOURCES.txt
-- Installing: /workspace/install/acre_ctrl/local/lib/python3.10/dist-packages/acre_ctrl
-- Installing: /workspace/install/acre_ctrl/local/lib/python3.10/dist-packages/acre_ctrl/__init__.py
-- Installing: /workspace/install/acre_ctrl/local/lib/python3.10/dist-packages/acre_ctrl/srv
-- Installing: /workspace/install/acre_ctrl/local/lib/python3.10/dist-packages/acre_ctrl/srv/_go2_start_sequence.py
-- Installing: /workspace/install/acre_ctrl/local/lib/python3.10/dist-packages/acre_ctrl/srv/_go2_start_sequence_s.c
-- Installing: /workspace/install/acre_ctrl/local/lib/python3.10/dist-packages/acre_ctrl/srv/__init__.py
-- Installing: /workspace/install/acre_ctrl/local/lib/python3.10/dist-packages/acre_ctrl/_acre_ctrl_s.ep.rosidl_typesupport_fastrtps_c.c
-- Installing: /workspace/install/acre_ctrl/local/lib/python3.10/dist-packages/acre_ctrl/_acre_ctrl_s.ep.rosidl_typesupport_introspection_c.c
-- Installing: /workspace/install/acre_ctrl/local/lib/python3.10/dist-packages/acre_ctrl/_acre_ctrl_s.ep.rosidl_typesupport_c.c
-- Installing: /workspace/install/acre_ctrl/local/lib/python3.10/dist-packages/acre_ctrl/libacre_ctrl__rosidl_generator_py.so
-- Installing: /workspace/install/acre_ctrl/local/lib/python3.10/dist-packages/acre_ctrl/acre_ctrl_s__rosidl_typesupport_introspection_c.cpython-310-x86_64-linux-gnu.so
-- Installing: /workspace/install/acre_ctrl/local/lib/python3.10/dist-packages/acre_ctrl/acre_ctrl_s__rosidl_typesupport_c.cpython-310-x86_64-linux-gnu.so
-- Installing: /workspace/install/acre_ctrl/local/lib/python3.10/dist-packages/acre_ctrl/acre_ctrl_s__rosidl_typesupport_fastrtps_c.cpython-310-x86_64-linux-gnu.so
Listing '/workspace/install/acre_ctrl/local/lib/python3.10/dist-packages/acre_ctrl'...
Compiling '/workspace/install/acre_ctrl/local/lib/python3.10/dist-packages/acre_ctrl/__init__.py'...
Listing '/workspace/install/acre_ctrl/local/lib/python3.10/dist-packages/acre_ctrl/srv'...
Compiling '/workspace/install/acre_ctrl/local/lib/python3.10/dist-packages/acre_ctrl/srv/__init__.py'...
Compiling '/workspace/install/acre_ctrl/local/lib/python3.10/dist-packages/acre_ctrl/srv/_go2_start_sequence.py'...
-- Installing: /workspace/install/acre_ctrl/local/lib/python3.10/dist-packages/acre_ctrl/acre_ctrl_s__rosidl_typesupport_fastrtps_c.cpython-310-x86_64-linux-gnu.so
-- Set runtime path of "/workspace/install/acre_ctrl/local/lib/python3.10/dist-packages/acre_ctrl/acre_ctrl_s__rosidl_typesupport_fastrtps_c.cpython-310-x86_64-linux-gnu.so" to ""
-- Installing: /workspace/install/acre_ctrl/local/lib/python3.10/dist-packages/acre_ctrl/acre_ctrl_s__rosidl_typesupport_introspection_c.cpython-310-x86_64-linux-gnu.so
-- Set runtime path of "/workspace/install/acre_ctrl/local/lib/python3.10/dist-packages/acre_ctrl/acre_ctrl_s__rosidl_typesupport_introspection_c.cpython-310-x86_64-linux-gnu.so" to ""
-- Installing: /workspace/install/acre_ctrl/local/lib/python3.10/dist-packages/acre_ctrl/acre_ctrl_s__rosidl_typesupport_c.cpython-310-x86_64-linux-gnu.so
-- Set runtime path of "/workspace/install/acre_ctrl/local/lib/python3.10/dist-packages/acre_ctrl/acre_ctrl_s__rosidl_typesupport_c.cpython-310-x86_64-linux-gnu.so" to ""
-- Installing: /workspace/install/acre_ctrl/lib/libacre_ctrl__rosidl_generator_py.so
-- Set runtime path of "/workspace/install/acre_ctrl/lib/libacre_ctrl__rosidl_generator_py.so" to ""
-- Installing: /workspace/install/acre_ctrl/share/ament_index/resource_index/rust_packages/acre_ctrl
-- Installing: /workspace/install/acre_ctrl/share/acre_ctrl/rust
-- Installing: /workspace/install/acre_ctrl/share/acre_ctrl/rust/src
-- Installing: /workspace/install/acre_ctrl/share/acre_ctrl/rust/src/srv.rs
-- Installing: /workspace/install/acre_ctrl/share/acre_ctrl/rust/src/srv
-- Installing: /workspace/install/acre_ctrl/share/acre_ctrl/rust/src/srv/rmw.rs
-- Installing: /workspace/install/acre_ctrl/share/acre_ctrl/rust/src/lib.rs
-- Installing: /workspace/install/acre_ctrl/share/acre_ctrl/rust/Cargo.toml
-- Installing: /workspace/install/acre_ctrl/share/acre_ctrl/rust/build.rs
-- Installing: /workspace/install/acre_ctrl/share/acre_ctrl/srv/Go2StartSequence.idl
-- Installing: /workspace/install/acre_ctrl/share/acre_ctrl/srv/Go2StartSequence.srv
-- Installing: /workspace/install/acre_ctrl/share/acre_ctrl/srv/Go2StartSequence_Request.msg
-- Installing: /workspace/install/acre_ctrl/share/acre_ctrl/srv/Go2StartSequence_Response.msg
-- Installing: /workspace/install/acre_ctrl/lib/acre_ctrl/sportmode_driver
-- Set runtime path of "/workspace/install/acre_ctrl/lib/acre_ctrl/sportmode_driver" to ""
-- Installing: /workspace/install/acre_ctrl/lib/acre_ctrl/point_control_node
-- Set runtime path of "/workspace/install/acre_ctrl/lib/acre_ctrl/point_control_node" to ""
-- Installing: /workspace/install/acre_ctrl/lib/acre_ctrl/libspin_sample.so
-- Set runtime path of "/workspace/install/acre_ctrl/lib/acre_ctrl/libspin_sample.so" to ""
-- Installing: /workspace/install/acre_ctrl/share/ament_index/resource_index/package_run_dependencies/acre_ctrl
-- Up-to-date: /workspace/install/acre_ctrl/share/ament_index/resource_index/parent_prefix_path/acre_ctrl
-- Up-to-date: /workspace/install/acre_ctrl/share/acre_ctrl/environment/ament_prefix_path.sh
-- Installing: /workspace/install/acre_ctrl/share/acre_ctrl/environment/ament_prefix_path.dsv
-- Up-to-date: /workspace/install/acre_ctrl/share/acre_ctrl/environment/path.sh
-- Installing: /workspace/install/acre_ctrl/share/acre_ctrl/environment/path.dsv
-- Up-to-date: /workspace/install/acre_ctrl/share/acre_ctrl/local_setup.bash
-- Installing: /workspace/install/acre_ctrl/share/acre_ctrl/local_setup.sh
-- Up-to-date: /workspace/install/acre_ctrl/share/acre_ctrl/local_setup.zsh
-- Installing: /workspace/install/acre_ctrl/share/acre_ctrl/local_setup.dsv
-- Installing: /workspace/install/acre_ctrl/share/acre_ctrl/package.dsv
-- Up-to-date: /workspace/install/acre_ctrl/share/ament_index/resource_index/packages/acre_ctrl
-- Installing: /workspace/install/acre_ctrl/share/acre_ctrl/cmake/export_acre_ctrl__rosidl_generator_cExport.cmake
-- Installing: /workspace/install/acre_ctrl/share/acre_ctrl/cmake/export_acre_ctrl__rosidl_generator_cExport-noconfig.cmake
-- Installing: /workspace/install/acre_ctrl/share/acre_ctrl/cmake/export_acre_ctrl__rosidl_typesupport_fastrtps_cExport.cmake
-- Installing: /workspace/install/acre_ctrl/share/acre_ctrl/cmake/export_acre_ctrl__rosidl_typesupport_fastrtps_cExport-noconfig.cmake
-- Installing: /workspace/install/acre_ctrl/share/acre_ctrl/cmake/export_acre_ctrl__rosidl_generator_cppExport.cmake
-- Installing: /workspace/install/acre_ctrl/share/acre_ctrl/cmake/export_acre_ctrl__rosidl_typesupport_fastrtps_cppExport.cmake
-- Installing: /workspace/install/acre_ctrl/share/acre_ctrl/cmake/export_acre_ctrl__rosidl_typesupport_fastrtps_cppExport-noconfig.cmake
-- Installing: /workspace/install/acre_ctrl/share/acre_ctrl/cmake/acre_ctrl__rosidl_typesupport_introspection_cExport.cmake
-- Installing: /workspace/install/acre_ctrl/share/acre_ctrl/cmake/acre_ctrl__rosidl_typesupport_introspection_cExport-noconfig.cmake
-- Installing: /workspace/install/acre_ctrl/share/acre_ctrl/cmake/acre_ctrl__rosidl_typesupport_cExport.cmake
-- Installing: /workspace/install/acre_ctrl/share/acre_ctrl/cmake/acre_ctrl__rosidl_typesupport_cExport-noconfig.cmake
-- Installing: /workspace/install/acre_ctrl/share/acre_ctrl/cmake/acre_ctrl__rosidl_typesupport_introspection_cppExport.cmake
-- Installing: /workspace/install/acre_ctrl/share/acre_ctrl/cmake/acre_ctrl__rosidl_typesupport_introspection_cppExport-noconfig.cmake
-- Installing: /workspace/install/acre_ctrl/share/acre_ctrl/cmake/acre_ctrl__rosidl_typesupport_cppExport.cmake
-- Installing: /workspace/install/acre_ctrl/share/acre_ctrl/cmake/acre_ctrl__rosidl_typesupport_cppExport-noconfig.cmake
-- Installing: /workspace/install/acre_ctrl/share/acre_ctrl/cmake/export_acre_ctrl__rosidl_generator_pyExport.cmake
-- Installing: /workspace/install/acre_ctrl/share/acre_ctrl/cmake/export_acre_ctrl__rosidl_generator_pyExport-noconfig.cmake
-- Installing: /workspace/install/acre_ctrl/share/acre_ctrl/cmake/rosidl_cmake-extras.cmake
-- Installing: /workspace/install/acre_ctrl/share/acre_ctrl/cmake/ament_cmake_export_include_directories-extras.cmake
-- Installing: /workspace/install/acre_ctrl/share/acre_ctrl/cmake/ament_cmake_export_libraries-extras.cmake
-- Installing: /workspace/install/acre_ctrl/share/acre_ctrl/cmake/ament_cmake_export_targets-extras.cmake
-- Installing: /workspace/install/acre_ctrl/share/acre_ctrl/cmake/rosidl_cmake_export_typesupport_targets-extras.cmake
-- Installing: /workspace/install/acre_ctrl/share/acre_ctrl/cmake/ament_cmake_export_dependencies-extras.cmake
-- Installing: /workspace/install/acre_ctrl/share/acre_ctrl/cmake/rosidl_cmake_export_typesupport_libraries-extras.cmake
-- Installing: /workspace/install/acre_ctrl/share/acre_ctrl/cmake/acre_ctrlConfig.cmake
-- Up-to-date: /workspace/install/acre_ctrl/share/acre_ctrl/cmake/acre_ctrlConfig-version.cmake
-- Installing: /workspace/install/acre_ctrl/share/acre_ctrl/package.xml
