[  2%] Built target acre_ctrl__rs
[  5%] Built target acre_ctrl__cpp
[ 12%] Built target acre_ctrl__rosidl_generator_c
[ 12%] Built target ament_cmake_python_copy_acre_ctrl
[ 27%] Built target acre_ctrl__rosidl_typesupport_introspection_cpp
[ 27%] Built target acre_ctrl__rosidl_typesupport_cpp
[ 35%] Built target acre_ctrl__rosidl_typesupport_fastrtps_cpp
[ 50%] Built target acre_ctrl__rosidl_typesupport_c
[ 50%] Built target acre_ctrl__rosidl_typesupport_introspection_c
[ 57%] Built target acre_ctrl__rosidl_typesupport_fastrtps_c
[ 57%] Built target acre_ctrl
[35m[1mConsolidate compiler generated dependencies of target spin_sample[0m
[ 65%] [32mBuilding CXX object CMakeFiles/point_control_node.dir/src/common/ros2_sport_client.cpp.o[0m
[ 65%] [32mBuilding CXX object CMakeFiles/sportmode_driver.dir/src/common/sportmode_driver.cpp.o[0m
[ 65%] [32mBuilding CXX object CMakeFiles/point_control_node.dir/src/ctrl/point_control_node.cpp.o[0m
[ 70%] [32mBuilding CXX object CMakeFiles/sportmode_driver.dir/src/common/ros2_sport_client.cpp.o[0m
[ 70%] Built target acre_ctrl__py
[ 72%] [32mBuilding CXX object CMakeFiles/spin_sample.dir/src/algo/spin_sample.cpp.o[0m
[01m[K/workspace/src/acre_ctrl/src/common/ros2_sport_client.cpp:4:10:[m[K [01;31m[Kfatal error: [m[Kacre_ctrl/common/ros2_sport_client.h: No such file or directory
    4 | #include [01;31m[K"acre_ctrl/common/ros2_sport_client.h"[m[K
      |          [01;31m[K^~~~~~~~~~~~~~~~~~~~~~~~~~~~~~~~~~~~~~[m[K
compilation terminated.
[01m[K/workspace/src/acre_ctrl/src/common/ros2_sport_client.cpp:4:10:[m[K [01;31m[Kfatal error: [m[Kacre_ctrl/common/ros2_sport_client.h: No such file or directory
    4 | #include [01;31m[K"acre_ctrl/common/ros2_sport_client.h"[m[K
      |          [01;31m[K^~~~~~~~~~~~~~~~~~~~~~~~~~~~~~~~~~~~~~[m[K
compilation terminated.
gmake[2]: *** [CMakeFiles/point_control_node.dir/build.make:90: CMakeFiles/point_control_node.dir/src/common/ros2_sport_client.cpp.o] Error 1
gmake[2]: *** Waiting for unfinished jobs....
gmake[2]: *** [CMakeFiles/sportmode_driver.dir/build.make:90: CMakeFiles/sportmode_driver.dir/src/common/ros2_sport_client.cpp.o] Error 1
gmake[2]: *** Waiting for unfinished jobs....
In file included from [01m[K/workspace/src/acre_ctrl/src/algo/spin_sample.cpp:1[m[K:
[01m[K/workspace/src/acre_ctrl/include/acre_ctrl/algo/algorithm_base.hpp:78:80:[m[K [01;35m[Kwarning: [m[Kbackslash-newline at end of file
   78 | #define REGISTER_ALGORITHM(ClassName, InputType)                               \
      |                                                                                 
[ 77%] Built target acre_ctrl__rosidl_generator_py
[ 92%] Built target acre_ctrl__rosidl_typesupport_fastrtps_c__pyext
[ 92%] Built target acre_ctrl__rosidl_typesupport_c__pyext
[ 92%] Built target acre_ctrl__rosidl_typesupport_introspection_c__pyext
running egg_info
writing acre_ctrl.egg-info/PKG-INFO
writing dependency_links to acre_ctrl.egg-info/dependency_links.txt
writing top-level names to acre_ctrl.egg-info/top_level.txt
reading manifest file 'acre_ctrl.egg-info/SOURCES.txt'
writing manifest file 'acre_ctrl.egg-info/SOURCES.txt'
[ 92%] Built target ament_cmake_python_build_acre_ctrl_egg
[01m[K/workspace/src/acre_ctrl/src/algo/spin_sample.cpp:[m[K In member function ‘[01m[Kvirtual ControlOutput SpinSample::compute(const void*)[m[K’:
[01m[K/workspace/src/acre_ctrl/src/algo/spin_sample.cpp:8:39:[m[K [01;35m[Kwarning: [m[Kunused parameter ‘[01m[Kraw[m[K’ [[01;35m[K-Wunused-parameter[m[K]
    8 |     ControlOutput compute([01;35m[Kconst void* raw[m[K) override {
      |                           [01;35m[K~~~~~~~~~~~~^~~[m[K
In file included from [01m[K/workspace/src/acre_ctrl/src/algo/spin_sample.cpp:1[m[K:
[01m[K/workspace/src/acre_ctrl/src/algo/spin_sample.cpp:[m[K In function ‘[01m[Kvoid* algo_create()[m[K’:
[01m[K/workspace/src/acre_ctrl/include/acre_ctrl/algo/algorithm_base.hpp:82:60:[m[K [01;31m[Kerror: [m[Kinvalid new-expression of abstract class type ‘[01m[KControlAlgorithm[m[K’
   82 |         void* algo_create()  { return new ControlAlgorithm([01;31m[K)[m[K; }                \
      |                                                            [01;31m[K^[m[K
[01m[K/workspace/src/acre_ctrl/src/algo/spin_sample.cpp:13:1:[m[K [01;36m[Knote: [m[Kin expansion of macro ‘[01m[KREGISTER_ALGORITHM[m[K’
   13 | [01;36m[KREGISTER_ALGORITHM[m[K(SpinSample, PointInput)
      | [01;36m[K^~~~~~~~~~~~~~~~~~[m[K
[01m[K/workspace/src/acre_ctrl/include/acre_ctrl/algo/algorithm_base.hpp:71:7:[m[K [01;36m[Knote: [m[K  because the following virtual functions are pure within ‘[01m[KControlAlgorithm[m[K’:
   71 | class [01;36m[KControlAlgorithm[m[K {
      |       [01;36m[K^~~~~~~~~~~~~~~~[m[K
[01m[K/workspace/src/acre_ctrl/include/acre_ctrl/algo/algorithm_base.hpp:75:27:[m[K [01;36m[Knote: [m[K    ‘[01m[Kvirtual ControlOutput ControlAlgorithm::compute(const void*)[m[K’
   75 |     virtual ControlOutput [01;36m[Kcompute[m[K(const void* input) = 0;
      |                           [01;36m[K^~~~~~~[m[K
[01m[K/workspace/src/acre_ctrl/src/algo/spin_sample.cpp:[m[K In function ‘[01m[KControlOutput algo_compute(void*, const void*)[m[K’:
[01m[K/workspace/src/acre_ctrl/include/acre_ctrl/algo/algorithm_base.hpp:89:17:[m[K [01;31m[Kerror: [m[Kcannot convert ‘[01m[Kconst PointInput[m[K’ to ‘[01m[Kconst void*[m[K’
   89 |                 [01;31m[K*static_cast<const InputType*>(input)[m[K); }                      \
      |                 [01;31m[K^~~~~~~~~~~~~~~~~~~~~~~~~~~~~~~~~~~~~[m[K
      |                 [01;31m[K|[m[K
      |                 [01;31m[Kconst PointInput[m[K
[01m[K/workspace/src/acre_ctrl/src/algo/spin_sample.cpp:13:1:[m[K [01;36m[Knote: [m[Kin expansion of macro ‘[01m[KREGISTER_ALGORITHM[m[K’
   13 | [01;36m[KREGISTER_ALGORITHM[m[K(SpinSample, PointInput)
      | [01;36m[K^~~~~~~~~~~~~~~~~~[m[K
[01m[K/workspace/src/acre_ctrl/src/algo/spin_sample.cpp:8:39:[m[K [01;36m[Knote: [m[K  initializing argument 1 of ‘[01m[Kvirtual ControlOutput SpinSample::compute(const void*)[m[K’
    8 |     ControlOutput compute([01;36m[Kconst void* raw[m[K) override {
      |                           [01;36m[K~~~~~~~~~~~~^~~[m[K
gmake[2]: *** [CMakeFiles/spin_sample.dir/build.make:76: CMakeFiles/spin_sample.dir/src/algo/spin_sample.cpp.o] Error 1
gmake[1]: *** [CMakeFiles/Makefile2:673: CMakeFiles/spin_sample.dir/all] Error 2
gmake[1]: *** Waiting for unfinished jobs....
In file included from [01m[K/workspace/src/acre_ctrl/include/acre_ctrl/algo/algorithm_runner.hpp:2[m[K,
                 from [01m[K/workspace/src/acre_ctrl/src/ctrl/point_control_node.cpp:8[m[K:
[01m[K/workspace/src/acre_ctrl/include/acre_ctrl/algo/algorithm_base.hpp:78:80:[m[K [01;35m[Kwarning: [m[Kbackslash-newline at end of file
   78 | #define REGISTER_ALGORITHM(ClassName, InputType)                               \
      |                                                                                 
In file included from [01m[K/usr/include/pybind11/pytypes.h:12[m[K,
                 from [01m[K/usr/include/pybind11/cast.h:13[m[K,
                 from [01m[K/usr/include/pybind11/attr.h:13[m[K,
                 from [01m[K/usr/include/pybind11/pybind11.h:13[m[K,
                 from [01m[K/usr/include/pybind11/embed.h:12[m[K,
                 from [01m[K/workspace/src/acre_ctrl/include/acre_ctrl/algo/algorithm_runner.hpp:3[m[K,
                 from [01m[K/workspace/src/acre_ctrl/src/ctrl/point_control_node.cpp:8[m[K:
[01m[K/usr/include/pybind11/detail/common.h:215:10:[m[K [01;31m[Kfatal error: [m[KPython.h: No such file or directory
  215 | #include [01;31m[K<Python.h>[m[K
      |          [01;31m[K^~~~~~~~~~[m[K
compilation terminated.
gmake[2]: *** [CMakeFiles/point_control_node.dir/build.make:76: CMakeFiles/point_control_node.dir/src/ctrl/point_control_node.cpp.o] Error 1
gmake[1]: *** [CMakeFiles/Makefile2:645: CMakeFiles/point_control_node.dir/all] Error 2
In file included from [01m[K/workspace/src/acre_ctrl/src/common/sportmode_driver.cpp:10[m[K:
[01m[K/workspace/src/acre_ctrl/include/acre_ctrl/common/ros2_sport_client.hpp:10:10:[m[K [01;31m[Kfatal error: [m[Kpatch.hpp: No such file or directory
   10 | #include [01;31m[K"patch.hpp"[m[K
      |          [01;31m[K^~~~~~~~~~~[m[K
compilation terminated.
gmake[2]: *** [CMakeFiles/sportmode_driver.dir/build.make:76: CMakeFiles/sportmode_driver.dir/src/common/sportmode_driver.cpp.o] Error 1
gmake[1]: *** [CMakeFiles/Makefile2:617: CMakeFiles/sportmode_driver.dir/all] Error 2
gmake: *** [Makefile:146: all] Error 2
