[0.019s] Invoking command in '/workspace/build/acre_ctrl': CMAKE_PREFIX_PATH=${CMAKE_PREFIX_PATH}:/opt/ros/humble /usr/bin/cmake --build /workspace/build/acre_ctrl -- -j16 -l16
[0.095s] [  2%] Built target acre_ctrl__rs
[0.096s] [  5%] Built target acre_ctrl__cpp
[0.096s] [ 12%] Built target acre_ctrl__rosidl_generator_c
[0.108s] [ 12%] Built target ament_cmake_python_copy_acre_ctrl
[0.125s] [ 27%] Built target acre_ctrl__rosidl_typesupport_introspection_cpp
[0.125s] [ 27%] Built target acre_ctrl__rosidl_typesupport_cpp
[0.125s] [ 35%] Built target acre_ctrl__rosidl_typesupport_fastrtps_cpp
[0.137s] [ 50%] Built target acre_ctrl__rosidl_typesupport_c
[0.137s] [ 50%] Built target acre_ctrl__rosidl_typesupport_introspection_c
[0.141s] [ 57%] Built target acre_ctrl__rosidl_typesupport_fastrtps_c
[0.171s] [ 57%] Built target acre_ctrl
[0.185s] [35m[1mConsolidate compiler generated dependencies of target spin_sample[0m
[0.200s] [ 65%] [32mBuilding CXX object CMakeFiles/point_control_node.dir/src/common/ros2_sport_client.cpp.o[0m
[0.200s] [ 65%] [32mBuilding CXX object CMakeFiles/sportmode_driver.dir/src/common/sportmode_driver.cpp.o[0m
[0.200s] [ 65%] [32mBuilding CXX object CMakeFiles/point_control_node.dir/src/ctrl/point_control_node.cpp.o[0m
[0.201s] [ 70%] [32mBuilding CXX object CMakeFiles/sportmode_driver.dir/src/common/ros2_sport_client.cpp.o[0m
[0.201s] [ 70%] Built target acre_ctrl__py
[0.202s] [ 72%] [32mBuilding CXX object CMakeFiles/spin_sample.dir/src/algo/spin_sample.cpp.o[0m
[0.212s] [01m[K/workspace/src/acre_ctrl/src/common/ros2_sport_client.cpp:4:10:[m[K [01;31m[Kfatal error: [m[Kacre_ctrl/common/ros2_sport_client.h: No such file or directory
[0.212s]     4 | #include [01;31m[K"acre_ctrl/common/ros2_sport_client.h"[m[K
[0.213s]       |          [01;31m[K^~~~~~~~~~~~~~~~~~~~~~~~~~~~~~~~~~~~~~[m[K
[0.213s] compilation terminated.
[0.213s] [01m[K/workspace/src/acre_ctrl/src/common/ros2_sport_client.cpp:4:10:[m[K [01;31m[Kfatal error: [m[Kacre_ctrl/common/ros2_sport_client.h: No such file or directory
[0.213s]     4 | #include [01;31m[K"acre_ctrl/common/ros2_sport_client.h"[m[K
[0.213s]       |          [01;31m[K^~~~~~~~~~~~~~~~~~~~~~~~~~~~~~~~~~~~~~[m[K
[0.213s] compilation terminated.
[0.213s] gmake[2]: *** [CMakeFiles/point_control_node.dir/build.make:90: CMakeFiles/point_control_node.dir/src/common/ros2_sport_client.cpp.o] Error 1
[0.213s] gmake[2]: *** Waiting for unfinished jobs....
[0.213s] gmake[2]: *** [CMakeFiles/sportmode_driver.dir/build.make:90: CMakeFiles/sportmode_driver.dir/src/common/ros2_sport_client.cpp.o] Error 1
[0.213s] gmake[2]: *** Waiting for unfinished jobs....
[0.228s] In file included from [01m[K/workspace/src/acre_ctrl/src/algo/spin_sample.cpp:1[m[K:
[0.228s] [01m[K/workspace/src/acre_ctrl/include/acre_ctrl/algo/algorithm_base.hpp:78:80:[m[K [01;35m[Kwarning: [m[Kbackslash-newline at end of file
[0.228s]    78 | #define REGISTER_ALGORITHM(ClassName, InputType)                               \
[0.228s]       |                                                                                 
[0.232s] [ 77%] Built target acre_ctrl__rosidl_generator_py
[0.257s] [ 92%] Built target acre_ctrl__rosidl_typesupport_fastrtps_c__pyext
[0.258s] [ 92%] Built target acre_ctrl__rosidl_typesupport_c__pyext
[0.258s] [ 92%] Built target acre_ctrl__rosidl_typesupport_introspection_c__pyext
[0.322s] running egg_info
[0.322s] writing acre_ctrl.egg-info/PKG-INFO
[0.322s] writing dependency_links to acre_ctrl.egg-info/dependency_links.txt
[0.322s] writing top-level names to acre_ctrl.egg-info/top_level.txt
[0.324s] reading manifest file 'acre_ctrl.egg-info/SOURCES.txt'
[0.324s] writing manifest file 'acre_ctrl.egg-info/SOURCES.txt'
[0.351s] [ 92%] Built target ament_cmake_python_build_acre_ctrl_egg
[0.358s] [01m[K/workspace/src/acre_ctrl/src/algo/spin_sample.cpp:[m[K In member function ‘[01m[Kvirtual ControlOutput SpinSample::compute(const void*)[m[K’:
[0.358s] [01m[K/workspace/src/acre_ctrl/src/algo/spin_sample.cpp:8:39:[m[K [01;35m[Kwarning: [m[Kunused parameter ‘[01m[Kraw[m[K’ [[01;35m[K-Wunused-parameter[m[K]
[0.358s]     8 |     ControlOutput compute([01;35m[Kconst void* raw[m[K) override {
[0.358s]       |                           [01;35m[K~~~~~~~~~~~~^~~[m[K
[0.358s] In file included from [01m[K/workspace/src/acre_ctrl/src/algo/spin_sample.cpp:1[m[K:
[0.358s] [01m[K/workspace/src/acre_ctrl/src/algo/spin_sample.cpp:[m[K In function ‘[01m[Kvoid* algo_create()[m[K’:
[0.359s] [01m[K/workspace/src/acre_ctrl/include/acre_ctrl/algo/algorithm_base.hpp:82:60:[m[K [01;31m[Kerror: [m[Kinvalid new-expression of abstract class type ‘[01m[KControlAlgorithm[m[K’
[0.359s]    82 |         void* algo_create()  { return new ControlAlgorithm([01;31m[K)[m[K; }                \
[0.359s]       |                                                            [01;31m[K^[m[K
[0.359s] [01m[K/workspace/src/acre_ctrl/src/algo/spin_sample.cpp:13:1:[m[K [01;36m[Knote: [m[Kin expansion of macro ‘[01m[KREGISTER_ALGORITHM[m[K’
[0.359s]    13 | [01;36m[KREGISTER_ALGORITHM[m[K(SpinSample, PointInput)
[0.359s]       | [01;36m[K^~~~~~~~~~~~~~~~~~[m[K
[0.359s] [01m[K/workspace/src/acre_ctrl/include/acre_ctrl/algo/algorithm_base.hpp:71:7:[m[K [01;36m[Knote: [m[K  because the following virtual functions are pure within ‘[01m[KControlAlgorithm[m[K’:
[0.359s]    71 | class [01;36m[KControlAlgorithm[m[K {
[0.360s]       |       [01;36m[K^~~~~~~~~~~~~~~~[m[K
[0.360s] [01m[K/workspace/src/acre_ctrl/include/acre_ctrl/algo/algorithm_base.hpp:75:27:[m[K [01;36m[Knote: [m[K    ‘[01m[Kvirtual ControlOutput ControlAlgorithm::compute(const void*)[m[K’
[0.360s]    75 |     virtual ControlOutput [01;36m[Kcompute[m[K(const void* input) = 0;
[0.360s]       |                           [01;36m[K^~~~~~~[m[K
[0.360s] [01m[K/workspace/src/acre_ctrl/src/algo/spin_sample.cpp:[m[K In function ‘[01m[KControlOutput algo_compute(void*, const void*)[m[K’:
[0.360s] [01m[K/workspace/src/acre_ctrl/include/acre_ctrl/algo/algorithm_base.hpp:89:17:[m[K [01;31m[Kerror: [m[Kcannot convert ‘[01m[Kconst PointInput[m[K’ to ‘[01m[Kconst void*[m[K’
[0.360s]    89 |                 [01;31m[K*static_cast<const InputType*>(input)[m[K); }                      \
[0.360s]       |                 [01;31m[K^~~~~~~~~~~~~~~~~~~~~~~~~~~~~~~~~~~~~[m[K
[0.360s]       |                 [01;31m[K|[m[K
[0.360s]       |                 [01;31m[Kconst PointInput[m[K
[0.360s] [01m[K/workspace/src/acre_ctrl/src/algo/spin_sample.cpp:13:1:[m[K [01;36m[Knote: [m[Kin expansion of macro ‘[01m[KREGISTER_ALGORITHM[m[K’
[0.360s]    13 | [01;36m[KREGISTER_ALGORITHM[m[K(SpinSample, PointInput)
[0.360s]       | [01;36m[K^~~~~~~~~~~~~~~~~~[m[K
[0.360s] [01m[K/workspace/src/acre_ctrl/src/algo/spin_sample.cpp:8:39:[m[K [01;36m[Knote: [m[K  initializing argument 1 of ‘[01m[Kvirtual ControlOutput SpinSample::compute(const void*)[m[K’
[0.360s]     8 |     ControlOutput compute([01;36m[Kconst void* raw[m[K) override {
[0.360s]       |                           [01;36m[K~~~~~~~~~~~~^~~[m[K
[0.387s] gmake[2]: *** [CMakeFiles/spin_sample.dir/build.make:76: CMakeFiles/spin_sample.dir/src/algo/spin_sample.cpp.o] Error 1
[0.387s] gmake[1]: *** [CMakeFiles/Makefile2:673: CMakeFiles/spin_sample.dir/all] Error 2
[0.387s] gmake[1]: *** Waiting for unfinished jobs....
[0.543s] In file included from [01m[K/workspace/src/acre_ctrl/include/acre_ctrl/algo/algorithm_runner.hpp:2[m[K,
[0.543s]                  from [01m[K/workspace/src/acre_ctrl/src/ctrl/point_control_node.cpp:8[m[K:
[0.543s] [01m[K/workspace/src/acre_ctrl/include/acre_ctrl/algo/algorithm_base.hpp:78:80:[m[K [01;35m[Kwarning: [m[Kbackslash-newline at end of file
[0.544s]    78 | #define REGISTER_ALGORITHM(ClassName, InputType)                               \
[0.544s]       |                                                                                 
[0.545s] In file included from [01m[K/usr/include/pybind11/pytypes.h:12[m[K,
[0.545s]                  from [01m[K/usr/include/pybind11/cast.h:13[m[K,
[0.545s]                  from [01m[K/usr/include/pybind11/attr.h:13[m[K,
[0.545s]                  from [01m[K/usr/include/pybind11/pybind11.h:13[m[K,
[0.545s]                  from [01m[K/usr/include/pybind11/embed.h:12[m[K,
[0.545s]                  from [01m[K/workspace/src/acre_ctrl/include/acre_ctrl/algo/algorithm_runner.hpp:3[m[K,
[0.545s]                  from [01m[K/workspace/src/acre_ctrl/src/ctrl/point_control_node.cpp:8[m[K:
[0.545s] [01m[K/usr/include/pybind11/detail/common.h:215:10:[m[K [01;31m[Kfatal error: [m[KPython.h: No such file or directory
[0.545s]   215 | #include [01;31m[K<Python.h>[m[K
[0.545s]       |          [01;31m[K^~~~~~~~~~[m[K
[0.545s] compilation terminated.
[0.548s] gmake[2]: *** [CMakeFiles/point_control_node.dir/build.make:76: CMakeFiles/point_control_node.dir/src/ctrl/point_control_node.cpp.o] Error 1
[0.549s] gmake[1]: *** [CMakeFiles/Makefile2:645: CMakeFiles/point_control_node.dir/all] Error 2
[0.584s] In file included from [01m[K/workspace/src/acre_ctrl/src/common/sportmode_driver.cpp:10[m[K:
[0.584s] [01m[K/workspace/src/acre_ctrl/include/acre_ctrl/common/ros2_sport_client.hpp:10:10:[m[K [01;31m[Kfatal error: [m[Kpatch.hpp: No such file or directory
[0.584s]    10 | #include [01;31m[K"patch.hpp"[m[K
[0.584s]       |          [01;31m[K^~~~~~~~~~~[m[K
[0.584s] compilation terminated.
[0.587s] gmake[2]: *** [CMakeFiles/sportmode_driver.dir/build.make:76: CMakeFiles/sportmode_driver.dir/src/common/sportmode_driver.cpp.o] Error 1
[0.587s] gmake[1]: *** [CMakeFiles/Makefile2:617: CMakeFiles/sportmode_driver.dir/all] Error 2
[0.587s] gmake: *** [Makefile:146: all] Error 2
[0.590s] Invoked command in '/workspace/build/acre_ctrl' returned '2': CMAKE_PREFIX_PATH=${CMAKE_PREFIX_PATH}:/opt/ros/humble /usr/bin/cmake --build /workspace/build/acre_ctrl -- -j16 -l16
