[0mCMake Deprecation Warning at /opt/ros/humble/share/rosidl_cmake/cmake/rosidl_target_interfaces.cmake:32 (message):
  Use rosidl_get_typesupport_target() and target_link_libraries() instead of
  rosidl_target_interfaces()
Call Stack (most recent call first):
  CMakeLists.txt:41 (rosidl_target_interfaces)

[0m
[0mCMake Deprecation Warning at /opt/ros/humble/share/rosidl_cmake/cmake/rosidl_target_interfaces.cmake:32 (message):
  Use rosidl_get_typesupport_target() and target_link_libraries() instead of
  rosidl_target_interfaces()
Call Stack (most recent call first):
  CMakeLists.txt:49 (rosidl_target_interfaces)

[0m
[0mCMake Deprecation Warning at /opt/ros/humble/share/rosidl_cmake/cmake/rosidl_target_interfaces.cmake:32 (message):
  Use rosidl_get_typesupport_target() and target_link_libraries() instead of
  rosidl_target_interfaces()
Call Stack (most recent call first):
  CMakeLists.txt:58 (rosidl_target_interfaces)

[0m
In file included from [01m[K/workspace/src/acre_ctrl/src/algo/spin_sample.cpp:1[m[K:
[01m[K/workspace/src/acre_ctrl/include/acre_ctrl/algo/algorithm_base.hpp:79:83:[m[K [01;35m[Kwarning: [m[Kbackslash-newline at end of file
   79 | #define REGISTER_ALGORITHM(ClassName, InputType)                                  \
      |                                                                                    
[01m[K/workspace/src/acre_ctrl/src/algo/spin_sample.cpp:[m[K In member function ‘[01m[Kvirtual ControlOutput SpinSample::compute(const void*)[m[K’:
[01m[K/workspace/src/acre_ctrl/src/algo/spin_sample.cpp:8:39:[m[K [01;35m[Kwarning: [m[Kunused parameter ‘[01m[Kraw[m[K’ [[01;35m[K-Wunused-parameter[m[K]
    8 |     ControlOutput compute([01;35m[Kconst void* raw[m[K) override {
      |                           [01;35m[K~~~~~~~~~~~~^~~[m[K
/usr/bin/ld: /usr/lib/gcc/x86_64-linux-gnu/11/../../../x86_64-linux-gnu/Scrt1.o: in function `_start':
(.text+0x1b): undefined reference to `main'
collect2: error: ld returned 1 exit status
gmake[2]: *** [CMakeFiles/spin_sample.dir/build.make:192: spin_sample] Error 1
gmake[1]: *** [CMakeFiles/Makefile2:673: CMakeFiles/spin_sample.dir/all] Error 2
gmake[1]: *** Waiting for unfinished jobs....
In file included from [01m[K/workspace/src/acre_ctrl/include/acre_ctrl/algo/algorithm_runner.hpp:2[m[K,
                 from [01m[K/workspace/src/acre_ctrl/src/ctrl/point_control_node.cpp:8[m[K:
[01m[K/workspace/src/acre_ctrl/include/acre_ctrl/algo/algorithm_base.hpp:79:83:[m[K [01;35m[Kwarning: [m[Kbackslash-newline at end of file
   79 | #define REGISTER_ALGORITHM(ClassName, InputType)                                  \
      |                                                                                    
In file included from [01m[K/usr/include/pybind11/pytypes.h:12[m[K,
                 from [01m[K/usr/include/pybind11/cast.h:13[m[K,
                 from [01m[K/usr/include/pybind11/attr.h:13[m[K,
                 from [01m[K/usr/include/pybind11/pybind11.h:13[m[K,
                 from [01m[K/usr/include/pybind11/embed.h:12[m[K,
                 from [01m[K/workspace/src/acre_ctrl/include/acre_ctrl/algo/algorithm_runner.hpp:3[m[K,
                 from [01m[K/workspace/src/acre_ctrl/src/ctrl/point_control_node.cpp:8[m[K:
[01m[K/usr/include/pybind11/detail/common.h:215:10:[m[K [01;31m[Kfatal error: [m[KPython.h: No such file or directory
  215 | #include [01;31m[K<Python.h>[m[K
      |          [01;31m[K^~~~~~~~~~[m[K
compilation terminated.
gmake[2]: *** [CMakeFiles/point_control_node.dir/build.make:76: CMakeFiles/point_control_node.dir/src/ctrl/point_control_node.cpp.o] Error 1
gmake[2]: *** Waiting for unfinished jobs....
In file included from [01m[K/workspace/src/acre_ctrl/src/common/ros2_sport_client.cpp:4[m[K:
[01m[K/workspace/src/acre_ctrl/include/acre_ctrl/common/ros2_sport_client.hpp:10:10:[m[K [01;31m[Kfatal error: [m[Kpatch.hpp: No such file or directory
   10 | #include [01;31m[K"patch.hpp"[m[K
      |          [01;31m[K^~~~~~~~~~~[m[K
compilation terminated.
In file included from [01m[K/workspace/src/acre_ctrl/src/common/ros2_sport_client.cpp:4[m[K:
[01m[K/workspace/src/acre_ctrl/include/acre_ctrl/common/ros2_sport_client.hpp:10:10:[m[K [01;31m[Kfatal error: [m[Kpatch.hpp: No such file or directory
   10 | #include [01;31m[K"patch.hpp"[m[K
      |          [01;31m[K^~~~~~~~~~~[m[K
compilation terminated.
gmake[2]: *** [CMakeFiles/sportmode_driver.dir/build.make:90: CMakeFiles/sportmode_driver.dir/src/common/ros2_sport_client.cpp.o] Error 1
gmake[2]: *** Waiting for unfinished jobs....
In file included from [01m[K/workspace/src/acre_ctrl/src/common/sportmode_driver.cpp:10[m[K:
[01m[K/workspace/src/acre_ctrl/include/acre_ctrl/common/ros2_sport_client.hpp:10:10:[m[K [01;31m[Kfatal error: [m[Kpatch.hpp: No such file or directory
   10 | #include [01;31m[K"patch.hpp"[m[K
      |          [01;31m[K^~~~~~~~~~~[m[K
compilation terminated.
gmake[2]: *** [CMakeFiles/point_control_node.dir/build.make:90: CMakeFiles/point_control_node.dir/src/common/ros2_sport_client.cpp.o] Error 1
gmake[1]: *** [CMakeFiles/Makefile2:645: CMakeFiles/point_control_node.dir/all] Error 2
gmake[2]: *** [CMakeFiles/sportmode_driver.dir/build.make:76: CMakeFiles/sportmode_driver.dir/src/common/sportmode_driver.cpp.o] Error 1
gmake[1]: *** [CMakeFiles/Makefile2:617: CMakeFiles/sportmode_driver.dir/all] Error 2
gmake: *** [Makefile:146: all] Error 2
