[0.018s] Invoking command in '/workspace/build/acre_ctrl': CMAKE_PREFIX_PATH=${CMAKE_PREFIX_PATH}:/opt/ros/humble /usr/bin/cmake --build /workspace/build/acre_ctrl -- -j16 -l16
[0.055s] -- Found ament_cmake: 1.3.14 (/opt/ros/humble/share/ament_cmake/cmake)
[0.201s] -- Found rclcpp: 16.0.19 (/opt/ros/humble/share/rclcpp/cmake)
[0.230s] -- Found rosidl_generator_c: 3.1.8 (/opt/ros/humble/share/rosidl_generator_c/cmake)
[0.232s] -- Found rosidl_adapter: 3.1.8 (/opt/ros/humble/share/rosidl_adapter/cmake)
[0.237s] -- Found rosidl_generator_cpp: 3.1.8 (/opt/ros/humble/share/rosidl_generator_cpp/cmake)
[0.244s] -- Using all available rosidl_typesupport_c: rosidl_typesupport_fastrtps_c;rosidl_typesupport_introspection_c
[0.254s] -- Using all available rosidl_typesupport_cpp: rosidl_typesupport_fastrtps_cpp;rosidl_typesupport_introspection_cpp
[0.277s] -- Found rmw_implementation_cmake: 6.1.2 (/opt/ros/humble/share/rmw_implementation_cmake/cmake)
[0.278s] -- Found rmw_cyclonedds_cpp: 1.3.4 (/opt/ros/humble/share/rmw_cyclonedds_cpp/cmake)
[0.290s] -- Using RMW implementation 'rmw_cyclonedds_cpp' as default
[0.324s] -- Found rosidl_default_generators: 1.2.1 (/opt/ros/humble/share/rosidl_default_generators/cmake)
[0.331s] -- Found geometry_msgs: 4.9.1 (/opt/ros/humble/share/geometry_msgs/cmake)
[0.340s] -- Found nav_msgs: 4.9.1 (/opt/ros/humble/share/nav_msgs/cmake)
[0.351s] -- Found unitree_go: 0.0.0 (/opt/unitree_ros2/cyclonedds_ws/install/unitree_go/share/unitree_go/cmake)
[0.359s] -- Found unitree_api: 0.0.0 (/opt/unitree_ros2/cyclonedds_ws/install/unitree_api/share/unitree_api/cmake)
[0.371s] -- Found pybind11: /usr/include (found version "2.9.1")
[0.556s] -- Found ament_cmake_ros: 0.10.0 (/opt/ros/humble/share/ament_cmake_ros/cmake)
[0.794s] -- Using all available rosidl_typesupport_c: rosidl_typesupport_fastrtps_c;rosidl_typesupport_introspection_c
[0.892s] -- Using all available rosidl_typesupport_cpp: rosidl_typesupport_fastrtps_cpp;rosidl_typesupport_introspection_cpp
[0.911s] -- Found python_cmake_module: 0.10.0 (/opt/ros/humble/share/python_cmake_module/cmake)
[0.933s] -- Using PYTHON_EXECUTABLE: /usr/bin/python3
[0.933s] -- Using PYTHON_INCLUDE_DIRS: /usr/include/python3.10
[0.933s] -- Using PYTHON_LIBRARIES: /usr/lib/x86_64-linux-gnu/libpython3.10.so
[0.990s] [0mCMake Deprecation Warning at /opt/ros/humble/share/rosidl_cmake/cmake/rosidl_target_interfaces.cmake:32 (message):
[0.990s]   Use rosidl_get_typesupport_target() and target_link_libraries() instead of
[0.990s]   rosidl_target_interfaces()
[0.991s] Call Stack (most recent call first):
[0.991s]   CMakeLists.txt:41 (rosidl_target_interfaces)
[0.991s] 
[0.991s] [0m
[0.991s] [0mCMake Deprecation Warning at /opt/ros/humble/share/rosidl_cmake/cmake/rosidl_target_interfaces.cmake:32 (message):
[0.991s]   Use rosidl_get_typesupport_target() and target_link_libraries() instead of
[0.991s]   rosidl_target_interfaces()
[0.991s] Call Stack (most recent call first):
[0.991s]   CMakeLists.txt:49 (rosidl_target_interfaces)
[0.991s] 
[0.991s] [0m
[0.992s] [0mCMake Deprecation Warning at /opt/ros/humble/share/rosidl_cmake/cmake/rosidl_target_interfaces.cmake:32 (message):
[0.992s]   Use rosidl_get_typesupport_target() and target_link_libraries() instead of
[0.992s]   rosidl_target_interfaces()
[0.992s] Call Stack (most recent call first):
[0.993s]   CMakeLists.txt:58 (rosidl_target_interfaces)
[0.993s] 
[0.993s] [0m
[0.993s] -- Found ament_lint_auto: 0.12.15 (/opt/ros/humble/share/ament_lint_auto/cmake)
[1.001s] -- Added test 'cppcheck' to perform static code analysis on C / C++ code
[1.002s] -- Configured cppcheck include dirs: /workspace/src/acre_ctrl/include/acre_ctrl
[1.002s] -- Configured cppcheck exclude dirs and/or files: 
[1.002s] -- Added test 'lint_cmake' to check CMake code style
[1.004s] -- Added test 'uncrustify' to check C / C++ code style
[1.004s] -- Configured uncrustify additional arguments: 
[1.004s] -- Added test 'xmllint' to check XML markup files
[1.006s] -- Configuring done
[1.061s] -- Generating done
[1.076s] -- Build files have been written to: /workspace/build/acre_ctrl
[1.107s] [35m[1mConsolidate compiler generated dependencies of target acre_ctrl__rosidl_generator_c[0m
[1.117s] [  5%] Built target acre_ctrl__cpp
[1.117s] [  5%] Built target acre_ctrl__rs
[1.120s] [ 12%] Built target acre_ctrl__rosidl_generator_c
[1.127s] [ 12%] Built target ament_cmake_python_copy_acre_ctrl
[1.128s] [35m[1mConsolidate compiler generated dependencies of target acre_ctrl__rosidl_typesupport_cpp[0m
[1.128s] [35m[1mConsolidate compiler generated dependencies of target acre_ctrl__rosidl_typesupport_fastrtps_cpp[0m
[1.130s] [35m[1mConsolidate compiler generated dependencies of target acre_ctrl__rosidl_typesupport_introspection_c[0m
[1.130s] [35m[1mConsolidate compiler generated dependencies of target acre_ctrl__rosidl_typesupport_c[0m
[1.130s] [35m[1mConsolidate compiler generated dependencies of target acre_ctrl__rosidl_typesupport_fastrtps_c[0m
[1.130s] [35m[1mConsolidate compiler generated dependencies of target acre_ctrl__rosidl_typesupport_introspection_cpp[0m
[1.143s] [ 27%] Built target acre_ctrl__rosidl_typesupport_introspection_c
[1.143s] [ 27%] Built target acre_ctrl__rosidl_typesupport_c
[1.145s] [ 35%] Built target acre_ctrl__rosidl_typesupport_cpp
[1.145s] [ 42%] Built target acre_ctrl__rosidl_typesupport_fastrtps_cpp
[1.146s] [ 57%] Built target acre_ctrl__rosidl_typesupport_introspection_cpp
[1.146s] [ 57%] Built target acre_ctrl__rosidl_typesupport_fastrtps_c
[1.167s] [ 57%] Built target acre_ctrl
[1.179s] [35m[1mConsolidate compiler generated dependencies of target spin_sample[0m
[1.190s] [ 70%] [32mBuilding CXX object CMakeFiles/sportmode_driver.dir/src/common/sportmode_driver.cpp.o[0m
[1.190s] [ 70%] [32mBuilding CXX object CMakeFiles/point_control_node.dir/src/common/ros2_sport_client.cpp.o[0m
[1.190s] [ 70%] [32mBuilding CXX object CMakeFiles/sportmode_driver.dir/src/common/ros2_sport_client.cpp.o[0m
[1.190s] [ 70%] [32mBuilding CXX object CMakeFiles/point_control_node.dir/src/ctrl/point_control_node.cpp.o[0m
[1.190s] [ 70%] Built target acre_ctrl__py
[1.192s] [ 72%] [32mBuilding CXX object CMakeFiles/spin_sample.dir/src/algo/spin_sample.cpp.o[0m
[1.202s] [35m[1mConsolidate compiler generated dependencies of target acre_ctrl__rosidl_generator_py[0m
[1.216s] In file included from [01m[K/workspace/src/acre_ctrl/src/algo/spin_sample.cpp:1[m[K:
[1.216s] [01m[K/workspace/src/acre_ctrl/include/acre_ctrl/algo/algorithm_base.hpp:79:83:[m[K [01;35m[Kwarning: [m[Kbackslash-newline at end of file
[1.216s]    79 | #define REGISTER_ALGORITHM(ClassName, InputType)                                  \
[1.216s]       |                                                                                    
[1.221s] [ 77%] Built target acre_ctrl__rosidl_generator_py
[1.233s] [35m[1mConsolidate compiler generated dependencies of target acre_ctrl__rosidl_typesupport_introspection_c__pyext[0m
[1.233s] [35m[1mConsolidate compiler generated dependencies of target acre_ctrl__rosidl_typesupport_fastrtps_c__pyext[0m
[1.235s] [35m[1mConsolidate compiler generated dependencies of target acre_ctrl__rosidl_typesupport_c__pyext[0m
[1.253s] [ 87%] Built target acre_ctrl__rosidl_typesupport_fastrtps_c__pyext
[1.253s] [ 87%] Built target acre_ctrl__rosidl_typesupport_introspection_c__pyext
[1.258s] [ 92%] Built target acre_ctrl__rosidl_typesupport_c__pyext
[1.322s] running egg_info
[1.322s] writing acre_ctrl.egg-info/PKG-INFO
[1.323s] writing dependency_links to acre_ctrl.egg-info/dependency_links.txt
[1.323s] writing top-level names to acre_ctrl.egg-info/top_level.txt
[1.325s] reading manifest file 'acre_ctrl.egg-info/SOURCES.txt'
[1.325s] writing manifest file 'acre_ctrl.egg-info/SOURCES.txt'
[1.355s] [01m[K/workspace/src/acre_ctrl/src/algo/spin_sample.cpp:[m[K In member function ‘[01m[Kvirtual ControlOutput SpinSample::compute(const void*)[m[K’:
[1.355s] [01m[K/workspace/src/acre_ctrl/src/algo/spin_sample.cpp:8:39:[m[K [01;35m[Kwarning: [m[Kunused parameter ‘[01m[Kraw[m[K’ [[01;35m[K-Wunused-parameter[m[K]
[1.355s]     8 |     ControlOutput compute([01;35m[Kconst void* raw[m[K) override {
[1.355s]       |                           [01;35m[K~~~~~~~~~~~~^~~[m[K
[1.357s] [ 92%] Built target ament_cmake_python_build_acre_ctrl_egg
[1.401s] [ 95%] [32m[1mLinking CXX executable spin_sample[0m
[1.515s] /usr/bin/ld: /usr/lib/gcc/x86_64-linux-gnu/11/../../../x86_64-linux-gnu/Scrt1.o: in function `_start':
[1.515s] (.text+0x1b): undefined reference to `main'
[1.519s] collect2: error: ld returned 1 exit status
[1.521s] gmake[2]: *** [CMakeFiles/spin_sample.dir/build.make:192: spin_sample] Error 1
[1.522s] gmake[1]: *** [CMakeFiles/Makefile2:673: CMakeFiles/spin_sample.dir/all] Error 2
[1.522s] gmake[1]: *** Waiting for unfinished jobs....
[1.566s] In file included from [01m[K/workspace/src/acre_ctrl/include/acre_ctrl/algo/algorithm_runner.hpp:2[m[K,
[1.567s]                  from [01m[K/workspace/src/acre_ctrl/src/ctrl/point_control_node.cpp:8[m[K:
[1.567s] [01m[K/workspace/src/acre_ctrl/include/acre_ctrl/algo/algorithm_base.hpp:79:83:[m[K [01;35m[Kwarning: [m[Kbackslash-newline at end of file
[1.567s]    79 | #define REGISTER_ALGORITHM(ClassName, InputType)                                  \
[1.567s]       |                                                                                    
[1.571s] In file included from [01m[K/usr/include/pybind11/pytypes.h:12[m[K,
[1.571s]                  from [01m[K/usr/include/pybind11/cast.h:13[m[K,
[1.571s]                  from [01m[K/usr/include/pybind11/attr.h:13[m[K,
[1.571s]                  from [01m[K/usr/include/pybind11/pybind11.h:13[m[K,
[1.571s]                  from [01m[K/usr/include/pybind11/embed.h:12[m[K,
[1.571s]                  from [01m[K/workspace/src/acre_ctrl/include/acre_ctrl/algo/algorithm_runner.hpp:3[m[K,
[1.571s]                  from [01m[K/workspace/src/acre_ctrl/src/ctrl/point_control_node.cpp:8[m[K:
[1.571s] [01m[K/usr/include/pybind11/detail/common.h:215:10:[m[K [01;31m[Kfatal error: [m[KPython.h: No such file or directory
[1.571s]   215 | #include [01;31m[K<Python.h>[m[K
[1.572s]       |          [01;31m[K^~~~~~~~~~[m[K
[1.572s] compilation terminated.
[1.575s] gmake[2]: *** [CMakeFiles/point_control_node.dir/build.make:76: CMakeFiles/point_control_node.dir/src/ctrl/point_control_node.cpp.o] Error 1
[1.575s] gmake[2]: *** Waiting for unfinished jobs....
[1.600s] In file included from [01m[K/workspace/src/acre_ctrl/src/common/ros2_sport_client.cpp:4[m[K:
[1.600s] [01m[K/workspace/src/acre_ctrl/include/acre_ctrl/common/ros2_sport_client.hpp:10:10:[m[K [01;31m[Kfatal error: [m[Kpatch.hpp: No such file or directory
[1.600s]    10 | #include [01;31m[K"patch.hpp"[m[K
[1.600s]       |          [01;31m[K^~~~~~~~~~~[m[K
[1.600s] compilation terminated.
[1.602s] In file included from [01m[K/workspace/src/acre_ctrl/src/common/ros2_sport_client.cpp:4[m[K:
[1.602s] [01m[K/workspace/src/acre_ctrl/include/acre_ctrl/common/ros2_sport_client.hpp:10:10:[m[K [01;31m[Kfatal error: [m[Kpatch.hpp: No such file or directory
[1.602s]    10 | #include [01;31m[K"patch.hpp"[m[K
[1.602s]       |          [01;31m[K^~~~~~~~~~~[m[K
[1.602s] compilation terminated.
[1.604s] gmake[2]: *** [CMakeFiles/sportmode_driver.dir/build.make:90: CMakeFiles/sportmode_driver.dir/src/common/ros2_sport_client.cpp.o] Error 1
[1.604s] gmake[2]: *** Waiting for unfinished jobs....
[1.604s] In file included from [01m[K/workspace/src/acre_ctrl/src/common/sportmode_driver.cpp:10[m[K:
[1.604s] [01m[K/workspace/src/acre_ctrl/include/acre_ctrl/common/ros2_sport_client.hpp:10:10:[m[K [01;31m[Kfatal error: [m[Kpatch.hpp: No such file or directory
[1.604s]    10 | #include [01;31m[K"patch.hpp"[m[K
[1.604s]       |          [01;31m[K^~~~~~~~~~~[m[K
[1.604s] compilation terminated.
[1.605s] gmake[2]: *** [CMakeFiles/point_control_node.dir/build.make:90: CMakeFiles/point_control_node.dir/src/common/ros2_sport_client.cpp.o] Error 1
[1.605s] gmake[1]: *** [CMakeFiles/Makefile2:645: CMakeFiles/point_control_node.dir/all] Error 2
[1.608s] gmake[2]: *** [CMakeFiles/sportmode_driver.dir/build.make:76: CMakeFiles/sportmode_driver.dir/src/common/sportmode_driver.cpp.o] Error 1
[1.608s] gmake[1]: *** [CMakeFiles/Makefile2:617: CMakeFiles/sportmode_driver.dir/all] Error 2
[1.608s] gmake: *** [Makefile:146: all] Error 2
[1.611s] Invoked command in '/workspace/build/acre_ctrl' returned '2': CMAKE_PREFIX_PATH=${CMAKE_PREFIX_PATH}:/opt/ros/humble /usr/bin/cmake --build /workspace/build/acre_ctrl -- -j16 -l16
