[0.021s] Invoking command in '/workspace/build/acre_ctrl': CMAKE_PREFIX_PATH=${CMAKE_PREFIX_PATH}:/opt/ros/humble /usr/bin/cmake /workspace/src/acre_ctrl -DCMAKE_INSTALL_PREFIX=/workspace/install/acre_ctrl
[0.135s] -- The C compiler identification is GNU 11.4.0
[0.237s] -- The CXX compiler identification is GNU 11.4.0
[0.261s] -- Detecting C compiler ABI info
[0.409s] -- Detecting C compiler ABI info - done
[0.420s] -- Check for working C compiler: /usr/bin/cc - skipped
[0.420s] -- Detecting C compile features
[0.421s] -- Detecting C compile features - done
[0.427s] -- Detecting CXX compiler ABI info
[0.590s] -- Detecting CXX compiler ABI info - done
[0.601s] -- Check for working CXX compiler: /usr/bin/c++ - skipped
[0.601s] -- Detecting CXX compile features
[0.602s] -- Detecting CXX compile features - done
[0.609s] -- Found ament_cmake: 1.3.14 (/opt/ros/humble/share/ament_cmake/cmake)
[0.860s] -- Found Python3: /usr/bin/python3 (found version "3.10.12") found components: Interpreter 
[1.033s] -- Found ament_lint_auto: 0.12.15 (/opt/ros/humble/share/ament_lint_auto/cmake)
[1.178s] -- Added test 'lint_cmake' to check CMake code style
[1.180s] -- Added test 'xmllint' to check XML markup files
[1.183s] -- Configuring done
[1.190s] -- Generating done
[1.194s] -- Build files have been written to: /workspace/build/acre_ctrl
[1.203s] Invoked command in '/workspace/build/acre_ctrl' returned '0': CMAKE_PREFIX_PATH=${CMAKE_PREFIX_PATH}:/opt/ros/humble /usr/bin/cmake /workspace/src/acre_ctrl -DCMAKE_INSTALL_PREFIX=/workspace/install/acre_ctrl
[1.207s] Invoking command in '/workspace/build/acre_ctrl': CMAKE_PREFIX_PATH=${CMAKE_PREFIX_PATH}:/opt/ros/humble /usr/bin/cmake --build /workspace/build/acre_ctrl -- -j16 -l16
[1.284s] Invoked command in '/workspace/build/acre_ctrl' returned '0': CMAKE_PREFIX_PATH=${CMAKE_PREFIX_PATH}:/opt/ros/humble /usr/bin/cmake --build /workspace/build/acre_ctrl -- -j16 -l16
[1.303s] Invoking command in '/workspace/build/acre_ctrl': CMAKE_PREFIX_PATH=${CMAKE_PREFIX_PATH}:/opt/ros/humble /usr/bin/cmake --install /workspace/build/acre_ctrl
[1.318s] -- Install configuration: ""
[1.319s] -- Installing: /workspace/install/acre_ctrl/share/ament_index/resource_index/package_run_dependencies/acre_ctrl
[1.319s] -- Installing: /workspace/install/acre_ctrl/share/ament_index/resource_index/parent_prefix_path/acre_ctrl
[1.320s] -- Installing: /workspace/install/acre_ctrl/share/acre_ctrl/environment/ament_prefix_path.sh
[1.320s] -- Installing: /workspace/install/acre_ctrl/share/acre_ctrl/environment/ament_prefix_path.dsv
[1.321s] -- Installing: /workspace/install/acre_ctrl/share/acre_ctrl/environment/path.sh
[1.321s] -- Installing: /workspace/install/acre_ctrl/share/acre_ctrl/environment/path.dsv
[1.322s] -- Installing: /workspace/install/acre_ctrl/share/acre_ctrl/local_setup.bash
[1.322s] -- Installing: /workspace/install/acre_ctrl/share/acre_ctrl/local_setup.sh
[1.322s] -- Installing: /workspace/install/acre_ctrl/share/acre_ctrl/local_setup.zsh
[1.323s] -- Installing: /workspace/install/acre_ctrl/share/acre_ctrl/local_setup.dsv
[1.323s] -- Installing: /workspace/install/acre_ctrl/share/acre_ctrl/package.dsv
[1.323s] -- Installing: /workspace/install/acre_ctrl/share/ament_index/resource_index/packages/acre_ctrl
[1.324s] -- Installing: /workspace/install/acre_ctrl/share/acre_ctrl/cmake/acre_ctrlConfig.cmake
[1.324s] -- Installing: /workspace/install/acre_ctrl/share/acre_ctrl/cmake/acre_ctrlConfig-version.cmake
[1.324s] -- Installing: /workspace/install/acre_ctrl/share/acre_ctrl/package.xml
[1.329s] Invoked command in '/workspace/build/acre_ctrl' returned '0': CMAKE_PREFIX_PATH=${CMAKE_PREFIX_PATH}:/opt/ros/humble /usr/bin/cmake --install /workspace/build/acre_ctrl
