[0.015s] Invoking command in '/workspace/build/acre_ctrl': CMAKE_PREFIX_PATH=${CMAKE_PREFIX_PATH}:/opt/ros/humble /usr/bin/cmake --build /workspace/build/acre_ctrl -- -j16 -l16
[0.092s] [  5%] Built target acre_ctrl__rs
[0.092s] [  7%] Built target acre_ctrl__cpp
[0.092s] [ 12%] Built target acre_ctrl__rosidl_generator_c
[0.105s] [ 12%] Built target ament_cmake_python_copy_acre_ctrl
[0.120s] [ 20%] Built target acre_ctrl__rosidl_typesupport_c
[0.121s] [ 30%] Built target acre_ctrl__rosidl_typesupport_cpp
[0.121s] [ 35%] Built target acre_ctrl__rosidl_typesupport_introspection_c
[0.121s] [ 42%] Built target acre_ctrl__rosidl_typesupport_fastrtps_c
[0.121s] [ 55%] Built target acre_ctrl__rosidl_typesupport_fastrtps_cpp
[0.122s] [ 57%] Built target acre_ctrl__rosidl_typesupport_introspection_cpp
[0.152s] [ 57%] Built target acre_ctrl
[0.182s] [ 60%] Built target acre_ctrl__py
[0.183s] [ 65%] Built target spin_sample
[0.191s] [ 72%] [32mBuilding CXX object CMakeFiles/sportmode_driver.dir/src/common/sportmode_driver.cpp.o[0m
[0.192s] [ 75%] Built target point_control_node
[0.215s] [ 80%] Built target acre_ctrl__rosidl_generator_py
[0.247s] [ 95%] Built target acre_ctrl__rosidl_typesupport_introspection_c__pyext
[0.247s] [ 95%] Built target acre_ctrl__rosidl_typesupport_c__pyext
[0.247s] [ 95%] Built target acre_ctrl__rosidl_typesupport_fastrtps_c__pyext
[0.346s] running egg_info
[0.346s] writing acre_ctrl.egg-info/PKG-INFO
[0.347s] writing dependency_links to acre_ctrl.egg-info/dependency_links.txt
[0.347s] writing top-level names to acre_ctrl.egg-info/top_level.txt
[0.348s] reading manifest file 'acre_ctrl.egg-info/SOURCES.txt'
[0.349s] writing manifest file 'acre_ctrl.egg-info/SOURCES.txt'
[0.375s] [ 95%] Built target ament_cmake_python_build_acre_ctrl_egg
[2.825s] [01m[K/workspace/src/acre_ctrl/src/common/sportmode_driver.cpp:[m[K In member function ‘[01m[Kvoid Go2SportClientNode::start_sequence(std::shared_ptr<acre_ctrl::srv::Go2StartSequence_Request_<std::allocator<void> > >, std::shared_ptr<acre_ctrl::srv::Go2StartSequence_Response_<std::allocator<void> > >)[m[K’:
[2.825s] [01m[K/workspace/src/acre_ctrl/src/common/sportmode_driver.cpp:74:36:[m[K [01;31m[Kerror: [m[K‘[01m[KAgile[m[K’ was not declared in this scope
[2.825s]    74 |         sport_client_.BalanceStand([01;31m[KAgile[m[K);       // balanced standing -> Agile
[2.825s]       |                                    [01;31m[K^~~~~[m[K
[6.066s] gmake[2]: *** [CMakeFiles/sportmode_driver.dir/build.make:76: CMakeFiles/sportmode_driver.dir/src/common/sportmode_driver.cpp.o] Error 1
[6.066s] gmake[1]: *** [CMakeFiles/Makefile2:617: CMakeFiles/sportmode_driver.dir/all] Error 2
[6.066s] gmake: *** [Makefile:146: all] Error 2
[6.069s] Invoked command in '/workspace/build/acre_ctrl' returned '2': CMAKE_PREFIX_PATH=${CMAKE_PREFIX_PATH}:/opt/ros/humble /usr/bin/cmake --build /workspace/build/acre_ctrl -- -j16 -l16
