[  7%] Built target acre_ctrl__rs
[  7%] Built target acre_ctrl__cpp
[ 12%] Built target acre_ctrl__rosidl_generator_c
[ 12%] Built target ament_cmake_python_copy_acre_ctrl
[ 27%] Built target acre_ctrl__rosidl_typesupport_fastrtps_c
[ 27%] Built target acre_ctrl__rosidl_typesupport_introspection_c
[ 35%] Built target acre_ctrl__rosidl_typesupport_fastrtps_cpp
[ 42%] Built target acre_ctrl__rosidl_typesupport_introspection_cpp
[ 50%] Built target acre_ctrl__rosidl_typesupport_c
[ 57%] Built target acre_ctrl__rosidl_typesupport_cpp
[ 57%] Built target acre_ctrl
[ 60%] Built target acre_ctrl__py
[ 65%] Built target spin_sample
[ 70%] [32mBuilding CXX object CMakeFiles/sportmode_driver.dir/src/common/sportmode_driver.cpp.o[0m
[ 75%] Built target point_control_node
[ 80%] Built target acre_ctrl__rosidl_generator_py
[ 95%] Built target acre_ctrl__rosidl_typesupport_introspection_c__pyext
[ 95%] Built target acre_ctrl__rosidl_typesupport_c__pyext
[ 95%] Built target acre_ctrl__rosidl_typesupport_fastrtps_c__pyext
running egg_info
writing acre_ctrl.egg-info/PKG-INFO
writing dependency_links to acre_ctrl.egg-info/dependency_links.txt
writing top-level names to acre_ctrl.egg-info/top_level.txt
reading manifest file 'acre_ctrl.egg-info/SOURCES.txt'
writing manifest file 'acre_ctrl.egg-info/SOURCES.txt'
[ 95%] Built target ament_cmake_python_build_acre_ctrl_egg
gmake[2]: *** [CMakeFiles/sportmode_driver.dir/build.make:76: CMakeFiles/sportmode_driver.dir/src/common/sportmode_driver.cpp.o] Interrupt
gmake[1]: *** [CMakeFiles/Makefile2:617: CMakeFiles/sportmode_driver.dir/all] Interrupt
gmake: *** [Makefile:146: all] Interrupt
