[0.022s] Invoking command in '/workspace/build/acre_ctrl': CMAKE_PREFIX_PATH=${CMAKE_PREFIX_PATH}:/opt/ros/humble /usr/bin/cmake --build /workspace/build/acre_ctrl -- -j16 -l16
[0.131s] [  2%] Built target acre_ctrl__rs
[0.132s] [  5%] Built target acre_ctrl__cpp
[0.135s] [ 12%] Built target acre_ctrl__rosidl_generator_c
[0.151s] [ 12%] Built target ament_cmake_python_copy_acre_ctrl
[0.174s] [ 20%] Built target acre_ctrl__rosidl_typesupport_introspection_cpp
[0.175s] [ 30%] Built target acre_ctrl__rosidl_typesupport_cpp
[0.176s] [ 37%] Built target acre_ctrl__rosidl_typesupport_introspection_c
[0.176s] [ 42%] Built target acre_ctrl__rosidl_typesupport_fastrtps_cpp
[0.176s] [ 50%] Built target acre_ctrl__rosidl_typesupport_c
[0.178s] [ 57%] Built target acre_ctrl__rosidl_typesupport_fastrtps_c
[0.221s] [ 57%] Built target acre_ctrl
[0.265s] [ 65%] Built target acre_ctrl__py
[0.266s] [ 65%] Built target spin_sample
[0.281s] [ 72%] Built target sportmode_driver
[0.282s] [ 80%] Built target point_control_node
[0.315s] [ 85%] Built target acre_ctrl__rosidl_generator_py
[0.362s] [ 95%] Built target acre_ctrl__rosidl_typesupport_fastrtps_c__pyext
[0.362s] [ 95%] Built target acre_ctrl__rosidl_typesupport_introspection_c__pyext
[0.363s] [100%] Built target acre_ctrl__rosidl_typesupport_c__pyext
[0.525s] running egg_info
[0.527s] writing acre_ctrl.egg-info/PKG-INFO
[0.527s] writing dependency_links to acre_ctrl.egg-info/dependency_links.txt
[0.527s] writing top-level names to acre_ctrl.egg-info/top_level.txt
[0.531s] reading manifest file 'acre_ctrl.egg-info/SOURCES.txt'
[0.532s] writing manifest file 'acre_ctrl.egg-info/SOURCES.txt'
[0.578s] [100%] Built target ament_cmake_python_build_acre_ctrl_egg
[0.601s] Invoked command in '/workspace/build/acre_ctrl' returned '0': CMAKE_PREFIX_PATH=${CMAKE_PREFIX_PATH}:/opt/ros/humble /usr/bin/cmake --build /workspace/build/acre_ctrl -- -j16 -l16
[0.621s] Invoking command in '/workspace/build/acre_ctrl': CMAKE_PREFIX_PATH=${CMAKE_PREFIX_PATH}:/opt/ros/humble /usr/bin/cmake --install /workspace/build/acre_ctrl
[0.636s] -- Install configuration: ""
[0.637s] -- Up-to-date: /workspace/install/acre_ctrl/share/ament_index/resource_index/rosidl_interfaces/acre_ctrl
[0.637s] -- Up-to-date: /workspace/install/acre_ctrl/include/acre_ctrl/acre_ctrl
[0.637s] -- Up-to-date: /workspace/install/acre_ctrl/include/acre_ctrl/acre_ctrl/msg
[0.637s] -- Up-to-date: /workspace/install/acre_ctrl/include/acre_ctrl/acre_ctrl/msg/rosidl_generator_c__visibility_control.h
[0.637s] -- Up-to-date: /workspace/install/acre_ctrl/include/acre_ctrl/acre_ctrl/srv
[0.638s] -- Up-to-date: /workspace/install/acre_ctrl/include/acre_ctrl/acre_ctrl/srv/go2_start_sequence.h
[0.638s] -- Up-to-date: /workspace/install/acre_ctrl/include/acre_ctrl/acre_ctrl/srv/detail
[0.638s] -- Up-to-date: /workspace/install/acre_ctrl/include/acre_ctrl/acre_ctrl/srv/detail/go2_start_sequence__functions.c
[0.639s] -- Up-to-date: /workspace/install/acre_ctrl/include/acre_ctrl/acre_ctrl/srv/detail/go2_start_sequence__functions.h
[0.639s] -- Up-to-date: /workspace/install/acre_ctrl/include/acre_ctrl/acre_ctrl/srv/detail/go2_start_sequence__struct.h
[0.639s] -- Up-to-date: /workspace/install/acre_ctrl/include/acre_ctrl/acre_ctrl/srv/detail/go2_start_sequence__type_support.h
[0.639s] -- Up-to-date: /workspace/install/acre_ctrl/share/acre_ctrl/environment/library_path.sh
[0.639s] -- Up-to-date: /workspace/install/acre_ctrl/share/acre_ctrl/environment/library_path.dsv
[0.640s] -- Up-to-date: /workspace/install/acre_ctrl/lib/libacre_ctrl__rosidl_generator_c.so
[0.640s] -- Up-to-date: /workspace/install/acre_ctrl/include/acre_ctrl/acre_ctrl
[0.640s] -- Up-to-date: /workspace/install/acre_ctrl/include/acre_ctrl/acre_ctrl/msg
[0.640s] -- Up-to-date: /workspace/install/acre_ctrl/include/acre_ctrl/acre_ctrl/msg/rosidl_typesupport_fastrtps_c__visibility_control.h
[0.640s] -- Up-to-date: /workspace/install/acre_ctrl/include/acre_ctrl/acre_ctrl/srv
[0.640s] -- Up-to-date: /workspace/install/acre_ctrl/include/acre_ctrl/acre_ctrl/srv/detail
[0.640s] -- Up-to-date: /workspace/install/acre_ctrl/include/acre_ctrl/acre_ctrl/srv/detail/go2_start_sequence__rosidl_typesupport_fastrtps_c.h
[0.640s] -- Up-to-date: /workspace/install/acre_ctrl/lib/libacre_ctrl__rosidl_typesupport_fastrtps_c.so
[0.641s] -- Up-to-date: /workspace/install/acre_ctrl/include/acre_ctrl/acre_ctrl
[0.641s] -- Up-to-date: /workspace/install/acre_ctrl/include/acre_ctrl/acre_ctrl/msg
[0.641s] -- Up-to-date: /workspace/install/acre_ctrl/include/acre_ctrl/acre_ctrl/msg/rosidl_generator_cpp__visibility_control.hpp
[0.641s] -- Up-to-date: /workspace/install/acre_ctrl/include/acre_ctrl/acre_ctrl/srv
[0.641s] -- Up-to-date: /workspace/install/acre_ctrl/include/acre_ctrl/acre_ctrl/srv/go2_start_sequence.hpp
[0.641s] -- Up-to-date: /workspace/install/acre_ctrl/include/acre_ctrl/acre_ctrl/srv/detail
[0.641s] -- Up-to-date: /workspace/install/acre_ctrl/include/acre_ctrl/acre_ctrl/srv/detail/go2_start_sequence__builder.hpp
[0.642s] -- Up-to-date: /workspace/install/acre_ctrl/include/acre_ctrl/acre_ctrl/srv/detail/go2_start_sequence__struct.hpp
[0.642s] -- Up-to-date: /workspace/install/acre_ctrl/include/acre_ctrl/acre_ctrl/srv/detail/go2_start_sequence__traits.hpp
[0.642s] -- Up-to-date: /workspace/install/acre_ctrl/include/acre_ctrl/acre_ctrl/srv/detail/go2_start_sequence__type_support.hpp
[0.642s] -- Up-to-date: /workspace/install/acre_ctrl/include/acre_ctrl/acre_ctrl
[0.642s] -- Up-to-date: /workspace/install/acre_ctrl/include/acre_ctrl/acre_ctrl/msg
[0.642s] -- Up-to-date: /workspace/install/acre_ctrl/include/acre_ctrl/acre_ctrl/msg/rosidl_typesupport_fastrtps_cpp__visibility_control.h
[0.642s] -- Up-to-date: /workspace/install/acre_ctrl/include/acre_ctrl/acre_ctrl/srv
[0.642s] -- Up-to-date: /workspace/install/acre_ctrl/include/acre_ctrl/acre_ctrl/srv/detail
[0.643s] -- Up-to-date: /workspace/install/acre_ctrl/include/acre_ctrl/acre_ctrl/srv/detail/go2_start_sequence__rosidl_typesupport_fastrtps_cpp.hpp
[0.643s] -- Up-to-date: /workspace/install/acre_ctrl/include/acre_ctrl/acre_ctrl/srv/detail/dds_fastrtps
[0.643s] -- Up-to-date: /workspace/install/acre_ctrl/lib/libacre_ctrl__rosidl_typesupport_fastrtps_cpp.so
[0.643s] -- Up-to-date: /workspace/install/acre_ctrl/include/acre_ctrl/acre_ctrl
[0.643s] -- Up-to-date: /workspace/install/acre_ctrl/include/acre_ctrl/acre_ctrl/msg
[0.643s] -- Up-to-date: /workspace/install/acre_ctrl/include/acre_ctrl/acre_ctrl/msg/rosidl_typesupport_introspection_c__visibility_control.h
[0.643s] -- Up-to-date: /workspace/install/acre_ctrl/include/acre_ctrl/acre_ctrl/srv
[0.644s] -- Up-to-date: /workspace/install/acre_ctrl/include/acre_ctrl/acre_ctrl/srv/detail
[0.644s] -- Up-to-date: /workspace/install/acre_ctrl/include/acre_ctrl/acre_ctrl/srv/detail/go2_start_sequence__rosidl_typesupport_introspection_c.h
[0.644s] -- Up-to-date: /workspace/install/acre_ctrl/include/acre_ctrl/acre_ctrl/srv/detail/go2_start_sequence__type_support.c
[0.644s] -- Up-to-date: /workspace/install/acre_ctrl/lib/libacre_ctrl__rosidl_typesupport_introspection_c.so
[0.644s] -- Up-to-date: /workspace/install/acre_ctrl/lib/libacre_ctrl__rosidl_typesupport_c.so
[0.644s] -- Up-to-date: /workspace/install/acre_ctrl/include/acre_ctrl/acre_ctrl
[0.645s] -- Up-to-date: /workspace/install/acre_ctrl/include/acre_ctrl/acre_ctrl/srv
[0.645s] -- Up-to-date: /workspace/install/acre_ctrl/include/acre_ctrl/acre_ctrl/srv/detail
[0.645s] -- Up-to-date: /workspace/install/acre_ctrl/include/acre_ctrl/acre_ctrl/srv/detail/go2_start_sequence__rosidl_typesupport_introspection_cpp.hpp
[0.645s] -- Up-to-date: /workspace/install/acre_ctrl/include/acre_ctrl/acre_ctrl/srv/detail/go2_start_sequence__type_support.cpp
[0.645s] -- Up-to-date: /workspace/install/acre_ctrl/lib/libacre_ctrl__rosidl_typesupport_introspection_cpp.so
[0.645s] -- Up-to-date: /workspace/install/acre_ctrl/lib/libacre_ctrl__rosidl_typesupport_cpp.so
[0.645s] -- Up-to-date: /workspace/install/acre_ctrl/share/acre_ctrl/environment/pythonpath.sh
[0.646s] -- Up-to-date: /workspace/install/acre_ctrl/share/acre_ctrl/environment/pythonpath.dsv
[0.646s] -- Up-to-date: /workspace/install/acre_ctrl/local/lib/python3.10/dist-packages/acre_ctrl-0.0.0-py3.10.egg-info
[0.646s] -- Installing: /workspace/install/acre_ctrl/local/lib/python3.10/dist-packages/acre_ctrl-0.0.0-py3.10.egg-info/PKG-INFO
[0.646s] -- Installing: /workspace/install/acre_ctrl/local/lib/python3.10/dist-packages/acre_ctrl-0.0.0-py3.10.egg-info/dependency_links.txt
[0.646s] -- Installing: /workspace/install/acre_ctrl/local/lib/python3.10/dist-packages/acre_ctrl-0.0.0-py3.10.egg-info/top_level.txt
[0.647s] -- Installing: /workspace/install/acre_ctrl/local/lib/python3.10/dist-packages/acre_ctrl-0.0.0-py3.10.egg-info/SOURCES.txt
[0.647s] -- Up-to-date: /workspace/install/acre_ctrl/local/lib/python3.10/dist-packages/acre_ctrl
[0.647s] -- Up-to-date: /workspace/install/acre_ctrl/local/lib/python3.10/dist-packages/acre_ctrl/__init__.py
[0.647s] -- Up-to-date: /workspace/install/acre_ctrl/local/lib/python3.10/dist-packages/acre_ctrl/srv
[0.647s] -- Up-to-date: /workspace/install/acre_ctrl/local/lib/python3.10/dist-packages/acre_ctrl/srv/_go2_start_sequence.py
[0.647s] -- Up-to-date: /workspace/install/acre_ctrl/local/lib/python3.10/dist-packages/acre_ctrl/srv/_go2_start_sequence_s.c
[0.647s] -- Up-to-date: /workspace/install/acre_ctrl/local/lib/python3.10/dist-packages/acre_ctrl/srv/__init__.py
[0.647s] -- Up-to-date: /workspace/install/acre_ctrl/local/lib/python3.10/dist-packages/acre_ctrl/_acre_ctrl_s.ep.rosidl_typesupport_fastrtps_c.c
[0.648s] -- Up-to-date: /workspace/install/acre_ctrl/local/lib/python3.10/dist-packages/acre_ctrl/_acre_ctrl_s.ep.rosidl_typesupport_introspection_c.c
[0.648s] -- Up-to-date: /workspace/install/acre_ctrl/local/lib/python3.10/dist-packages/acre_ctrl/_acre_ctrl_s.ep.rosidl_typesupport_c.c
[0.648s] -- Up-to-date: /workspace/install/acre_ctrl/local/lib/python3.10/dist-packages/acre_ctrl/libacre_ctrl__rosidl_generator_py.so
[0.648s] -- Up-to-date: /workspace/install/acre_ctrl/local/lib/python3.10/dist-packages/acre_ctrl/acre_ctrl_s__rosidl_typesupport_introspection_c.cpython-310-x86_64-linux-gnu.so
[0.648s] -- Up-to-date: /workspace/install/acre_ctrl/local/lib/python3.10/dist-packages/acre_ctrl/acre_ctrl_s__rosidl_typesupport_c.cpython-310-x86_64-linux-gnu.so
[0.648s] -- Up-to-date: /workspace/install/acre_ctrl/local/lib/python3.10/dist-packages/acre_ctrl/acre_ctrl_s__rosidl_typesupport_fastrtps_c.cpython-310-x86_64-linux-gnu.so
[0.702s] Listing '/workspace/install/acre_ctrl/local/lib/python3.10/dist-packages/acre_ctrl'...
[0.702s] Listing '/workspace/install/acre_ctrl/local/lib/python3.10/dist-packages/acre_ctrl/srv'...
[0.710s] -- Up-to-date: /workspace/install/acre_ctrl/local/lib/python3.10/dist-packages/acre_ctrl/acre_ctrl_s__rosidl_typesupport_fastrtps_c.cpython-310-x86_64-linux-gnu.so
[0.711s] -- Up-to-date: /workspace/install/acre_ctrl/local/lib/python3.10/dist-packages/acre_ctrl/acre_ctrl_s__rosidl_typesupport_introspection_c.cpython-310-x86_64-linux-gnu.so
[0.712s] -- Up-to-date: /workspace/install/acre_ctrl/local/lib/python3.10/dist-packages/acre_ctrl/acre_ctrl_s__rosidl_typesupport_c.cpython-310-x86_64-linux-gnu.so
[0.712s] -- Up-to-date: /workspace/install/acre_ctrl/lib/libacre_ctrl__rosidl_generator_py.so
[0.713s] -- Up-to-date: /workspace/install/acre_ctrl/share/ament_index/resource_index/rust_packages/acre_ctrl
[0.713s] -- Up-to-date: /workspace/install/acre_ctrl/share/acre_ctrl/rust
[0.714s] -- Up-to-date: /workspace/install/acre_ctrl/share/acre_ctrl/rust/src
[0.714s] -- Up-to-date: /workspace/install/acre_ctrl/share/acre_ctrl/rust/src/srv.rs
[0.714s] -- Up-to-date: /workspace/install/acre_ctrl/share/acre_ctrl/rust/src/srv
[0.714s] -- Up-to-date: /workspace/install/acre_ctrl/share/acre_ctrl/rust/src/srv/rmw.rs
[0.714s] -- Up-to-date: /workspace/install/acre_ctrl/share/acre_ctrl/rust/src/lib.rs
[0.715s] -- Up-to-date: /workspace/install/acre_ctrl/share/acre_ctrl/rust/Cargo.toml
[0.715s] -- Up-to-date: /workspace/install/acre_ctrl/share/acre_ctrl/rust/build.rs
[0.715s] -- Up-to-date: /workspace/install/acre_ctrl/share/acre_ctrl/srv/Go2StartSequence.idl
[0.715s] -- Up-to-date: /workspace/install/acre_ctrl/share/acre_ctrl/srv/Go2StartSequence.srv
[0.715s] -- Up-to-date: /workspace/install/acre_ctrl/share/acre_ctrl/srv/Go2StartSequence_Request.msg
[0.716s] -- Up-to-date: /workspace/install/acre_ctrl/share/acre_ctrl/srv/Go2StartSequence_Response.msg
[0.716s] -- Up-to-date: /workspace/install/acre_ctrl/lib/acre_ctrl/sportmode_driver
[0.716s] -- Up-to-date: /workspace/install/acre_ctrl/lib/acre_ctrl/point_control_node
[0.716s] -- Up-to-date: /workspace/install/acre_ctrl/lib/acre_ctrl/libspin_sample.so
[0.717s] -- Up-to-date: /workspace/install/acre_ctrl/share/ament_index/resource_index/package_run_dependencies/acre_ctrl
[0.717s] -- Up-to-date: /workspace/install/acre_ctrl/share/ament_index/resource_index/parent_prefix_path/acre_ctrl
[0.717s] -- Up-to-date: /workspace/install/acre_ctrl/share/acre_ctrl/environment/ament_prefix_path.sh
[0.717s] -- Up-to-date: /workspace/install/acre_ctrl/share/acre_ctrl/environment/ament_prefix_path.dsv
[0.718s] -- Up-to-date: /workspace/install/acre_ctrl/share/acre_ctrl/environment/path.sh
[0.718s] -- Up-to-date: /workspace/install/acre_ctrl/share/acre_ctrl/environment/path.dsv
[0.718s] -- Up-to-date: /workspace/install/acre_ctrl/share/acre_ctrl/local_setup.bash
[0.718s] -- Up-to-date: /workspace/install/acre_ctrl/share/acre_ctrl/local_setup.sh
[0.718s] -- Up-to-date: /workspace/install/acre_ctrl/share/acre_ctrl/local_setup.zsh
[0.719s] -- Up-to-date: /workspace/install/acre_ctrl/share/acre_ctrl/local_setup.dsv
[0.719s] -- Installing: /workspace/install/acre_ctrl/share/acre_ctrl/package.dsv
[0.719s] -- Up-to-date: /workspace/install/acre_ctrl/share/ament_index/resource_index/packages/acre_ctrl
[0.719s] -- Up-to-date: /workspace/install/acre_ctrl/share/acre_ctrl/cmake/export_acre_ctrl__rosidl_generator_cExport.cmake
[0.720s] -- Up-to-date: /workspace/install/acre_ctrl/share/acre_ctrl/cmake/export_acre_ctrl__rosidl_generator_cExport-noconfig.cmake
[0.720s] -- Up-to-date: /workspace/install/acre_ctrl/share/acre_ctrl/cmake/export_acre_ctrl__rosidl_typesupport_fastrtps_cExport.cmake
[0.720s] -- Up-to-date: /workspace/install/acre_ctrl/share/acre_ctrl/cmake/export_acre_ctrl__rosidl_typesupport_fastrtps_cExport-noconfig.cmake
[0.720s] -- Up-to-date: /workspace/install/acre_ctrl/share/acre_ctrl/cmake/export_acre_ctrl__rosidl_generator_cppExport.cmake
[0.721s] -- Up-to-date: /workspace/install/acre_ctrl/share/acre_ctrl/cmake/export_acre_ctrl__rosidl_typesupport_fastrtps_cppExport.cmake
[0.721s] -- Up-to-date: /workspace/install/acre_ctrl/share/acre_ctrl/cmake/export_acre_ctrl__rosidl_typesupport_fastrtps_cppExport-noconfig.cmake
[0.721s] -- Up-to-date: /workspace/install/acre_ctrl/share/acre_ctrl/cmake/acre_ctrl__rosidl_typesupport_introspection_cExport.cmake
[0.721s] -- Up-to-date: /workspace/install/acre_ctrl/share/acre_ctrl/cmake/acre_ctrl__rosidl_typesupport_introspection_cExport-noconfig.cmake
[0.721s] -- Up-to-date: /workspace/install/acre_ctrl/share/acre_ctrl/cmake/acre_ctrl__rosidl_typesupport_cExport.cmake
[0.721s] -- Up-to-date: /workspace/install/acre_ctrl/share/acre_ctrl/cmake/acre_ctrl__rosidl_typesupport_cExport-noconfig.cmake
[0.721s] -- Up-to-date: /workspace/install/acre_ctrl/share/acre_ctrl/cmake/acre_ctrl__rosidl_typesupport_introspection_cppExport.cmake
[0.721s] -- Up-to-date: /workspace/install/acre_ctrl/share/acre_ctrl/cmake/acre_ctrl__rosidl_typesupport_introspection_cppExport-noconfig.cmake
[0.722s] -- Up-to-date: /workspace/install/acre_ctrl/share/acre_ctrl/cmake/acre_ctrl__rosidl_typesupport_cppExport.cmake
[0.722s] -- Up-to-date: /workspace/install/acre_ctrl/share/acre_ctrl/cmake/acre_ctrl__rosidl_typesupport_cppExport-noconfig.cmake
[0.722s] -- Up-to-date: /workspace/install/acre_ctrl/share/acre_ctrl/cmake/export_acre_ctrl__rosidl_generator_pyExport.cmake
[0.722s] -- Up-to-date: /workspace/install/acre_ctrl/share/acre_ctrl/cmake/export_acre_ctrl__rosidl_generator_pyExport-noconfig.cmake
[0.722s] -- Up-to-date: /workspace/install/acre_ctrl/share/acre_ctrl/cmake/rosidl_cmake-extras.cmake
[0.722s] -- Up-to-date: /workspace/install/acre_ctrl/share/acre_ctrl/cmake/ament_cmake_export_include_directories-extras.cmake
[0.722s] -- Up-to-date: /workspace/install/acre_ctrl/share/acre_ctrl/cmake/ament_cmake_export_libraries-extras.cmake
[0.722s] -- Up-to-date: /workspace/install/acre_ctrl/share/acre_ctrl/cmake/ament_cmake_export_targets-extras.cmake
[0.723s] -- Up-to-date: /workspace/install/acre_ctrl/share/acre_ctrl/cmake/rosidl_cmake_export_typesupport_targets-extras.cmake
[0.723s] -- Up-to-date: /workspace/install/acre_ctrl/share/acre_ctrl/cmake/ament_cmake_export_dependencies-extras.cmake
[0.723s] -- Up-to-date: /workspace/install/acre_ctrl/share/acre_ctrl/cmake/rosidl_cmake_export_typesupport_libraries-extras.cmake
[0.723s] -- Up-to-date: /workspace/install/acre_ctrl/share/acre_ctrl/cmake/acre_ctrlConfig.cmake
[0.723s] -- Up-to-date: /workspace/install/acre_ctrl/share/acre_ctrl/cmake/acre_ctrlConfig-version.cmake
[0.723s] -- Up-to-date: /workspace/install/acre_ctrl/share/acre_ctrl/package.xml
[0.725s] Invoked command in '/workspace/build/acre_ctrl' returned '0': CMAKE_PREFIX_PATH=${CMAKE_PREFIX_PATH}:/opt/ros/humble /usr/bin/cmake --install /workspace/build/acre_ctrl
