[0.017s] Invoking command in '/workspace/build/acre_ctrl': CMAKE_PREFIX_PATH=${CMAKE_PREFIX_PATH}:/opt/ros/humble /usr/bin/cmake --build /workspace/build/acre_ctrl -- -j16 -l16
[0.092s] [  2%] Built target acre_ctrl__rs
[0.092s] [ 10%] Built target acre_ctrl__cpp
[0.092s] [ 12%] Built target acre_ctrl__rosidl_generator_c
[0.104s] [ 12%] Built target ament_cmake_python_copy_acre_ctrl
[0.121s] [ 27%] Built target acre_ctrl__rosidl_typesupport_c
[0.121s] [ 27%] Built target acre_ctrl__rosidl_typesupport_introspection_c
[0.122s] [ 35%] Built target acre_ctrl__rosidl_typesupport_cpp
[0.123s] [ 50%] Built target acre_ctrl__rosidl_typesupport_introspection_cpp
[0.123s] [ 50%] Built target acre_ctrl__rosidl_typesupport_fastrtps_c
[0.124s] [ 57%] Built target acre_ctrl__rosidl_typesupport_fastrtps_cpp
[0.153s] [ 57%] Built target acre_ctrl
[0.181s] [ 62%] Built target acre_ctrl__py
[0.181s] [ 65%] Built target spin_sample
[0.192s] [ 72%] [32mBuilding CXX object CMakeFiles/sportmode_driver.dir/src/common/sportmode_driver.cpp.o[0m
[0.192s] [ 75%] Built target point_control_node
[0.212s] [ 80%] Built target acre_ctrl__rosidl_generator_py
[0.243s] [ 95%] Built target acre_ctrl__rosidl_typesupport_c__pyext
[0.243s] [ 95%] Built target acre_ctrl__rosidl_typesupport_introspection_c__pyext
[0.244s] [ 95%] Built target acre_ctrl__rosidl_typesupport_fastrtps_c__pyext
[0.351s] running egg_info
[0.352s] writing acre_ctrl.egg-info/PKG-INFO
[0.352s] writing dependency_links to acre_ctrl.egg-info/dependency_links.txt
[0.352s] writing top-level names to acre_ctrl.egg-info/top_level.txt
[0.354s] reading manifest file 'acre_ctrl.egg-info/SOURCES.txt'
[0.355s] writing manifest file 'acre_ctrl.egg-info/SOURCES.txt'
[0.385s] [ 95%] Built target ament_cmake_python_build_acre_ctrl_egg
[2.938s] [01m[K/workspace/src/acre_ctrl/src/common/sportmode_driver.cpp:[m[K In member function ‘[01m[Kvoid Go2SportClientNode::start_sequence(std::shared_ptr<acre_ctrl::srv::Go2StartSequence_Request_<std::allocator<void> > >, std::shared_ptr<acre_ctrl::srv::Go2StartSequence_Response_<std::allocator<void> > >)[m[K’:
[2.939s] [01m[K/workspace/src/acre_ctrl/src/common/sportmode_driver.cpp:74:34:[m[K [01;31m[Kerror: [m[Kno matching function for call to ‘[01m[KSportClient::ClassicWalk(unitree_api::msg::Request&)[m[K’
[2.939s]    74 |         [01;31m[Ksport_client_.ClassicWalk(req)[m[K;       // balanced standing -> Agile
[2.939s]       |         [01;31m[K~~~~~~~~~~~~~~~~~~~~~~~~~^~~~~[m[K
[2.939s] In file included from [01m[K/workspace/src/acre_ctrl/src/common/sportmode_driver.cpp:10[m[K:
[2.939s] [01m[K/workspace/src/acre_ctrl/include/acre_ctrl/common/ros2_sport_client.hpp:303:8:[m[K [01;36m[Knote: [m[Kcandidate: ‘[01m[Kvoid SportClient::ClassicWalk(unitree_api::msg::Request&, bool)[m[K’
[2.939s]   303 |   void [01;36m[KClassicWalk[m[K(unitree_api::msg::Request &req, bool flag);
[2.940s]       |        [01;36m[K^~~~~~~~~~~[m[K
[2.940s] [01m[K/workspace/src/acre_ctrl/include/acre_ctrl/common/ros2_sport_client.hpp:303:8:[m[K [01;36m[Knote: [m[K  candidate expects 2 arguments, 1 provided
[6.115s] gmake[2]: *** [CMakeFiles/sportmode_driver.dir/build.make:76: CMakeFiles/sportmode_driver.dir/src/common/sportmode_driver.cpp.o] Error 1
[6.115s] gmake[1]: *** [CMakeFiles/Makefile2:617: CMakeFiles/sportmode_driver.dir/all] Error 2
[6.115s] gmake: *** [Makefile:146: all] Error 2
[6.118s] Invoked command in '/workspace/build/acre_ctrl' returned '2': CMAKE_PREFIX_PATH=${CMAKE_PREFIX_PATH}:/opt/ros/humble /usr/bin/cmake --build /workspace/build/acre_ctrl -- -j16 -l16
