[0.024s] Invoking command in '/workspace/build/acre_ctrl': CMAKE_PREFIX_PATH=${CMAKE_PREFIX_PATH}:/opt/ros/humble /usr/bin/cmake --build /workspace/build/acre_ctrl -- -j16 -l16
[0.143s] [  5%] Built target acre_ctrl__rs
[0.143s] [ 10%] Built target acre_ctrl__rosidl_generator_c
[0.143s] [ 12%] Built target acre_ctrl__cpp
[0.163s] [ 12%] Built target ament_cmake_python_copy_acre_ctrl
[0.185s] [ 20%] Built target acre_ctrl__rosidl_typesupport_introspection_c
[0.186s] [ 35%] Built target acre_ctrl__rosidl_typesupport_fastrtps_c
[0.186s] [ 35%] Built target acre_ctrl__rosidl_typesupport_c
[0.186s] [ 42%] Built target acre_ctrl__rosidl_typesupport_cpp
[0.187s] [ 50%] Built target acre_ctrl__rosidl_typesupport_introspection_cpp
[0.188s] [ 57%] Built target acre_ctrl__rosidl_typesupport_fastrtps_cpp
[0.238s] [ 57%] Built target acre_ctrl
[0.264s] [35m[1mConsolidate compiler generated dependencies of target sportmode_driver[0m
[0.284s] [ 60%] Built target acre_ctrl__py
[0.285s] [ 65%] Built target spin_sample
[0.308s] [ 72%] Built target point_control_node
[0.333s] [ 80%] Built target sportmode_driver
[0.335s] [ 85%] Built target acre_ctrl__rosidl_generator_py
[0.384s] [100%] Built target acre_ctrl__rosidl_typesupport_c__pyext
[0.385s] [100%] Built target acre_ctrl__rosidl_typesupport_fastrtps_c__pyext
[0.385s] [100%] Built target acre_ctrl__rosidl_typesupport_introspection_c__pyext
[0.552s] running egg_info
[0.553s] writing acre_ctrl.egg-info/PKG-INFO
[0.553s] writing dependency_links to acre_ctrl.egg-info/dependency_links.txt
[0.554s] writing top-level names to acre_ctrl.egg-info/top_level.txt
[0.557s] reading manifest file 'acre_ctrl.egg-info/SOURCES.txt'
[0.558s] writing manifest file 'acre_ctrl.egg-info/SOURCES.txt'
[0.612s] [100%] Built target ament_cmake_python_build_acre_ctrl_egg
[0.638s] Invoked command in '/workspace/build/acre_ctrl' returned '0': CMAKE_PREFIX_PATH=${CMAKE_PREFIX_PATH}:/opt/ros/humble /usr/bin/cmake --build /workspace/build/acre_ctrl -- -j16 -l16
[0.660s] Invoking command in '/workspace/build/acre_ctrl': CMAKE_PREFIX_PATH=${CMAKE_PREFIX_PATH}:/opt/ros/humble /usr/bin/cmake --install /workspace/build/acre_ctrl
[0.675s] -- Install configuration: ""
[0.675s] -- Up-to-date: /workspace/install/acre_ctrl/share/ament_index/resource_index/rosidl_interfaces/acre_ctrl
[0.676s] -- Up-to-date: /workspace/install/acre_ctrl/include/acre_ctrl/acre_ctrl
[0.676s] -- Up-to-date: /workspace/install/acre_ctrl/include/acre_ctrl/acre_ctrl/msg
[0.676s] -- Up-to-date: /workspace/install/acre_ctrl/include/acre_ctrl/acre_ctrl/msg/rosidl_generator_c__visibility_control.h
[0.676s] -- Up-to-date: /workspace/install/acre_ctrl/include/acre_ctrl/acre_ctrl/srv
[0.676s] -- Up-to-date: /workspace/install/acre_ctrl/include/acre_ctrl/acre_ctrl/srv/go2_start_sequence.h
[0.677s] -- Up-to-date: /workspace/install/acre_ctrl/include/acre_ctrl/acre_ctrl/srv/detail
[0.677s] -- Up-to-date: /workspace/install/acre_ctrl/include/acre_ctrl/acre_ctrl/srv/detail/go2_start_sequence__functions.c
[0.677s] -- Up-to-date: /workspace/install/acre_ctrl/include/acre_ctrl/acre_ctrl/srv/detail/go2_start_sequence__functions.h
[0.677s] -- Up-to-date: /workspace/install/acre_ctrl/include/acre_ctrl/acre_ctrl/srv/detail/go2_start_sequence__struct.h
[0.677s] -- Up-to-date: /workspace/install/acre_ctrl/include/acre_ctrl/acre_ctrl/srv/detail/go2_start_sequence__type_support.h
[0.678s] -- Up-to-date: /workspace/install/acre_ctrl/share/acre_ctrl/environment/library_path.sh
[0.678s] -- Up-to-date: /workspace/install/acre_ctrl/share/acre_ctrl/environment/library_path.dsv
[0.678s] -- Up-to-date: /workspace/install/acre_ctrl/lib/libacre_ctrl__rosidl_generator_c.so
[0.678s] -- Up-to-date: /workspace/install/acre_ctrl/include/acre_ctrl/acre_ctrl
[0.678s] -- Up-to-date: /workspace/install/acre_ctrl/include/acre_ctrl/acre_ctrl/msg
[0.679s] -- Up-to-date: /workspace/install/acre_ctrl/include/acre_ctrl/acre_ctrl/msg/rosidl_typesupport_fastrtps_c__visibility_control.h
[0.679s] -- Up-to-date: /workspace/install/acre_ctrl/include/acre_ctrl/acre_ctrl/srv
[0.679s] -- Up-to-date: /workspace/install/acre_ctrl/include/acre_ctrl/acre_ctrl/srv/detail
[0.679s] -- Up-to-date: /workspace/install/acre_ctrl/include/acre_ctrl/acre_ctrl/srv/detail/go2_start_sequence__rosidl_typesupport_fastrtps_c.h
[0.679s] -- Up-to-date: /workspace/install/acre_ctrl/lib/libacre_ctrl__rosidl_typesupport_fastrtps_c.so
[0.680s] -- Up-to-date: /workspace/install/acre_ctrl/include/acre_ctrl/acre_ctrl
[0.680s] -- Up-to-date: /workspace/install/acre_ctrl/include/acre_ctrl/acre_ctrl/msg
[0.680s] -- Up-to-date: /workspace/install/acre_ctrl/include/acre_ctrl/acre_ctrl/msg/rosidl_generator_cpp__visibility_control.hpp
[0.680s] -- Up-to-date: /workspace/install/acre_ctrl/include/acre_ctrl/acre_ctrl/srv
[0.680s] -- Up-to-date: /workspace/install/acre_ctrl/include/acre_ctrl/acre_ctrl/srv/go2_start_sequence.hpp
[0.681s] -- Up-to-date: /workspace/install/acre_ctrl/include/acre_ctrl/acre_ctrl/srv/detail
[0.681s] -- Up-to-date: /workspace/install/acre_ctrl/include/acre_ctrl/acre_ctrl/srv/detail/go2_start_sequence__builder.hpp
[0.681s] -- Up-to-date: /workspace/install/acre_ctrl/include/acre_ctrl/acre_ctrl/srv/detail/go2_start_sequence__struct.hpp
[0.681s] -- Up-to-date: /workspace/install/acre_ctrl/include/acre_ctrl/acre_ctrl/srv/detail/go2_start_sequence__traits.hpp
[0.681s] -- Up-to-date: /workspace/install/acre_ctrl/include/acre_ctrl/acre_ctrl/srv/detail/go2_start_sequence__type_support.hpp
[0.682s] -- Up-to-date: /workspace/install/acre_ctrl/include/acre_ctrl/acre_ctrl
[0.682s] -- Up-to-date: /workspace/install/acre_ctrl/include/acre_ctrl/acre_ctrl/msg
[0.682s] -- Up-to-date: /workspace/install/acre_ctrl/include/acre_ctrl/acre_ctrl/msg/rosidl_typesupport_fastrtps_cpp__visibility_control.h
[0.682s] -- Up-to-date: /workspace/install/acre_ctrl/include/acre_ctrl/acre_ctrl/srv
[0.682s] -- Up-to-date: /workspace/install/acre_ctrl/include/acre_ctrl/acre_ctrl/srv/detail
[0.682s] -- Up-to-date: /workspace/install/acre_ctrl/include/acre_ctrl/acre_ctrl/srv/detail/go2_start_sequence__rosidl_typesupport_fastrtps_cpp.hpp
[0.682s] -- Up-to-date: /workspace/install/acre_ctrl/include/acre_ctrl/acre_ctrl/srv/detail/dds_fastrtps
[0.683s] -- Up-to-date: /workspace/install/acre_ctrl/lib/libacre_ctrl__rosidl_typesupport_fastrtps_cpp.so
[0.683s] -- Up-to-date: /workspace/install/acre_ctrl/include/acre_ctrl/acre_ctrl
[0.683s] -- Up-to-date: /workspace/install/acre_ctrl/include/acre_ctrl/acre_ctrl/msg
[0.683s] -- Up-to-date: /workspace/install/acre_ctrl/include/acre_ctrl/acre_ctrl/msg/rosidl_typesupport_introspection_c__visibility_control.h
[0.683s] -- Up-to-date: /workspace/install/acre_ctrl/include/acre_ctrl/acre_ctrl/srv
[0.684s] -- Up-to-date: /workspace/install/acre_ctrl/include/acre_ctrl/acre_ctrl/srv/detail
[0.684s] -- Up-to-date: /workspace/install/acre_ctrl/include/acre_ctrl/acre_ctrl/srv/detail/go2_start_sequence__rosidl_typesupport_introspection_c.h
[0.684s] -- Up-to-date: /workspace/install/acre_ctrl/include/acre_ctrl/acre_ctrl/srv/detail/go2_start_sequence__type_support.c
[0.684s] -- Up-to-date: /workspace/install/acre_ctrl/lib/libacre_ctrl__rosidl_typesupport_introspection_c.so
[0.684s] -- Up-to-date: /workspace/install/acre_ctrl/lib/libacre_ctrl__rosidl_typesupport_c.so
[0.684s] -- Up-to-date: /workspace/install/acre_ctrl/include/acre_ctrl/acre_ctrl
[0.684s] -- Up-to-date: /workspace/install/acre_ctrl/include/acre_ctrl/acre_ctrl/srv
[0.685s] -- Up-to-date: /workspace/install/acre_ctrl/include/acre_ctrl/acre_ctrl/srv/detail
[0.685s] -- Up-to-date: /workspace/install/acre_ctrl/include/acre_ctrl/acre_ctrl/srv/detail/go2_start_sequence__rosidl_typesupport_introspection_cpp.hpp
[0.685s] -- Up-to-date: /workspace/install/acre_ctrl/include/acre_ctrl/acre_ctrl/srv/detail/go2_start_sequence__type_support.cpp
[0.685s] -- Up-to-date: /workspace/install/acre_ctrl/lib/libacre_ctrl__rosidl_typesupport_introspection_cpp.so
[0.685s] -- Up-to-date: /workspace/install/acre_ctrl/lib/libacre_ctrl__rosidl_typesupport_cpp.so
[0.685s] -- Up-to-date: /workspace/install/acre_ctrl/share/acre_ctrl/environment/pythonpath.sh
[0.685s] -- Up-to-date: /workspace/install/acre_ctrl/share/acre_ctrl/environment/pythonpath.dsv
[0.686s] -- Up-to-date: /workspace/install/acre_ctrl/local/lib/python3.10/dist-packages/acre_ctrl-0.0.0-py3.10.egg-info
[0.686s] -- Installing: /workspace/install/acre_ctrl/local/lib/python3.10/dist-packages/acre_ctrl-0.0.0-py3.10.egg-info/PKG-INFO
[0.686s] -- Installing: /workspace/install/acre_ctrl/local/lib/python3.10/dist-packages/acre_ctrl-0.0.0-py3.10.egg-info/dependency_links.txt
[0.686s] -- Installing: /workspace/install/acre_ctrl/local/lib/python3.10/dist-packages/acre_ctrl-0.0.0-py3.10.egg-info/top_level.txt
[0.686s] -- Installing: /workspace/install/acre_ctrl/local/lib/python3.10/dist-packages/acre_ctrl-0.0.0-py3.10.egg-info/SOURCES.txt
[0.686s] -- Up-to-date: /workspace/install/acre_ctrl/local/lib/python3.10/dist-packages/acre_ctrl
[0.686s] -- Up-to-date: /workspace/install/acre_ctrl/local/lib/python3.10/dist-packages/acre_ctrl/__init__.py
[0.686s] -- Up-to-date: /workspace/install/acre_ctrl/local/lib/python3.10/dist-packages/acre_ctrl/srv
[0.686s] -- Up-to-date: /workspace/install/acre_ctrl/local/lib/python3.10/dist-packages/acre_ctrl/srv/_go2_start_sequence.py
[0.687s] -- Up-to-date: /workspace/install/acre_ctrl/local/lib/python3.10/dist-packages/acre_ctrl/srv/_go2_start_sequence_s.c
[0.687s] -- Up-to-date: /workspace/install/acre_ctrl/local/lib/python3.10/dist-packages/acre_ctrl/srv/__init__.py
[0.687s] -- Up-to-date: /workspace/install/acre_ctrl/local/lib/python3.10/dist-packages/acre_ctrl/_acre_ctrl_s.ep.rosidl_typesupport_fastrtps_c.c
[0.687s] -- Up-to-date: /workspace/install/acre_ctrl/local/lib/python3.10/dist-packages/acre_ctrl/_acre_ctrl_s.ep.rosidl_typesupport_introspection_c.c
[0.687s] -- Up-to-date: /workspace/install/acre_ctrl/local/lib/python3.10/dist-packages/acre_ctrl/_acre_ctrl_s.ep.rosidl_typesupport_c.c
[0.687s] -- Up-to-date: /workspace/install/acre_ctrl/local/lib/python3.10/dist-packages/acre_ctrl/libacre_ctrl__rosidl_generator_py.so
[0.687s] -- Up-to-date: /workspace/install/acre_ctrl/local/lib/python3.10/dist-packages/acre_ctrl/acre_ctrl_s__rosidl_typesupport_introspection_c.cpython-310-x86_64-linux-gnu.so
[0.687s] -- Up-to-date: /workspace/install/acre_ctrl/local/lib/python3.10/dist-packages/acre_ctrl/acre_ctrl_s__rosidl_typesupport_c.cpython-310-x86_64-linux-gnu.so
[0.688s] -- Up-to-date: /workspace/install/acre_ctrl/local/lib/python3.10/dist-packages/acre_ctrl/acre_ctrl_s__rosidl_typesupport_fastrtps_c.cpython-310-x86_64-linux-gnu.so
[0.746s] Listing '/workspace/install/acre_ctrl/local/lib/python3.10/dist-packages/acre_ctrl'...
[0.747s] Listing '/workspace/install/acre_ctrl/local/lib/python3.10/dist-packages/acre_ctrl/srv'...
[0.755s] -- Up-to-date: /workspace/install/acre_ctrl/local/lib/python3.10/dist-packages/acre_ctrl/acre_ctrl_s__rosidl_typesupport_fastrtps_c.cpython-310-x86_64-linux-gnu.so
[0.756s] -- Up-to-date: /workspace/install/acre_ctrl/local/lib/python3.10/dist-packages/acre_ctrl/acre_ctrl_s__rosidl_typesupport_introspection_c.cpython-310-x86_64-linux-gnu.so
[0.757s] -- Up-to-date: /workspace/install/acre_ctrl/local/lib/python3.10/dist-packages/acre_ctrl/acre_ctrl_s__rosidl_typesupport_c.cpython-310-x86_64-linux-gnu.so
[0.757s] -- Up-to-date: /workspace/install/acre_ctrl/lib/libacre_ctrl__rosidl_generator_py.so
[0.758s] -- Up-to-date: /workspace/install/acre_ctrl/share/ament_index/resource_index/rust_packages/acre_ctrl
[0.758s] -- Up-to-date: /workspace/install/acre_ctrl/share/acre_ctrl/rust
[0.758s] -- Up-to-date: /workspace/install/acre_ctrl/share/acre_ctrl/rust/src
[0.758s] -- Up-to-date: /workspace/install/acre_ctrl/share/acre_ctrl/rust/src/srv.rs
[0.758s] -- Up-to-date: /workspace/install/acre_ctrl/share/acre_ctrl/rust/src/srv
[0.758s] -- Up-to-date: /workspace/install/acre_ctrl/share/acre_ctrl/rust/src/srv/rmw.rs
[0.759s] -- Up-to-date: /workspace/install/acre_ctrl/share/acre_ctrl/rust/src/lib.rs
[0.759s] -- Up-to-date: /workspace/install/acre_ctrl/share/acre_ctrl/rust/Cargo.toml
[0.759s] -- Up-to-date: /workspace/install/acre_ctrl/share/acre_ctrl/rust/build.rs
[0.759s] -- Up-to-date: /workspace/install/acre_ctrl/share/acre_ctrl/srv/Go2StartSequence.idl
[0.759s] -- Up-to-date: /workspace/install/acre_ctrl/share/acre_ctrl/srv/Go2StartSequence.srv
[0.759s] -- Up-to-date: /workspace/install/acre_ctrl/share/acre_ctrl/srv/Go2StartSequence_Request.msg
[0.759s] -- Up-to-date: /workspace/install/acre_ctrl/share/acre_ctrl/srv/Go2StartSequence_Response.msg
[0.759s] -- Up-to-date: /workspace/install/acre_ctrl/lib/acre_ctrl/sportmode_driver
[0.760s] -- Up-to-date: /workspace/install/acre_ctrl/lib/acre_ctrl/point_control_node
[0.760s] -- Up-to-date: /workspace/install/acre_ctrl/lib/acre_ctrl/libspin_sample.so
[0.761s] -- Up-to-date: /workspace/install/acre_ctrl/share/ament_index/resource_index/package_run_dependencies/acre_ctrl
[0.761s] -- Up-to-date: /workspace/install/acre_ctrl/share/ament_index/resource_index/parent_prefix_path/acre_ctrl
[0.762s] -- Up-to-date: /workspace/install/acre_ctrl/share/acre_ctrl/environment/ament_prefix_path.sh
[0.762s] -- Up-to-date: /workspace/install/acre_ctrl/share/acre_ctrl/environment/ament_prefix_path.dsv
[0.762s] -- Up-to-date: /workspace/install/acre_ctrl/share/acre_ctrl/environment/path.sh
[0.762s] -- Up-to-date: /workspace/install/acre_ctrl/share/acre_ctrl/environment/path.dsv
[0.762s] -- Up-to-date: /workspace/install/acre_ctrl/share/acre_ctrl/local_setup.bash
[0.762s] -- Up-to-date: /workspace/install/acre_ctrl/share/acre_ctrl/local_setup.sh
[0.762s] -- Up-to-date: /workspace/install/acre_ctrl/share/acre_ctrl/local_setup.zsh
[0.763s] -- Up-to-date: /workspace/install/acre_ctrl/share/acre_ctrl/local_setup.dsv
[0.763s] -- Installing: /workspace/install/acre_ctrl/share/acre_ctrl/package.dsv
[0.763s] -- Up-to-date: /workspace/install/acre_ctrl/share/ament_index/resource_index/packages/acre_ctrl
[0.763s] -- Up-to-date: /workspace/install/acre_ctrl/share/acre_ctrl/cmake/export_acre_ctrl__rosidl_generator_cExport.cmake
[0.763s] -- Up-to-date: /workspace/install/acre_ctrl/share/acre_ctrl/cmake/export_acre_ctrl__rosidl_generator_cExport-noconfig.cmake
[0.763s] -- Up-to-date: /workspace/install/acre_ctrl/share/acre_ctrl/cmake/export_acre_ctrl__rosidl_typesupport_fastrtps_cExport.cmake
[0.763s] -- Up-to-date: /workspace/install/acre_ctrl/share/acre_ctrl/cmake/export_acre_ctrl__rosidl_typesupport_fastrtps_cExport-noconfig.cmake
[0.764s] -- Up-to-date: /workspace/install/acre_ctrl/share/acre_ctrl/cmake/export_acre_ctrl__rosidl_generator_cppExport.cmake
[0.764s] -- Up-to-date: /workspace/install/acre_ctrl/share/acre_ctrl/cmake/export_acre_ctrl__rosidl_typesupport_fastrtps_cppExport.cmake
[0.764s] -- Up-to-date: /workspace/install/acre_ctrl/share/acre_ctrl/cmake/export_acre_ctrl__rosidl_typesupport_fastrtps_cppExport-noconfig.cmake
[0.764s] -- Up-to-date: /workspace/install/acre_ctrl/share/acre_ctrl/cmake/acre_ctrl__rosidl_typesupport_introspection_cExport.cmake
[0.764s] -- Up-to-date: /workspace/install/acre_ctrl/share/acre_ctrl/cmake/acre_ctrl__rosidl_typesupport_introspection_cExport-noconfig.cmake
[0.764s] -- Up-to-date: /workspace/install/acre_ctrl/share/acre_ctrl/cmake/acre_ctrl__rosidl_typesupport_cExport.cmake
[0.764s] -- Up-to-date: /workspace/install/acre_ctrl/share/acre_ctrl/cmake/acre_ctrl__rosidl_typesupport_cExport-noconfig.cmake
[0.764s] -- Up-to-date: /workspace/install/acre_ctrl/share/acre_ctrl/cmake/acre_ctrl__rosidl_typesupport_introspection_cppExport.cmake
[0.765s] -- Up-to-date: /workspace/install/acre_ctrl/share/acre_ctrl/cmake/acre_ctrl__rosidl_typesupport_introspection_cppExport-noconfig.cmake
[0.765s] -- Up-to-date: /workspace/install/acre_ctrl/share/acre_ctrl/cmake/acre_ctrl__rosidl_typesupport_cppExport.cmake
[0.765s] -- Up-to-date: /workspace/install/acre_ctrl/share/acre_ctrl/cmake/acre_ctrl__rosidl_typesupport_cppExport-noconfig.cmake
[0.765s] -- Up-to-date: /workspace/install/acre_ctrl/share/acre_ctrl/cmake/export_acre_ctrl__rosidl_generator_pyExport.cmake
[0.765s] -- Up-to-date: /workspace/install/acre_ctrl/share/acre_ctrl/cmake/export_acre_ctrl__rosidl_generator_pyExport-noconfig.cmake
[0.765s] -- Up-to-date: /workspace/install/acre_ctrl/share/acre_ctrl/cmake/rosidl_cmake-extras.cmake
[0.765s] -- Up-to-date: /workspace/install/acre_ctrl/share/acre_ctrl/cmake/ament_cmake_export_include_directories-extras.cmake
[0.766s] -- Up-to-date: /workspace/install/acre_ctrl/share/acre_ctrl/cmake/ament_cmake_export_libraries-extras.cmake
[0.766s] -- Up-to-date: /workspace/install/acre_ctrl/share/acre_ctrl/cmake/ament_cmake_export_targets-extras.cmake
[0.766s] -- Up-to-date: /workspace/install/acre_ctrl/share/acre_ctrl/cmake/rosidl_cmake_export_typesupport_targets-extras.cmake
[0.766s] -- Up-to-date: /workspace/install/acre_ctrl/share/acre_ctrl/cmake/ament_cmake_export_dependencies-extras.cmake
[0.766s] -- Up-to-date: /workspace/install/acre_ctrl/share/acre_ctrl/cmake/rosidl_cmake_export_typesupport_libraries-extras.cmake
[0.766s] -- Up-to-date: /workspace/install/acre_ctrl/share/acre_ctrl/cmake/acre_ctrlConfig.cmake
[0.766s] -- Up-to-date: /workspace/install/acre_ctrl/share/acre_ctrl/cmake/acre_ctrlConfig-version.cmake
[0.766s] -- Up-to-date: /workspace/install/acre_ctrl/share/acre_ctrl/package.xml
[0.772s] Invoked command in '/workspace/build/acre_ctrl' returned '0': CMAKE_PREFIX_PATH=${CMAKE_PREFIX_PATH}:/opt/ros/humble /usr/bin/cmake --install /workspace/build/acre_ctrl
