[0.015s] Invoking command in '/workspace/build/acre_ctrl': CMAKE_PREFIX_PATH=${CMAKE_PREFIX_PATH}:/opt/ros/humble /usr/bin/cmake --build /workspace/build/acre_ctrl -- -j16 -l16
[0.053s] -- Found ament_cmake: 1.3.14 (/opt/ros/humble/share/ament_cmake/cmake)
[0.198s] -- Found rclcpp: 16.0.19 (/opt/ros/humble/share/rclcpp/cmake)
[0.228s] -- Found rosidl_generator_c: 3.1.8 (/opt/ros/humble/share/rosidl_generator_c/cmake)
[0.231s] -- Found rosidl_adapter: 3.1.8 (/opt/ros/humble/share/rosidl_adapter/cmake)
[0.237s] -- Found rosidl_generator_cpp: 3.1.8 (/opt/ros/humble/share/rosidl_generator_cpp/cmake)
[0.248s] -- Using all available rosidl_typesupport_c: rosidl_typesupport_fastrtps_c;rosidl_typesupport_introspection_c
[0.262s] -- Using all available rosidl_typesupport_cpp: rosidl_typesupport_fastrtps_cpp;rosidl_typesupport_introspection_cpp
[0.292s] -- Found rmw_implementation_cmake: 6.1.2 (/opt/ros/humble/share/rmw_implementation_cmake/cmake)
[0.293s] -- Found rmw_cyclonedds_cpp: 1.3.4 (/opt/ros/humble/share/rmw_cyclonedds_cpp/cmake)
[0.305s] -- Using RMW implementation 'rmw_cyclonedds_cpp' as default
[0.339s] -- Found rosidl_default_generators: 1.2.1 (/opt/ros/humble/share/rosidl_default_generators/cmake)
[0.346s] -- Found geometry_msgs: 4.9.1 (/opt/ros/humble/share/geometry_msgs/cmake)
[0.354s] -- Found nav_msgs: 4.9.1 (/opt/ros/humble/share/nav_msgs/cmake)
[0.366s] -- Found unitree_go: 0.0.0 (/opt/unitree_ros2/cyclonedds_ws/install/unitree_go/share/unitree_go/cmake)
[0.374s] -- Found unitree_api: 0.0.0 (/opt/unitree_ros2/cyclonedds_ws/install/unitree_api/share/unitree_api/cmake)
[0.386s] -- Found pybind11: /usr/include (found version "2.9.1")
[0.576s] -- Found ament_cmake_ros: 0.10.0 (/opt/ros/humble/share/ament_cmake_ros/cmake)
[0.814s] -- Using all available rosidl_typesupport_c: rosidl_typesupport_fastrtps_c;rosidl_typesupport_introspection_c
[0.912s] -- Using all available rosidl_typesupport_cpp: rosidl_typesupport_fastrtps_cpp;rosidl_typesupport_introspection_cpp
[0.931s] -- Found python_cmake_module: 0.10.0 (/opt/ros/humble/share/python_cmake_module/cmake)
[0.949s] -- Using PYTHON_EXECUTABLE: /usr/bin/python3
[0.949s] -- Using PYTHON_INCLUDE_DIRS: /usr/include/python3.10
[0.950s] -- Using PYTHON_LIBRARIES: /usr/lib/x86_64-linux-gnu/libpython3.10.so
[1.006s] [0mCMake Deprecation Warning at /opt/ros/humble/share/rosidl_cmake/cmake/rosidl_target_interfaces.cmake:32 (message):
[1.006s]   Use rosidl_get_typesupport_target() and target_link_libraries() instead of
[1.006s]   rosidl_target_interfaces()
[1.006s] Call Stack (most recent call first):
[1.006s]   CMakeLists.txt:41 (rosidl_target_interfaces)
[1.006s] 
[1.007s] [0m
[1.007s] [0mCMake Deprecation Warning at /opt/ros/humble/share/rosidl_cmake/cmake/rosidl_target_interfaces.cmake:32 (message):
[1.007s]   Use rosidl_get_typesupport_target() and target_link_libraries() instead of
[1.007s]   rosidl_target_interfaces()
[1.007s] Call Stack (most recent call first):
[1.007s]   CMakeLists.txt:49 (rosidl_target_interfaces)
[1.008s] 
[1.008s] [0m
[1.008s] [31mCMake Error at CMakeLists.txt:51 (target_link_libraries):
[1.008s]   The plain signature for target_link_libraries has already been used with
[1.008s]   the target "point_control_node".  All uses of target_link_libraries with a
[1.008s]   target must be either all-keyword or all-plain.
[1.008s] 
[1.008s]   The uses of the plain signature are here:
[1.008s] 
[1.008s]    * /opt/ros/humble/share/ament_cmake_target_dependencies/cmake/ament_target_dependencies.cmake:145 (target_link_libraries)
[1.008s]    * /opt/ros/humble/share/rosidl_cmake/cmake/rosidl_target_interfaces.cmake:58 (target_link_libraries)
[1.008s] 
[1.008s] 
[1.008s] [0m
[1.008s] [0mCMake Deprecation Warning at /opt/ros/humble/share/rosidl_cmake/cmake/rosidl_target_interfaces.cmake:32 (message):
[1.008s]   Use rosidl_get_typesupport_target() and target_link_libraries() instead of
[1.008s]   rosidl_target_interfaces()
[1.009s] Call Stack (most recent call first):
[1.009s]   CMakeLists.txt:58 (rosidl_target_interfaces)
[1.009s] 
[1.009s] [0m
[1.009s] -- Found ament_lint_auto: 0.12.15 (/opt/ros/humble/share/ament_lint_auto/cmake)
[1.027s] -- Added test 'cppcheck' to perform static code analysis on C / C++ code
[1.027s] -- Configured cppcheck include dirs: /workspace/src/acre_ctrl/include/acre_ctrl
[1.028s] -- Configured cppcheck exclude dirs and/or files: 
[1.028s] -- Added test 'lint_cmake' to check CMake code style
[1.030s] -- Added test 'uncrustify' to check C / C++ code style
[1.030s] -- Configured uncrustify additional arguments: 
[1.030s] -- Added test 'xmllint' to check XML markup files
[1.032s] -- Configuring incomplete, errors occurred!
[1.032s] See also "/workspace/build/acre_ctrl/CMakeFiles/CMakeOutput.log".
[1.040s] gmake: *** [Makefile:914: cmake_check_build_system] Error 1
[1.042s] Invoked command in '/workspace/build/acre_ctrl' returned '2': CMAKE_PREFIX_PATH=${CMAKE_PREFIX_PATH}:/opt/ros/humble /usr/bin/cmake --build /workspace/build/acre_ctrl -- -j16 -l16
