-- Found ament_cmake: 1.3.14 (/opt/ros/humble/share/ament_cmake/cmake)
-- Found rclcpp: 16.0.19 (/opt/ros/humble/share/rclcpp/cmake)
-- Found rosidl_generator_c: 3.1.8 (/opt/ros/humble/share/rosidl_generator_c/cmake)
-- Found rosidl_adapter: 3.1.8 (/opt/ros/humble/share/rosidl_adapter/cmake)
-- Found rosidl_generator_cpp: 3.1.8 (/opt/ros/humble/share/rosidl_generator_cpp/cmake)
-- Using all available rosidl_typesupport_c: rosidl_typesupport_fastrtps_c;rosidl_typesupport_introspection_c
-- Using all available rosidl_typesupport_cpp: rosidl_typesupport_fastrtps_cpp;rosidl_typesupport_introspection_cpp
-- Found rmw_implementation_cmake: 6.1.2 (/opt/ros/humble/share/rmw_implementation_cmake/cmake)
-- Found rmw_cyclonedds_cpp: 1.3.4 (/opt/ros/humble/share/rmw_cyclonedds_cpp/cmake)
-- Using RMW implementation 'rmw_cyclonedds_cpp' as default
-- Found rosidl_default_generators: 1.2.1 (/opt/ros/humble/share/rosidl_default_generators/cmake)
-- Found geometry_msgs: 4.9.1 (/opt/ros/humble/share/geometry_msgs/cmake)
-- Found nav_msgs: 4.9.1 (/opt/ros/humble/share/nav_msgs/cmake)
-- Found unitree_go: 0.0.0 (/opt/unitree_ros2/cyclonedds_ws/install/unitree_go/share/unitree_go/cmake)
-- Found unitree_api: 0.0.0 (/opt/unitree_ros2/cyclonedds_ws/install/unitree_api/share/unitree_api/cmake)
-- Found ament_cmake_ros: 0.10.0 (/opt/ros/humble/share/ament_cmake_ros/cmake)
-- Using all available rosidl_typesupport_c: rosidl_typesupport_fastrtps_c;rosidl_typesupport_introspection_c
-- Using all available rosidl_typesupport_cpp: rosidl_typesupport_fastrtps_cpp;rosidl_typesupport_introspection_cpp
-- Found python_cmake_module: 0.10.0 (/opt/ros/humble/share/python_cmake_module/cmake)
-- Using PYTHON_EXECUTABLE: /usr/bin/python3
-- Using PYTHON_INCLUDE_DIRS: /usr/include/python3.10
-- Using PYTHON_LIBRARIES: /usr/lib/x86_64-linux-gnu/libpython3.10.so
[0mCMake Deprecation Warning at /opt/ros/humble/share/rosidl_cmake/cmake/rosidl_target_interfaces.cmake:32 (message):
  Use rosidl_get_typesupport_target() and target_link_libraries() instead of
  rosidl_target_interfaces()
Call Stack (most recent call first):
  CMakeLists.txt:39 (rosidl_target_interfaces)

[0m
[0mCMake Deprecation Warning at /opt/ros/humble/share/rosidl_cmake/cmake/rosidl_target_interfaces.cmake:32 (message):
  Use rosidl_get_typesupport_target() and target_link_libraries() instead of
  rosidl_target_interfaces()
Call Stack (most recent call first):
  CMakeLists.txt:47 (rosidl_target_interfaces)

[0m
[0mCMake Deprecation Warning at /opt/ros/humble/share/rosidl_cmake/cmake/rosidl_target_interfaces.cmake:32 (message):
  Use rosidl_get_typesupport_target() and target_link_libraries() instead of
  rosidl_target_interfaces()
Call Stack (most recent call first):
  CMakeLists.txt:54 (rosidl_target_interfaces)

[0m
-- Found ament_lint_auto: 0.12.15 (/opt/ros/humble/share/ament_lint_auto/cmake)
-- Added test 'cppcheck' to perform static code analysis on C / C++ code
-- Configured cppcheck include dirs: /workspace/src/acre_ctrl/include/acre_ctrl
-- Configured cppcheck exclude dirs and/or files: 
-- Added test 'lint_cmake' to check CMake code style
-- Added test 'uncrustify' to check C / C++ code style
-- Configured uncrustify additional arguments: 
-- Added test 'xmllint' to check XML markup files
-- Configuring done
-- Generating done
-- Build files have been written to: /workspace/build/acre_ctrl
[35m[1mConsolidate compiler generated dependencies of target acre_ctrl__rosidl_generator_c[0m
[  5%] Built target acre_ctrl__cpp
[  5%] Built target acre_ctrl__rs
[ 12%] Built target acre_ctrl__rosidl_generator_c
[ 12%] Built target ament_cmake_python_copy_acre_ctrl
[35m[1mConsolidate compiler generated dependencies of target acre_ctrl__rosidl_typesupport_cpp[0m
[35m[1mConsolidate compiler generated dependencies of target acre_ctrl__rosidl_typesupport_introspection_cpp[0m
[35m[1mConsolidate compiler generated dependencies of target acre_ctrl__rosidl_typesupport_fastrtps_cpp[0m
[35m[1mConsolidate compiler generated dependencies of target acre_ctrl__rosidl_typesupport_c[0m
[35m[1mConsolidate compiler generated dependencies of target acre_ctrl__rosidl_typesupport_introspection_c[0m
[35m[1mConsolidate compiler generated dependencies of target acre_ctrl__rosidl_typesupport_fastrtps_c[0m
[ 27%] Built target acre_ctrl__rosidl_typesupport_cpp
[ 27%] Built target acre_ctrl__rosidl_typesupport_introspection_cpp
[ 35%] Built target acre_ctrl__rosidl_typesupport_fastrtps_cpp
[ 50%] Built target acre_ctrl__rosidl_typesupport_c
[ 50%] Built target acre_ctrl__rosidl_typesupport_introspection_c
[ 57%] Built target acre_ctrl__rosidl_typesupport_fastrtps_c
[ 57%] Built target acre_ctrl
[ 72%] [32mBuilding CXX object CMakeFiles/point_control_node.dir/src/ctrl/point_control_node.cpp.o[0m
[ 72%] [32mBuilding CXX object CMakeFiles/sportmode_driver.dir/src/common/ros2_sport_client.cpp.o[0m
[ 72%] [32mBuilding CXX object CMakeFiles/point_control_node.dir/src/common/ros2_sport_client.cpp.o[0m
[ 72%] Built target acre_ctrl__py
[ 72%] [32mBuilding CXX object CMakeFiles/sportmode_driver.dir/src/common/sportmode_driver.cpp.o[0m
[ 72%] [32mBuilding CXX object CMakeFiles/spin_sample.dir/src/algo/spin_sample.cpp.o[0m
[01m[K/workspace/src/acre_ctrl/src/common/ros2_sport_client.cpp:4:10:[m[K [01;31m[Kfatal error: [m[Kcommon/ros2_sport_client.h: No such file or directory
    4 | #include [01;31m[K"common/ros2_sport_client.h"[m[K
      |          [01;31m[K^~~~~~~~~~~~~~~~~~~~~~~~~~~~[m[K
compilation terminated.
[01m[K/workspace/src/acre_ctrl/src/common/ros2_sport_client.cpp:4:10:[m[K [01;31m[Kfatal error: [m[Kcommon/ros2_sport_client.h: No such file or directory
    4 | #include [01;31m[K"common/ros2_sport_client.h"[m[K
      |          [01;31m[K^~~~~~~~~~~~~~~~~~~~~~~~~~~~[m[K
compilation terminated.
gmake[2]: *** [CMakeFiles/point_control_node.dir/build.make:90: CMakeFiles/point_control_node.dir/src/common/ros2_sport_client.cpp.o] Error 1
gmake[2]: *** [CMakeFiles/sportmode_driver.dir/build.make:90: CMakeFiles/sportmode_driver.dir/src/common/ros2_sport_client.cpp.o] Error 1
gmake[2]: *** Waiting for unfinished jobs....
gmake[2]: *** Waiting for unfinished jobs....
In file included from [01m[K/workspace/src/acre_ctrl/src/algo/spin_sample.cpp:1[m[K:
[01m[K/workspace/src/acre_ctrl/include/acre_ctrl/algo/algorithm_base.hpp:78:80:[m[K [01;35m[Kwarning: [m[Kbackslash-newline at end of file
   78 | #define REGISTER_ALGORITHM(ClassName, InputType)                               \
      |                                                                                 
[ 75%] [32mBuilding C object CMakeFiles/acre_ctrl__rosidl_generator_py.dir/rosidl_generator_py/acre_ctrl/srv/_go2_start_sequence_s.c.o[0m
[01m[K/workspace/src/acre_ctrl/include/acre_ctrl/algo/algorithm_base.hpp:27:28:[m[K [01;31m[Kerror: [m[Kredeclaration of ‘[01m[Kdouble GoalData::goal_y[m[K’
   27 |     double goal_x, goal_y, [01;31m[Kgoal_y[m[K;
      |                            [01;31m[K^~~~~~[m[K
[01m[K/workspace/src/acre_ctrl/include/acre_ctrl/algo/algorithm_base.hpp:27:20:[m[K [01;36m[Knote: [m[Kprevious declaration ‘[01m[Kdouble GoalData::goal_y[m[K’
   27 |     double goal_x, [01;36m[Kgoal_y[m[K, goal_y;
      |                    [01;36m[K^~~~~~[m[K
running egg_info
writing acre_ctrl.egg-info/PKG-INFO
writing dependency_links to acre_ctrl.egg-info/dependency_links.txt
writing top-level names to acre_ctrl.egg-info/top_level.txt
reading manifest file 'acre_ctrl.egg-info/SOURCES.txt'
writing manifest file 'acre_ctrl.egg-info/SOURCES.txt'
[ 77%] [32m[1mLinking C shared library rosidl_generator_py/acre_ctrl/libacre_ctrl__rosidl_generator_py.so[0m
[ 77%] Built target ament_cmake_python_build_acre_ctrl_egg
[01m[K/workspace/src/acre_ctrl/src/algo/spin_sample.cpp:[m[K In member function ‘[01m[Kvirtual ControlOutput SpinSample::compute(const void*)[m[K’:
[01m[K/workspace/src/acre_ctrl/src/algo/spin_sample.cpp:8:39:[m[K [01;35m[Kwarning: [m[Kunused parameter ‘[01m[Kraw[m[K’ [[01;35m[K-Wunused-parameter[m[K]
    8 |     ControlOutput compute([01;35m[Kconst void* raw[m[K) override {
      |                           [01;35m[K~~~~~~~~~~~~^~~[m[K
In file included from [01m[K/workspace/src/acre_ctrl/src/algo/spin_sample.cpp:1[m[K:
[01m[K/workspace/src/acre_ctrl/src/algo/spin_sample.cpp:[m[K In function ‘[01m[Kvoid* algo_create()[m[K’:
[01m[K/workspace/src/acre_ctrl/include/acre_ctrl/algo/algorithm_base.hpp:82:60:[m[K [01;31m[Kerror: [m[Kinvalid new-expression of abstract class type ‘[01m[KControlAlgorithm[m[K’
   82 |         void* algo_create()  { return new ControlAlgorithm([01;31m[K)[m[K; }                \
      |                                                            [01;31m[K^[m[K
[01m[K/workspace/src/acre_ctrl/src/algo/spin_sample.cpp:13:1:[m[K [01;36m[Knote: [m[Kin expansion of macro ‘[01m[KREGISTER_ALGORITHM[m[K’
   13 | [01;36m[KREGISTER_ALGORITHM[m[K(SpinSample, PointInput)
      | [01;36m[K^~~~~~~~~~~~~~~~~~[m[K
[01m[K/workspace/src/acre_ctrl/include/acre_ctrl/algo/algorithm_base.hpp:71:7:[m[K [01;36m[Knote: [m[K  because the following virtual functions are pure within ‘[01m[KControlAlgorithm[m[K’:
   71 | class [01;36m[KControlAlgorithm[m[K {
      |       [01;36m[K^~~~~~~~~~~~~~~~[m[K
[01m[K/workspace/src/acre_ctrl/include/acre_ctrl/algo/algorithm_base.hpp:75:27:[m[K [01;36m[Knote: [m[K    ‘[01m[Kvirtual ControlOutput ControlAlgorithm::compute(const void*)[m[K’
   75 |     virtual ControlOutput [01;36m[Kcompute[m[K(const void* input) = 0;
      |                           [01;36m[K^~~~~~~[m[K
[01m[K/workspace/src/acre_ctrl/src/algo/spin_sample.cpp:[m[K In function ‘[01m[KControlOutput algo_compute(void*, const void*)[m[K’:
[01m[K/workspace/src/acre_ctrl/include/acre_ctrl/algo/algorithm_base.hpp:89:17:[m[K [01;31m[Kerror: [m[Kcannot convert ‘[01m[Kconst PointInput[m[K’ to ‘[01m[Kconst void*[m[K’
   89 |                 [01;31m[K*static_cast<const InputType*>(input)[m[K); }                      \
      |                 [01;31m[K^~~~~~~~~~~~~~~~~~~~~~~~~~~~~~~~~~~~~[m[K
      |                 [01;31m[K|[m[K
      |                 [01;31m[Kconst PointInput[m[K
[01m[K/workspace/src/acre_ctrl/src/algo/spin_sample.cpp:13:1:[m[K [01;36m[Knote: [m[Kin expansion of macro ‘[01m[KREGISTER_ALGORITHM[m[K’
   13 | [01;36m[KREGISTER_ALGORITHM[m[K(SpinSample, PointInput)
      | [01;36m[K^~~~~~~~~~~~~~~~~~[m[K
[01m[K/workspace/src/acre_ctrl/src/algo/spin_sample.cpp:8:39:[m[K [01;36m[Knote: [m[K  initializing argument 1 of ‘[01m[Kvirtual ControlOutput SpinSample::compute(const void*)[m[K’
    8 |     ControlOutput compute([01;36m[Kconst void* raw[m[K) override {
      |                           [01;36m[K~~~~~~~~~~~~^~~[m[K
[ 77%] Built target acre_ctrl__rosidl_generator_py
gmake[2]: *** [CMakeFiles/spin_sample.dir/build.make:76: CMakeFiles/spin_sample.dir/src/algo/spin_sample.cpp.o] Error 1
gmake[1]: *** [CMakeFiles/Makefile2:673: CMakeFiles/spin_sample.dir/all] Error 2
gmake[1]: *** Waiting for unfinished jobs....
[ 85%] [32mBuilding C object CMakeFiles/acre_ctrl__rosidl_typesupport_fastrtps_c__pyext.dir/rosidl_generator_py/acre_ctrl/_acre_ctrl_s.ep.rosidl_typesupport_fastrtps_c.c.o[0m
[ 85%] [32mBuilding C object CMakeFiles/acre_ctrl__rosidl_typesupport_introspection_c__pyext.dir/rosidl_generator_py/acre_ctrl/_acre_ctrl_s.ep.rosidl_typesupport_introspection_c.c.o[0m
[ 85%] [32mBuilding C object CMakeFiles/acre_ctrl__rosidl_typesupport_c__pyext.dir/rosidl_generator_py/acre_ctrl/_acre_ctrl_s.ep.rosidl_typesupport_c.c.o[0m
[ 90%] [32m[1mLinking C shared library rosidl_generator_py/acre_ctrl/acre_ctrl_s__rosidl_typesupport_c.cpython-310-x86_64-linux-gnu.so[0m
[ 90%] [32m[1mLinking C shared library rosidl_generator_py/acre_ctrl/acre_ctrl_s__rosidl_typesupport_introspection_c.cpython-310-x86_64-linux-gnu.so[0m
[ 92%] [32m[1mLinking C shared library rosidl_generator_py/acre_ctrl/acre_ctrl_s__rosidl_typesupport_fastrtps_c.cpython-310-x86_64-linux-gnu.so[0m
[ 92%] Built target acre_ctrl__rosidl_typesupport_introspection_c__pyext
[ 92%] Built target acre_ctrl__rosidl_typesupport_c__pyext
[ 92%] Built target acre_ctrl__rosidl_typesupport_fastrtps_c__pyext
In file included from [01m[K/workspace/src/acre_ctrl/src/common/sportmode_driver.cpp:10[m[K:
[01m[K/workspace/src/acre_ctrl/include/acre_ctrl/common/ros2_sport_client.hpp:9:10:[m[K [01;31m[Kfatal error: [m[Knlohmann/json.hpp: No such file or directory
    9 | #include [01;31m[K"nlohmann/json.hpp"[m[K
      |          [01;31m[K^~~~~~~~~~~~~~~~~~~[m[K
compilation terminated.
[01m[K/workspace/src/acre_ctrl/src/ctrl/point_control_node.cpp:8:10:[m[K [01;31m[Kfatal error: [m[Kcommon/algorithm_runner.hpp: No such file or directory
    8 | #include [01;31m[K"common/algorithm_runner.hpp"[m[K
      |          [01;31m[K^~~~~~~~~~~~~~~~~~~~~~~~~~~~~[m[K
compilation terminated.
gmake[2]: *** [CMakeFiles/sportmode_driver.dir/build.make:76: CMakeFiles/sportmode_driver.dir/src/common/sportmode_driver.cpp.o] Error 1
gmake[1]: *** [CMakeFiles/Makefile2:617: CMakeFiles/sportmode_driver.dir/all] Error 2
gmake[2]: *** [CMakeFiles/point_control_node.dir/build.make:76: CMakeFiles/point_control_node.dir/src/ctrl/point_control_node.cpp.o] Error 1
gmake[1]: *** [CMakeFiles/Makefile2:645: CMakeFiles/point_control_node.dir/all] Error 2
gmake: *** [Makefile:146: all] Error 2
