[0.017s] Invoking command in '/workspace/build/acre_ctrl': CMAKE_PREFIX_PATH=${CMAKE_PREFIX_PATH}:/opt/ros/humble /usr/bin/cmake --build /workspace/build/acre_ctrl -- -j16 -l16
[0.053s] -- Found ament_cmake: 1.3.14 (/opt/ros/humble/share/ament_cmake/cmake)
[0.200s] -- Found rclcpp: 16.0.19 (/opt/ros/humble/share/rclcpp/cmake)
[0.232s] -- Found rosidl_generator_c: 3.1.8 (/opt/ros/humble/share/rosidl_generator_c/cmake)
[0.234s] -- Found rosidl_adapter: 3.1.8 (/opt/ros/humble/share/rosidl_adapter/cmake)
[0.241s] -- Found rosidl_generator_cpp: 3.1.8 (/opt/ros/humble/share/rosidl_generator_cpp/cmake)
[0.252s] -- Using all available rosidl_typesupport_c: rosidl_typesupport_fastrtps_c;rosidl_typesupport_introspection_c
[0.266s] -- Using all available rosidl_typesupport_cpp: rosidl_typesupport_fastrtps_cpp;rosidl_typesupport_introspection_cpp
[0.302s] -- Found rmw_implementation_cmake: 6.1.2 (/opt/ros/humble/share/rmw_implementation_cmake/cmake)
[0.303s] -- Found rmw_cyclonedds_cpp: 1.3.4 (/opt/ros/humble/share/rmw_cyclonedds_cpp/cmake)
[0.324s] -- Using RMW implementation 'rmw_cyclonedds_cpp' as default
[0.375s] -- Found rosidl_default_generators: 1.2.1 (/opt/ros/humble/share/rosidl_default_generators/cmake)
[0.384s] -- Found geometry_msgs: 4.9.1 (/opt/ros/humble/share/geometry_msgs/cmake)
[0.393s] -- Found nav_msgs: 4.9.1 (/opt/ros/humble/share/nav_msgs/cmake)
[0.405s] -- Found unitree_go: 0.0.0 (/opt/unitree_ros2/cyclonedds_ws/install/unitree_go/share/unitree_go/cmake)
[0.414s] -- Found unitree_api: 0.0.0 (/opt/unitree_ros2/cyclonedds_ws/install/unitree_api/share/unitree_api/cmake)
[0.612s] -- Found ament_cmake_ros: 0.10.0 (/opt/ros/humble/share/ament_cmake_ros/cmake)
[0.873s] -- Using all available rosidl_typesupport_c: rosidl_typesupport_fastrtps_c;rosidl_typesupport_introspection_c
[0.974s] -- Using all available rosidl_typesupport_cpp: rosidl_typesupport_fastrtps_cpp;rosidl_typesupport_introspection_cpp
[0.995s] -- Found python_cmake_module: 0.10.0 (/opt/ros/humble/share/python_cmake_module/cmake)
[1.016s] -- Using PYTHON_EXECUTABLE: /usr/bin/python3
[1.016s] -- Using PYTHON_INCLUDE_DIRS: /usr/include/python3.10
[1.016s] -- Using PYTHON_LIBRARIES: /usr/lib/x86_64-linux-gnu/libpython3.10.so
[1.076s] [0mCMake Deprecation Warning at /opt/ros/humble/share/rosidl_cmake/cmake/rosidl_target_interfaces.cmake:32 (message):
[1.076s]   Use rosidl_get_typesupport_target() and target_link_libraries() instead of
[1.076s]   rosidl_target_interfaces()
[1.076s] Call Stack (most recent call first):
[1.076s]   CMakeLists.txt:39 (rosidl_target_interfaces)
[1.077s] 
[1.077s] [0m
[1.077s] [0mCMake Deprecation Warning at /opt/ros/humble/share/rosidl_cmake/cmake/rosidl_target_interfaces.cmake:32 (message):
[1.077s]   Use rosidl_get_typesupport_target() and target_link_libraries() instead of
[1.077s]   rosidl_target_interfaces()
[1.077s] Call Stack (most recent call first):
[1.077s]   CMakeLists.txt:47 (rosidl_target_interfaces)
[1.077s] 
[1.077s] [0m
[1.078s] [0mCMake Deprecation Warning at /opt/ros/humble/share/rosidl_cmake/cmake/rosidl_target_interfaces.cmake:32 (message):
[1.078s]   Use rosidl_get_typesupport_target() and target_link_libraries() instead of
[1.079s]   rosidl_target_interfaces()
[1.079s] Call Stack (most recent call first):
[1.079s]   CMakeLists.txt:54 (rosidl_target_interfaces)
[1.079s] 
[1.079s] [0m
[1.079s] -- Found ament_lint_auto: 0.12.15 (/opt/ros/humble/share/ament_lint_auto/cmake)
[1.096s] -- Added test 'cppcheck' to perform static code analysis on C / C++ code
[1.096s] -- Configured cppcheck include dirs: /workspace/src/acre_ctrl/include/acre_ctrl
[1.096s] -- Configured cppcheck exclude dirs and/or files: 
[1.097s] -- Added test 'lint_cmake' to check CMake code style
[1.099s] -- Added test 'uncrustify' to check C / C++ code style
[1.099s] -- Configured uncrustify additional arguments: 
[1.099s] -- Added test 'xmllint' to check XML markup files
[1.101s] -- Configuring done
[1.143s] -- Generating done
[1.157s] -- Build files have been written to: /workspace/build/acre_ctrl
[1.189s] [35m[1mConsolidate compiler generated dependencies of target acre_ctrl__rosidl_generator_c[0m
[1.200s] [  5%] Built target acre_ctrl__cpp
[1.200s] [  5%] Built target acre_ctrl__rs
[1.200s] [ 12%] Built target acre_ctrl__rosidl_generator_c
[1.209s] [ 12%] Built target ament_cmake_python_copy_acre_ctrl
[1.210s] [35m[1mConsolidate compiler generated dependencies of target acre_ctrl__rosidl_typesupport_cpp[0m
[1.210s] [35m[1mConsolidate compiler generated dependencies of target acre_ctrl__rosidl_typesupport_introspection_cpp[0m
[1.210s] [35m[1mConsolidate compiler generated dependencies of target acre_ctrl__rosidl_typesupport_fastrtps_cpp[0m
[1.221s] [35m[1mConsolidate compiler generated dependencies of target acre_ctrl__rosidl_typesupport_c[0m
[1.221s] [35m[1mConsolidate compiler generated dependencies of target acre_ctrl__rosidl_typesupport_introspection_c[0m
[1.221s] [35m[1mConsolidate compiler generated dependencies of target acre_ctrl__rosidl_typesupport_fastrtps_c[0m
[1.227s] [ 27%] Built target acre_ctrl__rosidl_typesupport_cpp
[1.227s] [ 27%] Built target acre_ctrl__rosidl_typesupport_introspection_cpp
[1.227s] [ 35%] Built target acre_ctrl__rosidl_typesupport_fastrtps_cpp
[1.233s] [ 50%] Built target acre_ctrl__rosidl_typesupport_c
[1.234s] [ 50%] Built target acre_ctrl__rosidl_typesupport_introspection_c
[1.239s] [ 57%] Built target acre_ctrl__rosidl_typesupport_fastrtps_c
[1.262s] [ 57%] Built target acre_ctrl
[1.286s] [ 72%] [32mBuilding CXX object CMakeFiles/point_control_node.dir/src/ctrl/point_control_node.cpp.o[0m
[1.287s] [ 72%] [32mBuilding CXX object CMakeFiles/sportmode_driver.dir/src/common/ros2_sport_client.cpp.o[0m
[1.287s] [ 72%] [32mBuilding CXX object CMakeFiles/point_control_node.dir/src/common/ros2_sport_client.cpp.o[0m
[1.287s] [ 72%] Built target acre_ctrl__py
[1.287s] [ 72%] [32mBuilding CXX object CMakeFiles/sportmode_driver.dir/src/common/sportmode_driver.cpp.o[0m
[1.287s] [ 72%] [32mBuilding CXX object CMakeFiles/spin_sample.dir/src/algo/spin_sample.cpp.o[0m
[1.297s] [01m[K/workspace/src/acre_ctrl/src/common/ros2_sport_client.cpp:4:10:[m[K [01;31m[Kfatal error: [m[Kcommon/ros2_sport_client.h: No such file or directory
[1.297s]     4 | #include [01;31m[K"common/ros2_sport_client.h"[m[K
[1.297s]       |          [01;31m[K^~~~~~~~~~~~~~~~~~~~~~~~~~~~[m[K
[1.297s] compilation terminated.
[1.297s] [01m[K/workspace/src/acre_ctrl/src/common/ros2_sport_client.cpp:4:10:[m[K [01;31m[Kfatal error: [m[Kcommon/ros2_sport_client.h: No such file or directory
[1.297s]     4 | #include [01;31m[K"common/ros2_sport_client.h"[m[K
[1.297s]       |          [01;31m[K^~~~~~~~~~~~~~~~~~~~~~~~~~~~[m[K
[1.298s] compilation terminated.
[1.298s] gmake[2]: *** [CMakeFiles/point_control_node.dir/build.make:90: CMakeFiles/point_control_node.dir/src/common/ros2_sport_client.cpp.o] Error 1
[1.298s] gmake[2]: *** [CMakeFiles/sportmode_driver.dir/build.make:90: CMakeFiles/sportmode_driver.dir/src/common/ros2_sport_client.cpp.o] Error 1
[1.298s] gmake[2]: *** Waiting for unfinished jobs....
[1.298s] gmake[2]: *** Waiting for unfinished jobs....
[1.309s] In file included from [01m[K/workspace/src/acre_ctrl/src/algo/spin_sample.cpp:1[m[K:
[1.309s] [01m[K/workspace/src/acre_ctrl/include/acre_ctrl/algo/algorithm_base.hpp:78:80:[m[K [01;35m[Kwarning: [m[Kbackslash-newline at end of file
[1.309s]    78 | #define REGISTER_ALGORITHM(ClassName, InputType)                               \
[1.309s]       |                                                                                 
[1.311s] [ 75%] [32mBuilding C object CMakeFiles/acre_ctrl__rosidl_generator_py.dir/rosidl_generator_py/acre_ctrl/srv/_go2_start_sequence_s.c.o[0m
[1.367s] [01m[K/workspace/src/acre_ctrl/include/acre_ctrl/algo/algorithm_base.hpp:27:28:[m[K [01;31m[Kerror: [m[Kredeclaration of ‘[01m[Kdouble GoalData::goal_y[m[K’
[1.368s]    27 |     double goal_x, goal_y, [01;31m[Kgoal_y[m[K;
[1.368s]       |                            [01;31m[K^~~~~~[m[K
[1.368s] [01m[K/workspace/src/acre_ctrl/include/acre_ctrl/algo/algorithm_base.hpp:27:20:[m[K [01;36m[Knote: [m[Kprevious declaration ‘[01m[Kdouble GoalData::goal_y[m[K’
[1.368s]    27 |     double goal_x, [01;36m[Kgoal_y[m[K, goal_y;
[1.368s]       |                    [01;36m[K^~~~~~[m[K
[1.404s] running egg_info
[1.404s] writing acre_ctrl.egg-info/PKG-INFO
[1.405s] writing dependency_links to acre_ctrl.egg-info/dependency_links.txt
[1.405s] writing top-level names to acre_ctrl.egg-info/top_level.txt
[1.407s] reading manifest file 'acre_ctrl.egg-info/SOURCES.txt'
[1.407s] writing manifest file 'acre_ctrl.egg-info/SOURCES.txt'
[1.419s] [ 77%] [32m[1mLinking C shared library rosidl_generator_py/acre_ctrl/libacre_ctrl__rosidl_generator_py.so[0m
[1.443s] [ 77%] Built target ament_cmake_python_build_acre_ctrl_egg
[1.443s] [01m[K/workspace/src/acre_ctrl/src/algo/spin_sample.cpp:[m[K In member function ‘[01m[Kvirtual ControlOutput SpinSample::compute(const void*)[m[K’:
[1.443s] [01m[K/workspace/src/acre_ctrl/src/algo/spin_sample.cpp:8:39:[m[K [01;35m[Kwarning: [m[Kunused parameter ‘[01m[Kraw[m[K’ [[01;35m[K-Wunused-parameter[m[K]
[1.444s]     8 |     ControlOutput compute([01;35m[Kconst void* raw[m[K) override {
[1.444s]       |                           [01;35m[K~~~~~~~~~~~~^~~[m[K
[1.444s] In file included from [01m[K/workspace/src/acre_ctrl/src/algo/spin_sample.cpp:1[m[K:
[1.444s] [01m[K/workspace/src/acre_ctrl/src/algo/spin_sample.cpp:[m[K In function ‘[01m[Kvoid* algo_create()[m[K’:
[1.444s] [01m[K/workspace/src/acre_ctrl/include/acre_ctrl/algo/algorithm_base.hpp:82:60:[m[K [01;31m[Kerror: [m[Kinvalid new-expression of abstract class type ‘[01m[KControlAlgorithm[m[K’
[1.444s]    82 |         void* algo_create()  { return new ControlAlgorithm([01;31m[K)[m[K; }                \
[1.444s]       |                                                            [01;31m[K^[m[K
[1.444s] [01m[K/workspace/src/acre_ctrl/src/algo/spin_sample.cpp:13:1:[m[K [01;36m[Knote: [m[Kin expansion of macro ‘[01m[KREGISTER_ALGORITHM[m[K’
[1.444s]    13 | [01;36m[KREGISTER_ALGORITHM[m[K(SpinSample, PointInput)
[1.444s]       | [01;36m[K^~~~~~~~~~~~~~~~~~[m[K
[1.444s] [01m[K/workspace/src/acre_ctrl/include/acre_ctrl/algo/algorithm_base.hpp:71:7:[m[K [01;36m[Knote: [m[K  because the following virtual functions are pure within ‘[01m[KControlAlgorithm[m[K’:
[1.444s]    71 | class [01;36m[KControlAlgorithm[m[K {
[1.445s]       |       [01;36m[K^~~~~~~~~~~~~~~~[m[K
[1.445s] [01m[K/workspace/src/acre_ctrl/include/acre_ctrl/algo/algorithm_base.hpp:75:27:[m[K [01;36m[Knote: [m[K    ‘[01m[Kvirtual ControlOutput ControlAlgorithm::compute(const void*)[m[K’
[1.445s]    75 |     virtual ControlOutput [01;36m[Kcompute[m[K(const void* input) = 0;
[1.445s]       |                           [01;36m[K^~~~~~~[m[K
[1.445s] [01m[K/workspace/src/acre_ctrl/src/algo/spin_sample.cpp:[m[K In function ‘[01m[KControlOutput algo_compute(void*, const void*)[m[K’:
[1.445s] [01m[K/workspace/src/acre_ctrl/include/acre_ctrl/algo/algorithm_base.hpp:89:17:[m[K [01;31m[Kerror: [m[Kcannot convert ‘[01m[Kconst PointInput[m[K’ to ‘[01m[Kconst void*[m[K’
[1.445s]    89 |                 [01;31m[K*static_cast<const InputType*>(input)[m[K); }                      \
[1.445s]       |                 [01;31m[K^~~~~~~~~~~~~~~~~~~~~~~~~~~~~~~~~~~~~[m[K
[1.445s]       |                 [01;31m[K|[m[K
[1.445s]       |                 [01;31m[Kconst PointInput[m[K
[1.445s] [01m[K/workspace/src/acre_ctrl/src/algo/spin_sample.cpp:13:1:[m[K [01;36m[Knote: [m[Kin expansion of macro ‘[01m[KREGISTER_ALGORITHM[m[K’
[1.446s]    13 | [01;36m[KREGISTER_ALGORITHM[m[K(SpinSample, PointInput)
[1.446s]       | [01;36m[K^~~~~~~~~~~~~~~~~~[m[K
[1.446s] [01m[K/workspace/src/acre_ctrl/src/algo/spin_sample.cpp:8:39:[m[K [01;36m[Knote: [m[K  initializing argument 1 of ‘[01m[Kvirtual ControlOutput SpinSample::compute(const void*)[m[K’
[1.446s]     8 |     ControlOutput compute([01;36m[Kconst void* raw[m[K) override {
[1.446s]       |                           [01;36m[K~~~~~~~~~~~~^~~[m[K
[1.464s] [ 77%] Built target acre_ctrl__rosidl_generator_py
[1.478s] gmake[2]: *** [CMakeFiles/spin_sample.dir/build.make:76: CMakeFiles/spin_sample.dir/src/algo/spin_sample.cpp.o] Error 1
[1.479s] gmake[1]: *** [CMakeFiles/Makefile2:673: CMakeFiles/spin_sample.dir/all] Error 2
[1.479s] gmake[1]: *** Waiting for unfinished jobs....
[1.487s] [ 85%] [32mBuilding C object CMakeFiles/acre_ctrl__rosidl_typesupport_fastrtps_c__pyext.dir/rosidl_generator_py/acre_ctrl/_acre_ctrl_s.ep.rosidl_typesupport_fastrtps_c.c.o[0m
[1.487s] [ 85%] [32mBuilding C object CMakeFiles/acre_ctrl__rosidl_typesupport_introspection_c__pyext.dir/rosidl_generator_py/acre_ctrl/_acre_ctrl_s.ep.rosidl_typesupport_introspection_c.c.o[0m
[1.487s] [ 85%] [32mBuilding C object CMakeFiles/acre_ctrl__rosidl_typesupport_c__pyext.dir/rosidl_generator_py/acre_ctrl/_acre_ctrl_s.ep.rosidl_typesupport_c.c.o[0m
[1.575s] [ 90%] [32m[1mLinking C shared library rosidl_generator_py/acre_ctrl/acre_ctrl_s__rosidl_typesupport_c.cpython-310-x86_64-linux-gnu.so[0m
[1.576s] [ 90%] [32m[1mLinking C shared library rosidl_generator_py/acre_ctrl/acre_ctrl_s__rosidl_typesupport_introspection_c.cpython-310-x86_64-linux-gnu.so[0m
[1.584s] [ 92%] [32m[1mLinking C shared library rosidl_generator_py/acre_ctrl/acre_ctrl_s__rosidl_typesupport_fastrtps_c.cpython-310-x86_64-linux-gnu.so[0m
[1.611s] [ 92%] Built target acre_ctrl__rosidl_typesupport_introspection_c__pyext
[1.612s] [ 92%] Built target acre_ctrl__rosidl_typesupport_c__pyext
[1.622s] [ 92%] Built target acre_ctrl__rosidl_typesupport_fastrtps_c__pyext
[1.650s] In file included from [01m[K/workspace/src/acre_ctrl/src/common/sportmode_driver.cpp:10[m[K:
[1.650s] [01m[K/workspace/src/acre_ctrl/include/acre_ctrl/common/ros2_sport_client.hpp:9:10:[m[K [01;31m[Kfatal error: [m[Knlohmann/json.hpp: No such file or directory
[1.650s]     9 | #include [01;31m[K"nlohmann/json.hpp"[m[K
[1.650s]       |          [01;31m[K^~~~~~~~~~~~~~~~~~~[m[K
[1.650s] compilation terminated.
[1.654s] [01m[K/workspace/src/acre_ctrl/src/ctrl/point_control_node.cpp:8:10:[m[K [01;31m[Kfatal error: [m[Kcommon/algorithm_runner.hpp: No such file or directory
[1.654s]     8 | #include [01;31m[K"common/algorithm_runner.hpp"[m[K
[1.654s]       |          [01;31m[K^~~~~~~~~~~~~~~~~~~~~~~~~~~~~[m[K
[1.654s] compilation terminated.
[1.654s] gmake[2]: *** [CMakeFiles/sportmode_driver.dir/build.make:76: CMakeFiles/sportmode_driver.dir/src/common/sportmode_driver.cpp.o] Error 1
[1.654s] gmake[1]: *** [CMakeFiles/Makefile2:617: CMakeFiles/sportmode_driver.dir/all] Error 2
[1.658s] gmake[2]: *** [CMakeFiles/point_control_node.dir/build.make:76: CMakeFiles/point_control_node.dir/src/ctrl/point_control_node.cpp.o] Error 1
[1.658s] gmake[1]: *** [CMakeFiles/Makefile2:645: CMakeFiles/point_control_node.dir/all] Error 2
[1.658s] gmake: *** [Makefile:146: all] Error 2
[1.661s] Invoked command in '/workspace/build/acre_ctrl' returned '2': CMAKE_PREFIX_PATH=${CMAKE_PREFIX_PATH}:/opt/ros/humble /usr/bin/cmake --build /workspace/build/acre_ctrl -- -j16 -l16
