[0.023s] Invoking command in '/workspace/build/acre_ctrl': CMAKE_PREFIX_PATH=${CMAKE_PREFIX_PATH}:/opt/ros/humble /usr/bin/cmake --build /workspace/build/acre_ctrl -- -j16 -l16
[0.128s] [  2%] Built target acre_ctrl__cpp
[0.128s] [  5%] Built target acre_ctrl__rs
[0.129s] [ 12%] Built target acre_ctrl__rosidl_generator_c
[0.146s] [ 12%] Built target ament_cmake_python_copy_acre_ctrl
[0.170s] [ 42%] Built target acre_ctrl__rosidl_typesupport_cpp
[0.170s] [ 42%] Built target acre_ctrl__rosidl_typesupport_introspection_c
[0.171s] [ 42%] Built target acre_ctrl__rosidl_typesupport_introspection_cpp
[0.171s] [ 42%] Built target acre_ctrl__rosidl_typesupport_c
[0.171s] [ 50%] Built target acre_ctrl__rosidl_typesupport_fastrtps_c
[0.172s] [ 57%] Built target acre_ctrl__rosidl_typesupport_fastrtps_cpp
[0.215s] [ 57%] Built target acre_ctrl
[0.256s] [ 60%] Built target acre_ctrl__py
[0.259s] [ 65%] Built target spin_sample
[0.270s] [ 70%] [32mBuilding CXX object CMakeFiles/point_control_node.dir/src/ctrl/point_control_node.cpp.o[0m
[0.270s] [ 75%] Built target sportmode_driver
[0.300s] [ 80%] Built target acre_ctrl__rosidl_generator_py
[0.344s] [ 90%] Built target acre_ctrl__rosidl_typesupport_c__pyext
[0.344s] [ 90%] Built target acre_ctrl__rosidl_typesupport_fastrtps_c__pyext
[0.344s] [ 95%] Built target acre_ctrl__rosidl_typesupport_introspection_c__pyext
[0.502s] running egg_info
[0.503s] writing acre_ctrl.egg-info/PKG-INFO
[0.504s] writing dependency_links to acre_ctrl.egg-info/dependency_links.txt
[0.504s] writing top-level names to acre_ctrl.egg-info/top_level.txt
[0.508s] reading manifest file 'acre_ctrl.egg-info/SOURCES.txt'
[0.509s] writing manifest file 'acre_ctrl.egg-info/SOURCES.txt'
[0.550s] [ 95%] Built target ament_cmake_python_build_acre_ctrl_egg
[0.960s] In file included from [01m[K/workspace/src/acre_ctrl/include/acre_ctrl/algo/algorithm_runner.hpp:2[m[K,
[0.960s]                  from [01m[K/workspace/src/acre_ctrl/src/ctrl/point_control_node.cpp:8[m[K:
[0.960s] [01m[K/workspace/src/acre_ctrl/include/acre_ctrl/algo/algorithm_base.hpp:79:83:[m[K [01;35m[Kwarning: [m[Kbackslash-newline at end of file
[0.960s]    79 | #define REGISTER_ALGORITHM(ClassName, InputType)                                  \
[0.960s]       |                                                                                    
[3.751s] In file included from [01m[K/workspace/src/acre_ctrl/src/ctrl/point_control_node.cpp:8[m[K:
[3.752s] [01m[K/workspace/src/acre_ctrl/include/acre_ctrl/algo/algorithm_runner.hpp:[m[K In member function ‘[01m[Kvoid AlgorithmRunner::load_python(const string&)[m[K’:
[3.752s] [01m[K/workspace/src/acre_ctrl/include/acre_ctrl/algo/algorithm_runner.hpp:62:41:[m[K [01;35m[Kwarning: [m[Kunused parameter ‘[01m[Kpath[m[K’ [[01;35m[K-Wunused-parameter[m[K]
[3.752s]    62 |     void load_python([01;35m[Kconst std::string& path[m[K) {
[3.752s]       |                      [01;35m[K~~~~~~~~~~~~~~~~~~~^~~~[m[K
[11.843s] [ 97%] [32m[1mLinking CXX executable point_control_node[0m
[12.536s] [100%] Built target point_control_node
[12.549s] Invoked command in '/workspace/build/acre_ctrl' returned '0': CMAKE_PREFIX_PATH=${CMAKE_PREFIX_PATH}:/opt/ros/humble /usr/bin/cmake --build /workspace/build/acre_ctrl -- -j16 -l16
[12.562s] Invoking command in '/workspace/build/acre_ctrl': CMAKE_PREFIX_PATH=${CMAKE_PREFIX_PATH}:/opt/ros/humble /usr/bin/cmake --install /workspace/build/acre_ctrl
[12.571s] -- Install configuration: ""
[12.571s] -- Up-to-date: /workspace/install/acre_ctrl/share/ament_index/resource_index/rosidl_interfaces/acre_ctrl
[12.571s] -- Up-to-date: /workspace/install/acre_ctrl/include/acre_ctrl/acre_ctrl
[12.572s] -- Up-to-date: /workspace/install/acre_ctrl/include/acre_ctrl/acre_ctrl/msg
[12.572s] -- Up-to-date: /workspace/install/acre_ctrl/include/acre_ctrl/acre_ctrl/msg/rosidl_generator_c__visibility_control.h
[12.572s] -- Up-to-date: /workspace/install/acre_ctrl/include/acre_ctrl/acre_ctrl/srv
[12.572s] -- Up-to-date: /workspace/install/acre_ctrl/include/acre_ctrl/acre_ctrl/srv/go2_start_sequence.h
[12.572s] -- Up-to-date: /workspace/install/acre_ctrl/include/acre_ctrl/acre_ctrl/srv/detail
[12.572s] -- Up-to-date: /workspace/install/acre_ctrl/include/acre_ctrl/acre_ctrl/srv/detail/go2_start_sequence__functions.c
[12.572s] -- Up-to-date: /workspace/install/acre_ctrl/include/acre_ctrl/acre_ctrl/srv/detail/go2_start_sequence__functions.h
[12.572s] -- Up-to-date: /workspace/install/acre_ctrl/include/acre_ctrl/acre_ctrl/srv/detail/go2_start_sequence__struct.h
[12.572s] -- Up-to-date: /workspace/install/acre_ctrl/include/acre_ctrl/acre_ctrl/srv/detail/go2_start_sequence__type_support.h
[12.572s] -- Up-to-date: /workspace/install/acre_ctrl/share/acre_ctrl/environment/library_path.sh
[12.572s] -- Up-to-date: /workspace/install/acre_ctrl/share/acre_ctrl/environment/library_path.dsv
[12.572s] -- Up-to-date: /workspace/install/acre_ctrl/lib/libacre_ctrl__rosidl_generator_c.so
[12.572s] -- Up-to-date: /workspace/install/acre_ctrl/include/acre_ctrl/acre_ctrl
[12.573s] -- Up-to-date: /workspace/install/acre_ctrl/include/acre_ctrl/acre_ctrl/msg
[12.573s] -- Up-to-date: /workspace/install/acre_ctrl/include/acre_ctrl/acre_ctrl/msg/rosidl_typesupport_fastrtps_c__visibility_control.h
[12.573s] -- Up-to-date: /workspace/install/acre_ctrl/include/acre_ctrl/acre_ctrl/srv
[12.573s] -- Up-to-date: /workspace/install/acre_ctrl/include/acre_ctrl/acre_ctrl/srv/detail
[12.573s] -- Up-to-date: /workspace/install/acre_ctrl/include/acre_ctrl/acre_ctrl/srv/detail/go2_start_sequence__rosidl_typesupport_fastrtps_c.h
[12.573s] -- Up-to-date: /workspace/install/acre_ctrl/lib/libacre_ctrl__rosidl_typesupport_fastrtps_c.so
[12.573s] -- Up-to-date: /workspace/install/acre_ctrl/include/acre_ctrl/acre_ctrl
[12.573s] -- Up-to-date: /workspace/install/acre_ctrl/include/acre_ctrl/acre_ctrl/msg
[12.573s] -- Up-to-date: /workspace/install/acre_ctrl/include/acre_ctrl/acre_ctrl/msg/rosidl_generator_cpp__visibility_control.hpp
[12.573s] -- Up-to-date: /workspace/install/acre_ctrl/include/acre_ctrl/acre_ctrl/srv
[12.573s] -- Up-to-date: /workspace/install/acre_ctrl/include/acre_ctrl/acre_ctrl/srv/go2_start_sequence.hpp
[12.573s] -- Up-to-date: /workspace/install/acre_ctrl/include/acre_ctrl/acre_ctrl/srv/detail
[12.573s] -- Up-to-date: /workspace/install/acre_ctrl/include/acre_ctrl/acre_ctrl/srv/detail/go2_start_sequence__builder.hpp
[12.573s] -- Up-to-date: /workspace/install/acre_ctrl/include/acre_ctrl/acre_ctrl/srv/detail/go2_start_sequence__struct.hpp
[12.573s] -- Up-to-date: /workspace/install/acre_ctrl/include/acre_ctrl/acre_ctrl/srv/detail/go2_start_sequence__traits.hpp
[12.573s] -- Up-to-date: /workspace/install/acre_ctrl/include/acre_ctrl/acre_ctrl/srv/detail/go2_start_sequence__type_support.hpp
[12.573s] -- Up-to-date: /workspace/install/acre_ctrl/include/acre_ctrl/acre_ctrl
[12.574s] -- Up-to-date: /workspace/install/acre_ctrl/include/acre_ctrl/acre_ctrl/msg
[12.574s] -- Up-to-date: /workspace/install/acre_ctrl/include/acre_ctrl/acre_ctrl/msg/rosidl_typesupport_fastrtps_cpp__visibility_control.h
[12.574s] -- Up-to-date: /workspace/install/acre_ctrl/include/acre_ctrl/acre_ctrl/srv
[12.574s] -- Up-to-date: /workspace/install/acre_ctrl/include/acre_ctrl/acre_ctrl/srv/detail
[12.574s] -- Up-to-date: /workspace/install/acre_ctrl/include/acre_ctrl/acre_ctrl/srv/detail/go2_start_sequence__rosidl_typesupport_fastrtps_cpp.hpp
[12.574s] -- Up-to-date: /workspace/install/acre_ctrl/include/acre_ctrl/acre_ctrl/srv/detail/dds_fastrtps
[12.574s] -- Up-to-date: /workspace/install/acre_ctrl/lib/libacre_ctrl__rosidl_typesupport_fastrtps_cpp.so
[12.574s] -- Up-to-date: /workspace/install/acre_ctrl/include/acre_ctrl/acre_ctrl
[12.574s] -- Up-to-date: /workspace/install/acre_ctrl/include/acre_ctrl/acre_ctrl/msg
[12.574s] -- Up-to-date: /workspace/install/acre_ctrl/include/acre_ctrl/acre_ctrl/msg/rosidl_typesupport_introspection_c__visibility_control.h
[12.574s] -- Up-to-date: /workspace/install/acre_ctrl/include/acre_ctrl/acre_ctrl/srv
[12.574s] -- Up-to-date: /workspace/install/acre_ctrl/include/acre_ctrl/acre_ctrl/srv/detail
[12.574s] -- Up-to-date: /workspace/install/acre_ctrl/include/acre_ctrl/acre_ctrl/srv/detail/go2_start_sequence__rosidl_typesupport_introspection_c.h
[12.574s] -- Up-to-date: /workspace/install/acre_ctrl/include/acre_ctrl/acre_ctrl/srv/detail/go2_start_sequence__type_support.c
[12.574s] -- Up-to-date: /workspace/install/acre_ctrl/lib/libacre_ctrl__rosidl_typesupport_introspection_c.so
[12.574s] -- Up-to-date: /workspace/install/acre_ctrl/lib/libacre_ctrl__rosidl_typesupport_c.so
[12.574s] -- Up-to-date: /workspace/install/acre_ctrl/include/acre_ctrl/acre_ctrl
[12.574s] -- Up-to-date: /workspace/install/acre_ctrl/include/acre_ctrl/acre_ctrl/srv
[12.575s] -- Up-to-date: /workspace/install/acre_ctrl/include/acre_ctrl/acre_ctrl/srv/detail
[12.575s] -- Up-to-date: /workspace/install/acre_ctrl/include/acre_ctrl/acre_ctrl/srv/detail/go2_start_sequence__rosidl_typesupport_introspection_cpp.hpp
[12.575s] -- Up-to-date: /workspace/install/acre_ctrl/include/acre_ctrl/acre_ctrl/srv/detail/go2_start_sequence__type_support.cpp
[12.575s] -- Up-to-date: /workspace/install/acre_ctrl/lib/libacre_ctrl__rosidl_typesupport_introspection_cpp.so
[12.575s] -- Up-to-date: /workspace/install/acre_ctrl/lib/libacre_ctrl__rosidl_typesupport_cpp.so
[12.575s] -- Up-to-date: /workspace/install/acre_ctrl/share/acre_ctrl/environment/pythonpath.sh
[12.575s] -- Up-to-date: /workspace/install/acre_ctrl/share/acre_ctrl/environment/pythonpath.dsv
[12.575s] -- Up-to-date: /workspace/install/acre_ctrl/local/lib/python3.10/dist-packages/acre_ctrl-0.0.0-py3.10.egg-info
[12.575s] -- Installing: /workspace/install/acre_ctrl/local/lib/python3.10/dist-packages/acre_ctrl-0.0.0-py3.10.egg-info/PKG-INFO
[12.575s] -- Installing: /workspace/install/acre_ctrl/local/lib/python3.10/dist-packages/acre_ctrl-0.0.0-py3.10.egg-info/dependency_links.txt
[12.575s] -- Installing: /workspace/install/acre_ctrl/local/lib/python3.10/dist-packages/acre_ctrl-0.0.0-py3.10.egg-info/top_level.txt
[12.575s] -- Installing: /workspace/install/acre_ctrl/local/lib/python3.10/dist-packages/acre_ctrl-0.0.0-py3.10.egg-info/SOURCES.txt
[12.575s] -- Up-to-date: /workspace/install/acre_ctrl/local/lib/python3.10/dist-packages/acre_ctrl
[12.575s] -- Up-to-date: /workspace/install/acre_ctrl/local/lib/python3.10/dist-packages/acre_ctrl/__init__.py
[12.575s] -- Up-to-date: /workspace/install/acre_ctrl/local/lib/python3.10/dist-packages/acre_ctrl/srv
[12.575s] -- Up-to-date: /workspace/install/acre_ctrl/local/lib/python3.10/dist-packages/acre_ctrl/srv/_go2_start_sequence.py
[12.576s] -- Up-to-date: /workspace/install/acre_ctrl/local/lib/python3.10/dist-packages/acre_ctrl/srv/_go2_start_sequence_s.c
[12.576s] -- Up-to-date: /workspace/install/acre_ctrl/local/lib/python3.10/dist-packages/acre_ctrl/srv/__init__.py
[12.576s] -- Up-to-date: /workspace/install/acre_ctrl/local/lib/python3.10/dist-packages/acre_ctrl/_acre_ctrl_s.ep.rosidl_typesupport_fastrtps_c.c
[12.576s] -- Up-to-date: /workspace/install/acre_ctrl/local/lib/python3.10/dist-packages/acre_ctrl/_acre_ctrl_s.ep.rosidl_typesupport_introspection_c.c
[12.576s] -- Up-to-date: /workspace/install/acre_ctrl/local/lib/python3.10/dist-packages/acre_ctrl/_acre_ctrl_s.ep.rosidl_typesupport_c.c
[12.576s] -- Up-to-date: /workspace/install/acre_ctrl/local/lib/python3.10/dist-packages/acre_ctrl/libacre_ctrl__rosidl_generator_py.so
[12.576s] -- Up-to-date: /workspace/install/acre_ctrl/local/lib/python3.10/dist-packages/acre_ctrl/acre_ctrl_s__rosidl_typesupport_introspection_c.cpython-310-x86_64-linux-gnu.so
[12.576s] -- Up-to-date: /workspace/install/acre_ctrl/local/lib/python3.10/dist-packages/acre_ctrl/acre_ctrl_s__rosidl_typesupport_c.cpython-310-x86_64-linux-gnu.so
[12.576s] -- Up-to-date: /workspace/install/acre_ctrl/local/lib/python3.10/dist-packages/acre_ctrl/acre_ctrl_s__rosidl_typesupport_fastrtps_c.cpython-310-x86_64-linux-gnu.so
[12.601s] Listing '/workspace/install/acre_ctrl/local/lib/python3.10/dist-packages/acre_ctrl'...
[12.602s] Listing '/workspace/install/acre_ctrl/local/lib/python3.10/dist-packages/acre_ctrl/srv'...
[12.605s] -- Up-to-date: /workspace/install/acre_ctrl/local/lib/python3.10/dist-packages/acre_ctrl/acre_ctrl_s__rosidl_typesupport_fastrtps_c.cpython-310-x86_64-linux-gnu.so
[12.606s] -- Up-to-date: /workspace/install/acre_ctrl/local/lib/python3.10/dist-packages/acre_ctrl/acre_ctrl_s__rosidl_typesupport_introspection_c.cpython-310-x86_64-linux-gnu.so
[12.606s] -- Up-to-date: /workspace/install/acre_ctrl/local/lib/python3.10/dist-packages/acre_ctrl/acre_ctrl_s__rosidl_typesupport_c.cpython-310-x86_64-linux-gnu.so
[12.606s] -- Up-to-date: /workspace/install/acre_ctrl/lib/libacre_ctrl__rosidl_generator_py.so
[12.606s] -- Up-to-date: /workspace/install/acre_ctrl/share/ament_index/resource_index/rust_packages/acre_ctrl
[12.606s] -- Up-to-date: /workspace/install/acre_ctrl/share/acre_ctrl/rust
[12.607s] -- Up-to-date: /workspace/install/acre_ctrl/share/acre_ctrl/rust/src
[12.607s] -- Up-to-date: /workspace/install/acre_ctrl/share/acre_ctrl/rust/src/srv.rs
[12.607s] -- Up-to-date: /workspace/install/acre_ctrl/share/acre_ctrl/rust/src/srv
[12.607s] -- Up-to-date: /workspace/install/acre_ctrl/share/acre_ctrl/rust/src/srv/rmw.rs
[12.607s] -- Up-to-date: /workspace/install/acre_ctrl/share/acre_ctrl/rust/src/lib.rs
[12.607s] -- Up-to-date: /workspace/install/acre_ctrl/share/acre_ctrl/rust/Cargo.toml
[12.607s] -- Up-to-date: /workspace/install/acre_ctrl/share/acre_ctrl/rust/build.rs
[12.607s] -- Up-to-date: /workspace/install/acre_ctrl/share/acre_ctrl/srv/Go2StartSequence.idl
[12.607s] -- Up-to-date: /workspace/install/acre_ctrl/share/acre_ctrl/srv/Go2StartSequence.srv
[12.607s] -- Up-to-date: /workspace/install/acre_ctrl/share/acre_ctrl/srv/Go2StartSequence_Request.msg
[12.607s] -- Up-to-date: /workspace/install/acre_ctrl/share/acre_ctrl/srv/Go2StartSequence_Response.msg
[12.607s] -- Up-to-date: /workspace/install/acre_ctrl/lib/acre_ctrl/sportmode_driver
[12.607s] -- Installing: /workspace/install/acre_ctrl/lib/acre_ctrl/point_control_node
[12.620s] -- Set runtime path of "/workspace/install/acre_ctrl/lib/acre_ctrl/point_control_node" to ""
[12.621s] -- Up-to-date: /workspace/install/acre_ctrl/lib/acre_ctrl/libspin_sample.so
[12.621s] -- Up-to-date: /workspace/install/acre_ctrl/share/ament_index/resource_index/package_run_dependencies/acre_ctrl
[12.621s] -- Up-to-date: /workspace/install/acre_ctrl/share/ament_index/resource_index/parent_prefix_path/acre_ctrl
[12.621s] -- Up-to-date: /workspace/install/acre_ctrl/share/acre_ctrl/environment/ament_prefix_path.sh
[12.621s] -- Up-to-date: /workspace/install/acre_ctrl/share/acre_ctrl/environment/ament_prefix_path.dsv
[12.621s] -- Up-to-date: /workspace/install/acre_ctrl/share/acre_ctrl/environment/path.sh
[12.621s] -- Up-to-date: /workspace/install/acre_ctrl/share/acre_ctrl/environment/path.dsv
[12.621s] -- Up-to-date: /workspace/install/acre_ctrl/share/acre_ctrl/local_setup.bash
[12.621s] -- Up-to-date: /workspace/install/acre_ctrl/share/acre_ctrl/local_setup.sh
[12.621s] -- Up-to-date: /workspace/install/acre_ctrl/share/acre_ctrl/local_setup.zsh
[12.621s] -- Up-to-date: /workspace/install/acre_ctrl/share/acre_ctrl/local_setup.dsv
[12.622s] -- Installing: /workspace/install/acre_ctrl/share/acre_ctrl/package.dsv
[12.622s] -- Up-to-date: /workspace/install/acre_ctrl/share/ament_index/resource_index/packages/acre_ctrl
[12.622s] -- Up-to-date: /workspace/install/acre_ctrl/share/acre_ctrl/cmake/export_acre_ctrl__rosidl_generator_cExport.cmake
[12.622s] -- Up-to-date: /workspace/install/acre_ctrl/share/acre_ctrl/cmake/export_acre_ctrl__rosidl_generator_cExport-noconfig.cmake
[12.622s] -- Up-to-date: /workspace/install/acre_ctrl/share/acre_ctrl/cmake/export_acre_ctrl__rosidl_typesupport_fastrtps_cExport.cmake
[12.622s] -- Up-to-date: /workspace/install/acre_ctrl/share/acre_ctrl/cmake/export_acre_ctrl__rosidl_typesupport_fastrtps_cExport-noconfig.cmake
[12.622s] -- Up-to-date: /workspace/install/acre_ctrl/share/acre_ctrl/cmake/export_acre_ctrl__rosidl_generator_cppExport.cmake
[12.622s] -- Up-to-date: /workspace/install/acre_ctrl/share/acre_ctrl/cmake/export_acre_ctrl__rosidl_typesupport_fastrtps_cppExport.cmake
[12.622s] -- Up-to-date: /workspace/install/acre_ctrl/share/acre_ctrl/cmake/export_acre_ctrl__rosidl_typesupport_fastrtps_cppExport-noconfig.cmake
[12.622s] -- Up-to-date: /workspace/install/acre_ctrl/share/acre_ctrl/cmake/acre_ctrl__rosidl_typesupport_introspection_cExport.cmake
[12.622s] -- Up-to-date: /workspace/install/acre_ctrl/share/acre_ctrl/cmake/acre_ctrl__rosidl_typesupport_introspection_cExport-noconfig.cmake
[12.622s] -- Up-to-date: /workspace/install/acre_ctrl/share/acre_ctrl/cmake/acre_ctrl__rosidl_typesupport_cExport.cmake
[12.622s] -- Up-to-date: /workspace/install/acre_ctrl/share/acre_ctrl/cmake/acre_ctrl__rosidl_typesupport_cExport-noconfig.cmake
[12.622s] -- Up-to-date: /workspace/install/acre_ctrl/share/acre_ctrl/cmake/acre_ctrl__rosidl_typesupport_introspection_cppExport.cmake
[12.622s] -- Up-to-date: /workspace/install/acre_ctrl/share/acre_ctrl/cmake/acre_ctrl__rosidl_typesupport_introspection_cppExport-noconfig.cmake
[12.623s] -- Up-to-date: /workspace/install/acre_ctrl/share/acre_ctrl/cmake/acre_ctrl__rosidl_typesupport_cppExport.cmake
[12.623s] -- Up-to-date: /workspace/install/acre_ctrl/share/acre_ctrl/cmake/acre_ctrl__rosidl_typesupport_cppExport-noconfig.cmake
[12.623s] -- Up-to-date: /workspace/install/acre_ctrl/share/acre_ctrl/cmake/export_acre_ctrl__rosidl_generator_pyExport.cmake
[12.623s] -- Up-to-date: /workspace/install/acre_ctrl/share/acre_ctrl/cmake/export_acre_ctrl__rosidl_generator_pyExport-noconfig.cmake
[12.623s] -- Up-to-date: /workspace/install/acre_ctrl/share/acre_ctrl/cmake/rosidl_cmake-extras.cmake
[12.623s] -- Up-to-date: /workspace/install/acre_ctrl/share/acre_ctrl/cmake/ament_cmake_export_include_directories-extras.cmake
[12.623s] -- Up-to-date: /workspace/install/acre_ctrl/share/acre_ctrl/cmake/ament_cmake_export_libraries-extras.cmake
[12.623s] -- Up-to-date: /workspace/install/acre_ctrl/share/acre_ctrl/cmake/ament_cmake_export_targets-extras.cmake
[12.623s] -- Up-to-date: /workspace/install/acre_ctrl/share/acre_ctrl/cmake/rosidl_cmake_export_typesupport_targets-extras.cmake
[12.623s] -- Up-to-date: /workspace/install/acre_ctrl/share/acre_ctrl/cmake/ament_cmake_export_dependencies-extras.cmake
[12.623s] -- Up-to-date: /workspace/install/acre_ctrl/share/acre_ctrl/cmake/rosidl_cmake_export_typesupport_libraries-extras.cmake
[12.623s] -- Up-to-date: /workspace/install/acre_ctrl/share/acre_ctrl/cmake/acre_ctrlConfig.cmake
[12.623s] -- Up-to-date: /workspace/install/acre_ctrl/share/acre_ctrl/cmake/acre_ctrlConfig-version.cmake
[12.623s] -- Up-to-date: /workspace/install/acre_ctrl/share/acre_ctrl/package.xml
[12.626s] Invoked command in '/workspace/build/acre_ctrl' returned '0': CMAKE_PREFIX_PATH=${CMAKE_PREFIX_PATH}:/opt/ros/humble /usr/bin/cmake --install /workspace/build/acre_ctrl
